10.0621 	EXP 	Created window1 = Window(allowGUI=False, allowStencil=False, autoLog=True, bitsMode=UNKNOWN, blendMode='avg', color='black', colorSpace='named', fullscr=UNKNOWN, gamma=None, lms=UNKNOWN, monitor=<psychopy.monitors.calibTools.Monitor object at 0x1160aded0>, multiSample=False, name='window1', numSamples=2, pos=[0, 0], screen=0, size=array([1440,  900]), stereo=False, units=u'norm', useFBO=True, useRetina=False, viewOri=0.0, viewPos=None, viewScale=None, waitBlanking=True, winType='pyglet')
10.0622 	EXP 	window1: recordFrameIntervals = False
10.2278 	EXP 	window1: recordFrameIntervals = True
10.4119 	EXP 	window1: recordFrameIntervals = False
10.5400 	EXP 	Created InstrText = TextStim(alignHoriz='center', alignVert='center', antialias=True, autoLog=True, bold=False, color='white', colorSpace='named', contrast=1.0, depth=0.0, flipHoriz=False, flipVert=False, font='Arial', fontFiles=[], height=0.1, italic=False, name='InstrText', opacity=1.0, ori=0, pos=array([ 0.,  0.]), rgb=array([ 255.,  255.,  255.]), text=unicode(...), units=u'norm', win=Window(...), wrapWidth=1.5)
10.5626 	EXP 	Created text_3 = TextStim(alignHoriz='center', alignVert='center', antialias=True, autoLog=True, bold=False, color='white', colorSpace='named', contrast=1.0, depth=0.0, flipHoriz=False, flipVert=False, font='Arial', fontFiles=[], height=0.07, italic=False, name='text_3', opacity=1.0, ori=0, pos=array([ 0. ,  0.5]), rgb=array([ 255.,  255.,  255.]), text=unicode(...), units=u'norm', win=Window(...), wrapWidth=2.0)
10.5658 	EXP 	Created scalePic = ImageStim(autoLog=True, color=array([ 1.,  1.,  1.]), colorSpace='rgb', contrast=1.0, depth=-1.0, flipHoriz=False, flipVert=False, image='sin', interpolate=True, mask=None, maskParams=None, name='scalePic', opacity=1.0, ori=0.0, pos=array([  0., -75.]), size=array([ 506.,  582.]), texRes=128, units='pix', win=Window(...))
10.5782 	EXP 	Created moreDirections = TextStim(alignHoriz='center', alignVert='center', antialias=True, autoLog=True, bold=False, color='white', colorSpace='named', contrast=1.0, depth=-2.0, flipHoriz=False, flipVert=False, font='Arial', fontFiles=[], height=0.07, italic=False, name='moreDirections', opacity=1.0, ori=0, pos=array([-0.7,  0.5]), rgb=array([ 255.,  255.,  255.]), text=unicode(...), units=u'norm', win=Window(...), wrapWidth=1.7)
10.5825 	EXP 	Created text_17 = TextStim(alignHoriz='center', alignVert='center', antialias=True, autoLog=True, bold=False, color='white', colorSpace='named', contrast=1.0, depth=-3.0, flipHoriz=False, flipVert=False, font='Arial', fontFiles=[], height=0.2, italic=False, name='text_17', opacity=1.0, ori=0, pos=array([-0.7,  0. ]), rgb=array([ 255.,  255.,  255.]), text=u'Yes', units=u'norm', win=Window(...), wrapWidth=1)
10.5895 	EXP 	Created text_37 = TextStim(alignHoriz='center', alignVert='center', antialias=True, autoLog=True, bold=False, color='white', colorSpace='named', contrast=1.0, depth=-4.0, flipHoriz=False, flipVert=False, font='Arial', fontFiles=[], height=0.06, italic=False, name='text_37', opacity=1.0, ori=0, pos=array([-0.7, -0.2]), rgb=array([ 255.,  255.,  255.]), text=u'(Your guess)', units=u'norm', win=Window(...), wrapWidth=1)
10.5969 	EXP 	Created text_15 = TextStim(alignHoriz='center', alignVert='center', antialias=True, autoLog=True, bold=False, color='white', colorSpace='named', contrast=1.0, depth=-5.0, flipHoriz=False, flipVert=False, font='Arial', fontFiles=[], height=0.07, italic=False, name='text_15', opacity=1.0, ori=0, pos=array([ 0.7,  0.5]), rgb=array([ 255.,  255.,  255.]), text=unicode(...), units=u'norm', win=Window(...), wrapWidth=1)
10.5995 	EXP 	Created text_18 = TextStim(alignHoriz='center', alignVert='center', antialias=True, autoLog=True, bold=False, color='white', colorSpace='named', contrast=1.0, depth=-6.0, flipHoriz=False, flipVert=False, font='Arial', fontFiles=[], height=0.2, italic=False, name='text_18', opacity=1.0, ori=0, pos=array([ 0.7,  0. ]), rgb=array([ 255.,  255.,  255.]), text=u'Yes', units=u'norm', win=Window(...), wrapWidth=1)
10.6059 	EXP 	Created text_38 = TextStim(alignHoriz='center', alignVert='center', antialias=True, autoLog=True, bold=False, color='white', colorSpace='named', contrast=1.0, depth=-7.0, flipHoriz=False, flipVert=False, font='Arial', fontFiles=[], height=0.06, italic=False, name='text_38', opacity=1.0, ori=0, pos=array([ 0.7, -0.2]), rgb=array([ 255.,  255.,  255.]), text=u'(What they said)', units=u'norm', win=Window(...), wrapWidth=1)
10.6174 	EXP 	Created text_23 = TextStim(alignHoriz='center', alignVert='center', antialias=True, autoLog=True, bold=False, color='white', colorSpace='named', contrast=1.0, depth=-9.0, flipHoriz=False, flipVert=False, font='Arial', fontFiles=[], height=0.1, italic=False, name='text_23', opacity=1.0, ori=0, pos=array([ 0.,  0.]), rgb=array([ 255.,  255.,  255.]), text=unicode(...), units=u'norm', win=Window(...), wrapWidth=1.5)
10.6269 	EXP 	Created text_31 = TextStim(alignHoriz='center', alignVert='center', antialias=True, autoLog=True, bold=False, color='white', colorSpace='named', contrast=1.0, depth=0.0, flipHoriz=False, flipVert=False, font='Arial', fontFiles=[], height=0.1, italic=False, name='text_31', opacity=1.0, ori=0, pos=array([ 0.,  0.]), rgb=array([ 255.,  255.,  255.]), text=unicode(...), units=u'norm', win=Window(...), wrapWidth=1)
10.6290 	EXP 	Created peerPhotoCue = ImageStim(autoLog=True, color=array([ 1.,  1.,  1.]), colorSpace='rgb', contrast=1.0, depth=0.0, flipHoriz=False, flipVert=False, image='sin', interpolate=True, mask=None, maskParams=None, name='peerPhotoCue', opacity=1.0, ori=0.0, pos=array([ 0.,  0.]), size=array([ 676.,  777.]), texRes=128, units='pix', win=Window(...))
10.6359 	EXP 	Created PredictText = TextStim(alignHoriz='center', alignVert='center', antialias=True, autoLog=True, bold=False, color='white', colorSpace='named', contrast=1.0, depth=-3.0, flipHoriz=False, flipVert=False, font='Arial', fontFiles=[], height=0.2, italic=False, name='PredictText', opacity=1.0, ori=0, pos=array([-0.7,  0. ]), rgb=array([ 255.,  255.,  255.]), text=u'default text', units=u'norm', win=Window(...), wrapWidth=1)
10.6412 	EXP 	Created text_41 = TextStim(alignHoriz='center', alignVert='center', antialias=True, autoLog=True, bold=False, color='white', colorSpace='named', contrast=1.0, depth=-4.0, flipHoriz=False, flipVert=False, font='Arial', fontFiles=[], height=0.07, italic=False, name='text_41', opacity=1.0, ori=0, pos=array([-0.7, -0.2]), rgb=array([ 255.,  255.,  255.]), text=u'(Make a guess)', units=u'norm', win=Window(...), wrapWidth=1)
10.6472 	EXP 	Created slowText = TextStim(alignHoriz='center', alignVert='center', antialias=True, autoLog=True, bold=False, color='white', colorSpace='named', contrast=1.0, depth=0.0, flipHoriz=False, flipVert=False, font='Arial', fontFiles=[], height=0.2, italic=False, name='slowText', opacity=1.0, ori=0, pos=array([ 0.,  0.]), rgb=array([ 255.,  255.,  255.]), text=u'Too Slow!', units=u'norm', win=Window(...), wrapWidth=1)
10.6490 	EXP 	Created motivePhoto = ImageStim(autoLog=True, color=array([ 1.,  1.,  1.]), colorSpace='rgb', contrast=1.0, depth=0.0, flipHoriz=False, flipVert=False, image='sin', interpolate=True, mask=None, maskParams=None, name='motivePhoto', opacity=1.0, ori=0.0, pos=array([ 0.,  0.]), size=array([ 676.,  777.]), texRes=128, units='pix', win=Window(...))
10.6528 	EXP 	Created motiveText = TextStim(alignHoriz='center', alignVert='center', antialias=True, autoLog=True, bold=False, color='white', colorSpace='named', contrast=1.0, depth=-1.0, flipHoriz=False, flipVert=False, font='Arial', fontFiles=[], height=0.2, italic=False, name='motiveText', opacity=1.0, ori=0, pos=array([-0.7,  0. ]), rgb=array([ 255.,  255.,  255.]), text=u'default text', units=u'norm', win=Window(...), wrapWidth=1)
10.6545 	EXP 	Created PeerPhotoFeedback = ImageStim(autoLog=True, color=array([ 1.,  1.,  1.]), colorSpace='rgb', contrast=1.0, depth=0.0, flipHoriz=False, flipVert=False, image='sin', interpolate=True, mask=None, maskParams=None, name='PeerPhotoFeedback', opacity=1.0, ori=0.0, pos=array([ 0.,  0.]), size=array([ 1.,  1.]), texRes=128, units='pix', win=Window(...))
10.6585 	EXP 	Created peerEval = TextStim(alignHoriz='center', alignVert='center', antialias=True, autoLog=True, bold=False, color='white', colorSpace='named', contrast=1.0, depth=-1.0, flipHoriz=False, flipVert=False, font='Arial', fontFiles=[], height=0.2, italic=False, name='peerEval', opacity=1.0, ori=0, pos=array([ 0.7,  0. ]), rgb=array([ 255.,  255.,  255.]), text=u'default text', units=u'norm', win=Window(...), wrapWidth=1)
10.6623 	EXP 	Created predictText = TextStim(alignHoriz='center', alignVert='center', antialias=True, autoLog=True, bold=False, color='white', colorSpace='named', contrast=1.0, depth=-2.0, flipHoriz=False, flipVert=False, font='Arial', fontFiles=[], height=0.2, italic=False, name='predictText', opacity=1.0, ori=0, pos=array([-0.7,  0. ]), rgb=array([ 255.,  255.,  255.]), text=u'default text', units=u'norm', win=Window(...), wrapWidth=1)
10.6666 	EXP 	Created fix = TextStim(alignHoriz='center', alignVert='center', antialias=True, autoLog=True, bold=False, color='white', colorSpace='named', contrast=1.0, depth=0.0, flipHoriz=False, flipVert=False, font='Arial', fontFiles=[], height=0.3, italic=False, name='fix', opacity=1.0, ori=0, pos=array([ 0.,  0.]), rgb=array([ 255.,  255.,  255.]), text=u'+', units=u'norm', win=Window(...), wrapWidth=1)
10.7095 	EXP 	Created text_13 = TextStim(alignHoriz='center', alignVert='center', antialias=True, autoLog=True, bold=False, color='white', colorSpace='named', contrast=1.0, depth=0.0, flipHoriz=False, flipVert=False, font='Arial', fontFiles=[], height=0.1, italic=False, name='text_13', opacity=1.0, ori=0, pos=array([ 0.,  0.]), rgb=array([ 255.,  255.,  255.]), text=unicode(...), units=u'norm', win=Window(...), wrapWidth=1.7)
10.7115 	EXP 	Created CueMotivePic = ImageStim(autoLog=True, color=array([ 1.,  1.,  1.]), colorSpace='rgb', contrast=1.0, depth=0.0, flipHoriz=False, flipVert=False, image='sin', interpolate=True, mask=None, maskParams=None, name='CueMotivePic', opacity=1.0, ori=0.0, pos=array([ 0.,  0.]), size=array([ 676.,  777.]), texRes=128, units='pix', win=Window(...))
10.7159 	EXP 	Created PredText = TextStim(alignHoriz='center', alignVert='center', antialias=True, autoLog=True, bold=False, color='white', colorSpace='named', contrast=1.0, depth=-3.0, flipHoriz=False, flipVert=False, font='Arial', fontFiles=[], height=0.2, italic=False, name='PredText', opacity=1.0, ori=0, pos=array([-0.7,  0. ]), rgb=array([ 255.,  255.,  255.]), text=u'default text', units=u'norm', win=Window(...), wrapWidth=1)
10.7176 	EXP 	Created MotiveCue = ImageStim(autoLog=True, color=array([ 1.,  1.,  1.]), colorSpace='rgb', contrast=1.0, depth=0.0, flipHoriz=False, flipVert=False, image='sin', interpolate=True, mask=None, maskParams=None, name='MotiveCue', opacity=1.0, ori=0.0, pos=array([ 0.,  0.]), size=array([ 676.,  777.]), texRes=128, units='pix', win=Window(...))
10.7212 	EXP 	Created MotiveText2 = TextStim(alignHoriz='center', alignVert='center', antialias=True, autoLog=True, bold=False, color='white', colorSpace='named', contrast=1.0, depth=-1.0, flipHoriz=False, flipVert=False, font='Arial', fontFiles=[], height=0.2, italic=False, name='MotiveText2', opacity=1.0, ori=0, pos=array([-0.7,  0. ]), rgb=array([ 255.,  255.,  255.]), text=u'default text', units=u'norm', win=Window(...), wrapWidth=1)
10.7383 	EXP 	Created polygon = Polygon(autoDraw=False, autoLog=True, closeShape=True, contrast=1.0, depth=-2.0, fillColor=array([ 1.,  1.,  1.]), fillColorSpace='rgb', fillRGB=array([ 1.,  1.,  1.]), interpolate=True, lineColor=array([ 1.,  1.,  1.]), lineColorSpace='rgb', lineRGB=array([ 1.,  1.,  1.]), lineWidth=1, name='polygon', opacity=1.0, ori=array(0.0), pos=array([-0.7,  0. ]), size=array([ 0.25,  0.25]), units=u'norm', vertices=ndarray(...), win=Window(...))
10.7402 	EXP 	Created cueFdbk = ImageStim(autoLog=True, color=array([ 1.,  1.,  1.]), colorSpace='rgb', contrast=1.0, depth=0.0, flipHoriz=False, flipVert=False, image='sin', interpolate=True, mask=None, maskParams=None, name='cueFdbk', opacity=1.0, ori=0.0, pos=array([ 0.,  0.]), size=array([ 676.,  777.]), texRes=128, units='pix', win=Window(...))
10.7445 	EXP 	Created text_10 = TextStim(alignHoriz='center', alignVert='center', antialias=True, autoLog=True, bold=False, color='white', colorSpace='named', contrast=1.0, depth=-1.0, flipHoriz=False, flipVert=False, font='Arial', fontFiles=[], height=0.2, italic=False, name='text_10', opacity=1.0, ori=0, pos=array([-0.7,  0. ]), rgb=array([ 255.,  255.,  255.]), text=u'default text', units=u'norm', win=Window(...), wrapWidth=1)
10.7481 	EXP 	Created text_11 = TextStim(alignHoriz='center', alignVert='center', antialias=True, autoLog=True, bold=False, color='white', colorSpace='named', contrast=1.0, depth=-2.0, flipHoriz=False, flipVert=False, font='Arial', fontFiles=[], height=0.2, italic=False, name='text_11', opacity=1.0, ori=0, pos=array([ 0.7,  0. ]), rgb=array([ 255.,  255.,  255.]), text=u'default text', units=u'norm', win=Window(...), wrapWidth=1)
10.7525 	EXP 	Created polygon_3 = Polygon(autoDraw=False, autoLog=True, closeShape=True, contrast=1.0, depth=-3.0, fillColor=array([ 1.,  1.,  1.]), fillColorSpace='rgb', fillRGB=array([ 1.,  1.,  1.]), interpolate=True, lineColor=array([ 1.,  1.,  1.]), lineColorSpace='rgb', lineRGB=array([ 1.,  1.,  1.]), lineWidth=1, name='polygon_3', opacity=1.0, ori=array(0.0), pos=array([-0.7,  0. ]), size=array([ 1.,  1.]), units=u'norm', vertices=ndarray(...), win=Window(...))
10.7570 	EXP 	Created polygon_6 = Polygon(autoDraw=False, autoLog=True, closeShape=True, contrast=1.0, depth=-4.0, fillColor=array([ 1.,  1.,  1.]), fillColorSpace='rgb', fillRGB=array([ 1.,  1.,  1.]), interpolate=True, lineColor=array([ 1.,  1.,  1.]), lineColorSpace='rgb', lineRGB=array([ 1.,  1.,  1.]), lineWidth=1, name='polygon_6', opacity=1.0, ori=array(0.0), pos=array([ 0.,  0.]), size=array([ 1.,  1.]), units=u'norm', vertices=ndarray(...), win=Window(...))
10.7590 	EXP 	Created fix = TextStim(alignHoriz='center', alignVert='center', antialias=True, autoLog=True, bold=False, color='white', colorSpace='named', contrast=1.0, depth=0.0, flipHoriz=False, flipVert=False, font='Arial', fontFiles=[], height=0.3, italic=False, name='fix', opacity=1.0, ori=0, pos=array([ 0.,  0.]), rgb=array([ 255.,  255.,  255.]), text=u'+', units=u'norm', win=Window(...), wrapWidth=1)
10.7722 	EXP 	Created text_14 = TextStim(alignHoriz='center', alignVert='center', antialias=True, autoLog=True, bold=False, color='white', colorSpace='named', contrast=1.0, depth=0.0, flipHoriz=False, flipVert=False, font='Arial', fontFiles=[], height=0.1, italic=False, name='text_14', opacity=1.0, ori=0, pos=array([ 0.,  0.]), rgb=array([ 255.,  255.,  255.]), text=unicode(...), units=u'norm', win=Window(...), wrapWidth=1.5)
10.7771 	EXP 	window1: blendMode = 'avg'
10.7923 	EXP 	InstrText: autoDraw = True
10.7947 	EXP 	window1: blendMode = 'avg'
10.8118 	EXP 	window1: blendMode = 'avg'
10.8291 	EXP 	window1: blendMode = 'avg'
10.8428 	EXP 	window1: blendMode = 'avg'
10.8612 	EXP 	window1: blendMode = 'avg'
10.8776 	EXP 	window1: blendMode = 'avg'
10.8956 	EXP 	window1: blendMode = 'avg'
10.9122 	EXP 	window1: blendMode = 'avg'
10.9298 	EXP 	window1: blendMode = 'avg'
10.9455 	EXP 	window1: blendMode = 'avg'
10.9600 	EXP 	window1: blendMode = 'avg'
10.9775 	EXP 	window1: blendMode = 'avg'
10.9959 	EXP 	window1: blendMode = 'avg'
11.0124 	EXP 	window1: blendMode = 'avg'
11.0288 	EXP 	window1: blendMode = 'avg'
11.0464 	EXP 	window1: blendMode = 'avg'
11.0608 	EXP 	window1: blendMode = 'avg'
11.0791 	EXP 	window1: blendMode = 'avg'
11.0962 	EXP 	window1: blendMode = 'avg'
11.1107 	EXP 	window1: blendMode = 'avg'
11.1300 	EXP 	window1: blendMode = 'avg'
11.1458 	EXP 	window1: blendMode = 'avg'
11.1625 	DATA 	Mouse: wheel shift=(0,0), pos=(463,575)
11.1634 	EXP 	window1: blendMode = 'avg'
11.1644 	DATA 	Mouse: wheel shift=(0,0), pos=(463,575)
11.1775 	EXP 	window1: blendMode = 'avg'
11.1965 	EXP 	window1: blendMode = 'avg'
11.2121 	EXP 	window1: blendMode = 'avg'
11.2278 	EXP 	window1: blendMode = 'avg'
11.2462 	EXP 	window1: blendMode = 'avg'
11.2626 	EXP 	window1: blendMode = 'avg'
11.2795 	EXP 	window1: blendMode = 'avg'
11.2952 	EXP 	window1: blendMode = 'avg'
11.3129 	EXP 	window1: blendMode = 'avg'
11.3281 	EXP 	window1: blendMode = 'avg'
11.3453 	EXP 	window1: blendMode = 'avg'
11.3603 	EXP 	window1: blendMode = 'avg'
11.3794 	EXP 	window1: blendMode = 'avg'
11.3955 	EXP 	window1: blendMode = 'avg'
11.4118 	EXP 	window1: blendMode = 'avg'
11.4290 	EXP 	window1: blendMode = 'avg'
11.4451 	EXP 	window1: blendMode = 'avg'
11.4611 	EXP 	window1: blendMode = 'avg'
11.4773 	EXP 	window1: blendMode = 'avg'
11.4960 	EXP 	window1: blendMode = 'avg'
11.5121 	EXP 	window1: blendMode = 'avg'
11.5292 	EXP 	window1: blendMode = 'avg'
11.5454 	EXP 	window1: blendMode = 'avg'
11.5622 	EXP 	window1: blendMode = 'avg'
11.5795 	EXP 	window1: blendMode = 'avg'
11.5955 	EXP 	window1: blendMode = 'avg'
11.6125 	EXP 	window1: blendMode = 'avg'
11.6291 	EXP 	window1: blendMode = 'avg'
11.6457 	EXP 	window1: blendMode = 'avg'
11.6596 	EXP 	window1: blendMode = 'avg'
11.6780 	EXP 	window1: blendMode = 'avg'
11.6957 	EXP 	window1: blendMode = 'avg'
11.7130 	EXP 	window1: blendMode = 'avg'
11.7295 	EXP 	window1: blendMode = 'avg'
11.7466 	EXP 	window1: blendMode = 'avg'
11.7629 	EXP 	window1: blendMode = 'avg'
11.7794 	EXP 	window1: blendMode = 'avg'
11.7956 	DATA 	Mouse: wheel shift=(0,0), pos=(463,576)
11.7963 	DATA 	Mouse: wheel shift=(0,0), pos=(463,576)
11.7969 	EXP 	window1: blendMode = 'avg'
11.8095 	EXP 	window1: blendMode = 'avg'
11.8289 	DATA 	Mouse: wheel shift=(0,0), pos=(461,576)
11.8297 	EXP 	window1: blendMode = 'avg'
11.8456 	DATA 	Mouse: wheel shift=(0,0), pos=(461,576)
11.8464 	EXP 	window1: blendMode = 'avg'
11.8627 	DATA 	Mouse: wheel shift=(0,0), pos=(460,576)
11.8633 	DATA 	Mouse: wheel shift=(0,0), pos=(460,577)
11.8640 	EXP 	window1: blendMode = 'avg'
11.8788 	DATA 	Mouse: wheel shift=(0,0), pos=(460,577)
11.8797 	EXP 	window1: blendMode = 'avg'
11.8958 	DATA 	Mouse: wheel shift=(0,0), pos=(459,577)
11.8963 	DATA 	Mouse: wheel shift=(0,0), pos=(459,577)
11.8970 	EXP 	window1: blendMode = 'avg'
11.9114 	DATA 	Mouse: wheel shift=(0,0), pos=(459,577)
11.9120 	EXP 	window1: blendMode = 'avg'
11.9286 	DATA 	Mouse: wheel shift=(0,0), pos=(459,577)
11.9294 	DATA 	Mouse: wheel shift=(-1,0), pos=(459,577)
11.9303 	EXP 	window1: blendMode = 'avg'
11.9455 	DATA 	Mouse: wheel shift=(0,0), pos=(458,577)
11.9462 	EXP 	window1: blendMode = 'avg'
11.9586 	DATA 	Mouse: wheel shift=(0,0), pos=(458,577)
11.9593 	EXP 	window1: blendMode = 'avg'
11.9764 	DATA 	Mouse: wheel shift=(0,0), pos=(458,577)
11.9771 	DATA 	Mouse: wheel shift=(0,0), pos=(458,577)
11.9780 	EXP 	window1: blendMode = 'avg'
11.9956 	DATA 	Mouse: wheel shift=(0,0), pos=(457,577)
11.9965 	EXP 	window1: blendMode = 'avg'
11.9972 	DATA 	Mouse: wheel shift=(0,0), pos=(457,577)
12.0125 	EXP 	window1: blendMode = 'avg'
12.0274 	DATA 	Mouse: wheel shift=(0,0), pos=(457,577)
12.0281 	DATA 	Mouse: wheel shift=(0,0), pos=(457,577)
12.0290 	EXP 	window1: blendMode = 'avg'
12.0447 	DATA 	Mouse: wheel shift=(0,0), pos=(457,577)
12.0454 	EXP 	window1: blendMode = 'avg'
12.0615 	DATA 	Mouse: wheel shift=(0,0), pos=(457,577)
12.0624 	EXP 	window1: blendMode = 'avg'
12.0783 	DATA 	Mouse: wheel shift=(0,0), pos=(457,577)
12.0790 	EXP 	window1: blendMode = 'avg'
12.0960 	EXP 	window1: blendMode = 'avg'
12.1119 	DATA 	Mouse: wheel shift=(0,0), pos=(457,577)
12.1126 	EXP 	window1: blendMode = 'avg'
12.1270 	DATA 	Mouse: wheel shift=(0,0), pos=(457,577)
12.1279 	EXP 	window1: blendMode = 'avg'
12.1449 	DATA 	Mouse: wheel shift=(0,0), pos=(457,577)
12.1457 	EXP 	window1: blendMode = 'avg'
12.1624 	EXP 	window1: blendMode = 'avg'
12.1789 	EXP 	window1: blendMode = 'avg'
12.1959 	EXP 	window1: blendMode = 'avg'
12.2123 	DATA 	Mouse: wheel shift=(0,0), pos=(457,577)
12.2130 	EXP 	window1: blendMode = 'avg'
12.2292 	EXP 	window1: blendMode = 'avg'
12.2457 	EXP 	window1: blendMode = 'avg'
12.2606 	EXP 	window1: blendMode = 'avg'
12.2793 	EXP 	window1: blendMode = 'avg'
12.2957 	EXP 	window1: blendMode = 'avg'
12.3127 	EXP 	window1: blendMode = 'avg'
12.3293 	EXP 	window1: blendMode = 'avg'
12.3458 	EXP 	window1: blendMode = 'avg'
12.3623 	EXP 	window1: blendMode = 'avg'
12.3795 	EXP 	window1: blendMode = 'avg'
12.3952 	EXP 	window1: blendMode = 'avg'
12.4122 	EXP 	window1: blendMode = 'avg'
12.4293 	EXP 	window1: blendMode = 'avg'
12.4454 	EXP 	window1: blendMode = 'avg'
12.4594 	DATA 	Mouse: wheel shift=(0,0), pos=(457,577)
12.4603 	EXP 	window1: blendMode = 'avg'
12.4764 	DATA 	Mouse: wheel shift=(0,0), pos=(457,577)
12.4773 	EXP 	window1: blendMode = 'avg'
12.4952 	DATA 	Mouse: wheel shift=(0,0), pos=(457,577)
12.4961 	EXP 	window1: blendMode = 'avg'
12.5128 	EXP 	window1: blendMode = 'avg'
12.5288 	EXP 	window1: blendMode = 'avg'
12.5459 	DATA 	Mouse: wheel shift=(0,0), pos=(457,577)
12.5467 	EXP 	window1: blendMode = 'avg'
12.5609 	EXP 	window1: blendMode = 'avg'
12.5793 	EXP 	window1: blendMode = 'avg'
12.5952 	EXP 	window1: blendMode = 'avg'
12.6126 	EXP 	window1: blendMode = 'avg'
12.6294 	EXP 	window1: blendMode = 'avg'
12.6455 	EXP 	window1: blendMode = 'avg'
12.6628 	EXP 	window1: blendMode = 'avg'
12.6774 	EXP 	window1: blendMode = 'avg'
12.6958 	EXP 	window1: blendMode = 'avg'
12.7126 	EXP 	window1: blendMode = 'avg'
12.7293 	EXP 	window1: blendMode = 'avg'
12.7454 	EXP 	window1: blendMode = 'avg'
12.7626 	EXP 	window1: blendMode = 'avg'
12.7788 	EXP 	window1: blendMode = 'avg'
12.7960 	EXP 	window1: blendMode = 'avg'
12.8117 	EXP 	window1: blendMode = 'avg'
12.8273 	EXP 	window1: blendMode = 'avg'
12.8459 	EXP 	window1: blendMode = 'avg'
12.8619 	EXP 	window1: blendMode = 'avg'
12.8790 	EXP 	window1: blendMode = 'avg'
12.8939 	EXP 	window1: blendMode = 'avg'
12.9125 	EXP 	window1: blendMode = 'avg'
12.9275 	EXP 	window1: blendMode = 'avg'
12.9457 	EXP 	window1: blendMode = 'avg'
12.9596 	DATA 	Mouse: wheel shift=(0,0), pos=(457,577)
12.9603 	EXP 	window1: blendMode = 'avg'
12.9793 	EXP 	window1: blendMode = 'avg'
12.9945 	EXP 	window1: blendMode = 'avg'
13.0123 	DATA 	Mouse: wheel shift=(0,0), pos=(457,577)
13.0129 	EXP 	window1: blendMode = 'avg'
13.0291 	EXP 	window1: blendMode = 'avg'
13.0447 	DATA 	Mouse: wheel shift=(0,0), pos=(457,577)
13.0456 	EXP 	window1: blendMode = 'avg'
13.0616 	DATA 	Mouse: wheel shift=(0,0), pos=(457,577)
13.0625 	EXP 	window1: blendMode = 'avg'
13.0785 	EXP 	window1: blendMode = 'avg'
13.0960 	EXP 	window1: blendMode = 'avg'
13.1126 	DATA 	Mouse: wheel shift=(0,0), pos=(457,577)
13.1135 	EXP 	window1: blendMode = 'avg'
13.1270 	DATA 	Mouse: wheel shift=(0,0), pos=(457,577)
13.1279 	EXP 	window1: blendMode = 'avg'
13.1459 	EXP 	window1: blendMode = 'avg'
13.1622 	EXP 	window1: blendMode = 'avg'
13.1783 	DATA 	Mouse: wheel shift=(0,0), pos=(457,577)
13.1792 	EXP 	window1: blendMode = 'avg'
13.1952 	EXP 	window1: blendMode = 'avg'
13.2128 	EXP 	window1: blendMode = 'avg'
13.2267 	EXP 	window1: blendMode = 'avg'
13.2441 	EXP 	window1: blendMode = 'avg'
13.2626 	EXP 	window1: blendMode = 'avg'
13.2770 	EXP 	window1: blendMode = 'avg'
13.2944 	DATA 	Mouse: wheel shift=(0,0), pos=(457,577)
13.2951 	DATA 	Mouse: wheel shift=(0,0), pos=(457,577)
13.2960 	EXP 	window1: blendMode = 'avg'
13.3123 	EXP 	window1: blendMode = 'avg'
13.3288 	EXP 	window1: blendMode = 'avg'
13.3454 	EXP 	window1: blendMode = 'avg'
13.3624 	EXP 	window1: blendMode = 'avg'
13.3797 	EXP 	window1: blendMode = 'avg'
13.3960 	EXP 	window1: blendMode = 'avg'
13.4104 	EXP 	window1: blendMode = 'avg'
13.4297 	EXP 	window1: blendMode = 'avg'
13.4458 	EXP 	window1: blendMode = 'avg'
13.4624 	EXP 	window1: blendMode = 'avg'
13.4789 	EXP 	window1: blendMode = 'avg'
13.4960 	EXP 	window1: blendMode = 'avg'
13.5122 	EXP 	window1: blendMode = 'avg'
13.5296 	EXP 	window1: blendMode = 'avg'
13.5457 	EXP 	window1: blendMode = 'avg'
13.5623 	EXP 	window1: blendMode = 'avg'
13.5775 	EXP 	window1: blendMode = 'avg'
13.5961 	EXP 	window1: blendMode = 'avg'
13.6128 	EXP 	window1: blendMode = 'avg'
13.6294 	EXP 	window1: blendMode = 'avg'
13.6455 	EXP 	window1: blendMode = 'avg'
13.6622 	EXP 	window1: blendMode = 'avg'
13.6798 	EXP 	window1: blendMode = 'avg'
13.6960 	EXP 	window1: blendMode = 'avg'
13.7125 	EXP 	window1: blendMode = 'avg'
13.7293 	EXP 	window1: blendMode = 'avg'
13.7460 	EXP 	window1: blendMode = 'avg'
13.7624 	EXP 	window1: blendMode = 'avg'
13.7785 	EXP 	window1: blendMode = 'avg'
13.7956 	EXP 	window1: blendMode = 'avg'
13.8126 	EXP 	window1: blendMode = 'avg'
13.8297 	EXP 	window1: blendMode = 'avg'
13.8443 	EXP 	window1: blendMode = 'avg'
13.8627 	EXP 	window1: blendMode = 'avg'
13.8790 	EXP 	window1: blendMode = 'avg'
13.8962 	EXP 	window1: blendMode = 'avg'
13.9127 	EXP 	window1: blendMode = 'avg'
13.9271 	EXP 	window1: blendMode = 'avg'
13.9456 	EXP 	window1: blendMode = 'avg'
13.9607 	EXP 	window1: blendMode = 'avg'
13.9792 	EXP 	window1: blendMode = 'avg'
13.9962 	EXP 	window1: blendMode = 'avg'
14.0105 	EXP 	window1: blendMode = 'avg'
14.0277 	EXP 	window1: blendMode = 'avg'
14.0460 	EXP 	window1: blendMode = 'avg'
14.0628 	EXP 	window1: blendMode = 'avg'
14.0788 	EXP 	window1: blendMode = 'avg'
14.0961 	EXP 	window1: blendMode = 'avg'
14.1118 	EXP 	window1: blendMode = 'avg'
14.1292 	EXP 	window1: blendMode = 'avg'
14.1460 	EXP 	window1: blendMode = 'avg'
14.1624 	EXP 	window1: blendMode = 'avg'
14.1794 	EXP 	window1: blendMode = 'avg'
14.1962 	EXP 	window1: blendMode = 'avg'
14.2110 	EXP 	window1: blendMode = 'avg'
14.2298 	EXP 	window1: blendMode = 'avg'
14.2459 	EXP 	window1: blendMode = 'avg'
14.2623 	EXP 	window1: blendMode = 'avg'
14.2769 	EXP 	window1: blendMode = 'avg'
14.2945 	EXP 	window1: blendMode = 'avg'
14.3123 	EXP 	window1: blendMode = 'avg'
14.3294 	EXP 	window1: blendMode = 'avg'
14.3463 	EXP 	window1: blendMode = 'avg'
14.3634 	EXP 	window1: blendMode = 'avg'
14.3777 	EXP 	window1: blendMode = 'avg'
14.3957 	EXP 	window1: blendMode = 'avg'
14.4127 	EXP 	window1: blendMode = 'avg'
14.4296 	EXP 	window1: blendMode = 'avg'
14.4457 	EXP 	window1: blendMode = 'avg'
14.4628 	EXP 	window1: blendMode = 'avg'
14.4804 	EXP 	window1: blendMode = 'avg'
14.4964 	EXP 	window1: blendMode = 'avg'
14.5126 	EXP 	window1: blendMode = 'avg'
14.5296 	EXP 	window1: blendMode = 'avg'
14.5448 	EXP 	window1: blendMode = 'avg'
14.5630 	EXP 	window1: blendMode = 'avg'
14.5793 	EXP 	window1: blendMode = 'avg'
14.5961 	EXP 	window1: blendMode = 'avg'
14.6126 	EXP 	window1: blendMode = 'avg'
14.6291 	EXP 	window1: blendMode = 'avg'
14.6461 	EXP 	window1: blendMode = 'avg'
14.6626 	EXP 	window1: blendMode = 'avg'
14.6796 	EXP 	window1: blendMode = 'avg'
14.6959 	EXP 	window1: blendMode = 'avg'
14.7127 	EXP 	window1: blendMode = 'avg'
14.7290 	EXP 	window1: blendMode = 'avg'
14.7438 	EXP 	window1: blendMode = 'avg'
14.7629 	EXP 	window1: blendMode = 'avg'
14.7795 	EXP 	window1: blendMode = 'avg'
14.7941 	EXP 	window1: blendMode = 'avg'
14.8128 	EXP 	window1: blendMode = 'avg'
14.8276 	EXP 	window1: blendMode = 'avg'
14.8462 	EXP 	window1: blendMode = 'avg'
14.8623 	EXP 	window1: blendMode = 'avg'
14.8798 	EXP 	window1: blendMode = 'avg'
14.8966 	EXP 	window1: blendMode = 'avg'
14.9133 	EXP 	window1: blendMode = 'avg'
14.9298 	EXP 	window1: blendMode = 'avg'
14.9465 	EXP 	window1: blendMode = 'avg'
14.9608 	EXP 	window1: blendMode = 'avg'
14.9798 	EXP 	window1: blendMode = 'avg'
14.9918 	EXP 	window1: blendMode = 'avg'
15.0087 	EXP 	window1: blendMode = 'avg'
15.0258 	EXP 	window1: blendMode = 'avg'
15.0429 	EXP 	window1: blendMode = 'avg'
15.0610 	EXP 	window1: blendMode = 'avg'
15.0800 	EXP 	window1: blendMode = 'avg'
15.0964 	EXP 	window1: blendMode = 'avg'
15.1134 	EXP 	window1: blendMode = 'avg'
15.1301 	EXP 	window1: blendMode = 'avg'
15.1459 	EXP 	window1: blendMode = 'avg'
15.1628 	EXP 	window1: blendMode = 'avg'
15.1791 	EXP 	window1: blendMode = 'avg'
15.1958 	EXP 	window1: blendMode = 'avg'
15.2126 	EXP 	window1: blendMode = 'avg'
15.2287 	EXP 	window1: blendMode = 'avg'
15.2461 	EXP 	window1: blendMode = 'avg'
15.2628 	EXP 	window1: blendMode = 'avg'
15.2776 	EXP 	window1: blendMode = 'avg'
15.2949 	EXP 	window1: blendMode = 'avg'
15.3129 	EXP 	window1: blendMode = 'avg'
15.3288 	EXP 	window1: blendMode = 'avg'
15.3457 	EXP 	window1: blendMode = 'avg'
15.3626 	EXP 	window1: blendMode = 'avg'
15.3799 	EXP 	window1: blendMode = 'avg'
15.3924 	EXP 	window1: blendMode = 'avg'
15.4097 	EXP 	window1: blendMode = 'avg'
15.4259 	EXP 	window1: blendMode = 'avg'
15.4417 	EXP 	window1: blendMode = 'avg'
15.4594 	EXP 	window1: blendMode = 'avg'
15.4772 	EXP 	window1: blendMode = 'avg'
15.4970 	EXP 	window1: blendMode = 'avg'
15.5112 	EXP 	window1: blendMode = 'avg'
15.5299 	EXP 	window1: blendMode = 'avg'
15.5454 	EXP 	window1: blendMode = 'avg'
15.5625 	EXP 	window1: blendMode = 'avg'
15.5781 	EXP 	window1: blendMode = 'avg'
15.5935 	EXP 	window1: blendMode = 'avg'
15.6110 	EXP 	window1: blendMode = 'avg'
15.6297 	EXP 	window1: blendMode = 'avg'
15.6456 	EXP 	window1: blendMode = 'avg'
15.6625 	EXP 	window1: blendMode = 'avg'
15.6798 	EXP 	window1: blendMode = 'avg'
15.6960 	EXP 	window1: blendMode = 'avg'
15.7102 	EXP 	window1: blendMode = 'avg'
15.7294 	EXP 	window1: blendMode = 'avg'
15.7464 	EXP 	window1: blendMode = 'avg'
15.7625 	EXP 	window1: blendMode = 'avg'
15.7794 	EXP 	window1: blendMode = 'avg'
15.7960 	EXP 	window1: blendMode = 'avg'
15.8128 	EXP 	window1: blendMode = 'avg'
15.8295 	EXP 	window1: blendMode = 'avg'
15.8449 	EXP 	window1: blendMode = 'avg'
15.8624 	EXP 	window1: blendMode = 'avg'
15.8794 	EXP 	window1: blendMode = 'avg'
15.8958 	EXP 	window1: blendMode = 'avg'
15.9111 	EXP 	window1: blendMode = 'avg'
15.9295 	EXP 	window1: blendMode = 'avg'
15.9459 	EXP 	window1: blendMode = 'avg'
15.9625 	EXP 	window1: blendMode = 'avg'
15.9794 	EXP 	window1: blendMode = 'avg'
15.9965 	EXP 	window1: blendMode = 'avg'
16.0111 	EXP 	window1: blendMode = 'avg'
16.0295 	EXP 	window1: blendMode = 'avg'
16.0459 	EXP 	window1: blendMode = 'avg'
16.0630 	EXP 	window1: blendMode = 'avg'
16.0760 	EXP 	window1: blendMode = 'avg'
16.0924 	EXP 	window1: blendMode = 'avg'
16.1092 	EXP 	window1: blendMode = 'avg'
16.1268 	EXP 	window1: blendMode = 'avg'
16.1444 	EXP 	window1: blendMode = 'avg'
16.1629 	EXP 	window1: blendMode = 'avg'
16.1791 	EXP 	window1: blendMode = 'avg'
16.1964 	EXP 	window1: blendMode = 'avg'
16.2108 	EXP 	window1: blendMode = 'avg'
16.2298 	EXP 	window1: blendMode = 'avg'
16.2461 	EXP 	window1: blendMode = 'avg'
16.2610 	EXP 	window1: blendMode = 'avg'
16.2793 	EXP 	window1: blendMode = 'avg'
16.2957 	EXP 	window1: blendMode = 'avg'
16.3131 	EXP 	window1: blendMode = 'avg'
16.3301 	EXP 	window1: blendMode = 'avg'
16.3462 	EXP 	window1: blendMode = 'avg'
16.3629 	EXP 	window1: blendMode = 'avg'
16.3785 	EXP 	window1: blendMode = 'avg'
16.3954 	EXP 	window1: blendMode = 'avg'
16.4131 	EXP 	window1: blendMode = 'avg'
16.4290 	EXP 	window1: blendMode = 'avg'
16.4464 	EXP 	window1: blendMode = 'avg'
16.4611 	EXP 	window1: blendMode = 'avg'
16.4799 	EXP 	window1: blendMode = 'avg'
16.4954 	EXP 	window1: blendMode = 'avg'
16.5125 	EXP 	window1: blendMode = 'avg'
16.5288 	EXP 	window1: blendMode = 'avg'
16.5461 	EXP 	window1: blendMode = 'avg'
16.5631 	EXP 	window1: blendMode = 'avg'
16.5793 	EXP 	window1: blendMode = 'avg'
16.5967 	EXP 	window1: blendMode = 'avg'
16.6127 	EXP 	window1: blendMode = 'avg'
16.6277 	EXP 	window1: blendMode = 'avg'
16.6464 	EXP 	window1: blendMode = 'avg'
16.6627 	EXP 	window1: blendMode = 'avg'
16.6797 	EXP 	window1: blendMode = 'avg'
16.6963 	EXP 	window1: blendMode = 'avg'
16.7129 	EXP 	window1: blendMode = 'avg'
16.7298 	EXP 	window1: blendMode = 'avg'
16.7461 	EXP 	window1: blendMode = 'avg'
16.7626 	EXP 	window1: blendMode = 'avg'
16.7794 	EXP 	window1: blendMode = 'avg'
16.7941 	EXP 	window1: blendMode = 'avg'
16.8132 	EXP 	window1: blendMode = 'avg'
16.8297 	EXP 	window1: blendMode = 'avg'
16.8445 	EXP 	window1: blendMode = 'avg'
16.8633 	EXP 	window1: blendMode = 'avg'
16.8793 	EXP 	window1: blendMode = 'avg'
16.8961 	EXP 	window1: blendMode = 'avg'
16.9111 	EXP 	window1: blendMode = 'avg'
16.9297 	EXP 	window1: blendMode = 'avg'
16.9467 	EXP 	window1: blendMode = 'avg'
16.9628 	EXP 	window1: blendMode = 'avg'
16.9799 	EXP 	window1: blendMode = 'avg'
16.9961 	EXP 	window1: blendMode = 'avg'
17.0127 	EXP 	window1: blendMode = 'avg'
17.0301 	EXP 	window1: blendMode = 'avg'
17.0459 	EXP 	window1: blendMode = 'avg'
17.0630 	EXP 	window1: blendMode = 'avg'
17.0792 	EXP 	window1: blendMode = 'avg'
17.0965 	EXP 	window1: blendMode = 'avg'
17.1128 	EXP 	window1: blendMode = 'avg'
17.1296 	EXP 	window1: blendMode = 'avg'
17.1460 	EXP 	window1: blendMode = 'avg'
17.1628 	EXP 	window1: blendMode = 'avg'
17.1798 	EXP 	window1: blendMode = 'avg'
17.1958 	EXP 	window1: blendMode = 'avg'
17.2128 	EXP 	window1: blendMode = 'avg'
17.2297 	EXP 	window1: blendMode = 'avg'
17.2454 	EXP 	window1: blendMode = 'avg'
17.2628 	EXP 	window1: blendMode = 'avg'
17.2791 	EXP 	window1: blendMode = 'avg'
17.2959 	EXP 	window1: blendMode = 'avg'
17.3130 	EXP 	window1: blendMode = 'avg'
17.3298 	EXP 	window1: blendMode = 'avg'
17.3462 	EXP 	window1: blendMode = 'avg'
17.3628 	EXP 	window1: blendMode = 'avg'
17.3799 	EXP 	window1: blendMode = 'avg'
17.3958 	EXP 	window1: blendMode = 'avg'
17.4127 	EXP 	window1: blendMode = 'avg'
17.4304 	EXP 	window1: blendMode = 'avg'
17.4457 	EXP 	window1: blendMode = 'avg'
17.4624 	EXP 	window1: blendMode = 'avg'
17.4795 	EXP 	window1: blendMode = 'avg'
17.4945 	EXP 	window1: blendMode = 'avg'
17.5129 	EXP 	window1: blendMode = 'avg'
17.5301 	EXP 	window1: blendMode = 'avg'
17.5458 	EXP 	window1: blendMode = 'avg'
17.5608 	EXP 	window1: blendMode = 'avg'
17.5778 	EXP 	window1: blendMode = 'avg'
17.5966 	EXP 	window1: blendMode = 'avg'
17.6132 	EXP 	window1: blendMode = 'avg'
17.6293 	EXP 	window1: blendMode = 'avg'
17.6467 	EXP 	window1: blendMode = 'avg'
17.6608 	EXP 	window1: blendMode = 'avg'
17.6800 	EXP 	window1: blendMode = 'avg'
17.6945 	EXP 	window1: blendMode = 'avg'
17.7125 	EXP 	window1: blendMode = 'avg'
17.7287 	EXP 	window1: blendMode = 'avg'
17.7456 	EXP 	window1: blendMode = 'avg'
17.7624 	EXP 	window1: blendMode = 'avg'
17.7796 	EXP 	window1: blendMode = 'avg'
17.7962 	EXP 	window1: blendMode = 'avg'
17.8131 	EXP 	window1: blendMode = 'avg'
17.8300 	EXP 	window1: blendMode = 'avg'
17.8458 	EXP 	window1: blendMode = 'avg'
17.8625 	EXP 	window1: blendMode = 'avg'
17.8794 	EXP 	window1: blendMode = 'avg'
17.8967 	EXP 	window1: blendMode = 'avg'
17.9123 	EXP 	window1: blendMode = 'avg'
17.9294 	EXP 	window1: blendMode = 'avg'
17.9468 	EXP 	window1: blendMode = 'avg'
17.9630 	EXP 	window1: blendMode = 'avg'
17.9795 	EXP 	window1: blendMode = 'avg'
17.9966 	EXP 	window1: blendMode = 'avg'
18.0130 	EXP 	window1: blendMode = 'avg'
18.0298 	EXP 	window1: blendMode = 'avg'
18.0461 	EXP 	window1: blendMode = 'avg'
18.0629 	EXP 	window1: blendMode = 'avg'
18.0800 	EXP 	window1: blendMode = 'avg'
18.0960 	EXP 	window1: blendMode = 'avg'
18.1129 	EXP 	window1: blendMode = 'avg'
18.1299 	EXP 	window1: blendMode = 'avg'
18.1462 	EXP 	window1: blendMode = 'avg'
18.1633 	EXP 	window1: blendMode = 'avg'
18.1795 	EXP 	window1: blendMode = 'avg'
18.1963 	EXP 	window1: blendMode = 'avg'
18.2112 	EXP 	window1: blendMode = 'avg'
18.2296 	EXP 	window1: blendMode = 'avg'
18.2446 	EXP 	window1: blendMode = 'avg'
18.2628 	EXP 	window1: blendMode = 'avg'
18.2795 	EXP 	window1: blendMode = 'avg'
18.2960 	EXP 	window1: blendMode = 'avg'
18.3131 	EXP 	window1: blendMode = 'avg'
18.3301 	EXP 	window1: blendMode = 'avg'
18.3462 	EXP 	window1: blendMode = 'avg'
18.3634 	EXP 	window1: blendMode = 'avg'
18.3797 	EXP 	window1: blendMode = 'avg'
18.3968 	EXP 	window1: blendMode = 'avg'
18.4097 	EXP 	window1: blendMode = 'avg'
18.4278 	EXP 	window1: blendMode = 'avg'
18.4468 	EXP 	window1: blendMode = 'avg'
18.4629 	EXP 	window1: blendMode = 'avg'
18.4798 	EXP 	window1: blendMode = 'avg'
18.4955 	EXP 	window1: blendMode = 'avg'
18.5128 	EXP 	window1: blendMode = 'avg'
18.5297 	EXP 	window1: blendMode = 'avg'
18.5455 	EXP 	window1: blendMode = 'avg'
18.5628 	EXP 	window1: blendMode = 'avg'
18.5792 	EXP 	window1: blendMode = 'avg'
18.5967 	EXP 	window1: blendMode = 'avg'
18.6111 	EXP 	window1: blendMode = 'avg'
18.6291 	EXP 	window1: blendMode = 'avg'
18.6463 	EXP 	window1: blendMode = 'avg'
18.6631 	EXP 	window1: blendMode = 'avg'
18.6794 	EXP 	window1: blendMode = 'avg'
18.6961 	EXP 	window1: blendMode = 'avg'
18.7132 	EXP 	window1: blendMode = 'avg'
18.7280 	EXP 	window1: blendMode = 'avg'
18.7465 	EXP 	window1: blendMode = 'avg'
18.7628 	EXP 	window1: blendMode = 'avg'
18.7790 	EXP 	window1: blendMode = 'avg'
18.7964 	EXP 	window1: blendMode = 'avg'
18.8128 	EXP 	window1: blendMode = 'avg'
18.8295 	EXP 	window1: blendMode = 'avg'
18.8459 	EXP 	window1: blendMode = 'avg'
18.8628 	EXP 	window1: blendMode = 'avg'
18.8801 	EXP 	window1: blendMode = 'avg'
18.8964 	EXP 	window1: blendMode = 'avg'
18.9111 	EXP 	window1: blendMode = 'avg'
18.9369 	DATA 	Keypress: space
18.9377 	EXP 	window1: blendMode = 'avg'
18.9428 	EXP 	window1: blendMode = 'avg'
18.9615 	EXP 	window1: blendMode = 'avg'
18.9798 	EXP 	window1: blendMode = 'avg'
18.9965 	EXP 	window1: blendMode = 'avg'
19.0126 	EXP 	window1: blendMode = 'avg'
19.0303 	EXP 	window1: blendMode = 'avg'
19.0465 	EXP 	window1: blendMode = 'avg'
19.0612 	EXP 	window1: blendMode = 'avg'
19.0794 	EXP 	window1: blendMode = 'avg'
19.0965 	EXP 	window1: blendMode = 'avg'
19.1133 	EXP 	window1: blendMode = 'avg'
19.1299 	EXP 	window1: blendMode = 'avg'
19.1460 	EXP 	window1: blendMode = 'avg'
19.1630 	EXP 	window1: blendMode = 'avg'
19.1802 	EXP 	window1: blendMode = 'avg'
19.1945 	EXP 	window1: blendMode = 'avg'
19.2131 	EXP 	window1: blendMode = 'avg'
19.2302 	EXP 	window1: blendMode = 'avg'
19.2464 	EXP 	window1: blendMode = 'avg'
19.2632 	EXP 	window1: blendMode = 'avg'
19.2791 	EXP 	window1: blendMode = 'avg'
19.2960 	EXP 	window1: blendMode = 'avg'
19.3127 	EXP 	window1: blendMode = 'avg'
19.3297 	EXP 	window1: blendMode = 'avg'
19.3465 	EXP 	window1: blendMode = 'avg'
19.3631 	EXP 	window1: blendMode = 'avg'
19.3780 	EXP 	window1: blendMode = 'avg'
19.3961 	EXP 	window1: blendMode = 'avg'
19.4131 	EXP 	window1: blendMode = 'avg'
19.4300 	EXP 	window1: blendMode = 'avg'
19.4469 	EXP 	window1: blendMode = 'avg'
19.4631 	EXP 	window1: blendMode = 'avg'
19.4804 	EXP 	window1: blendMode = 'avg'
19.4958 	EXP 	window1: blendMode = 'avg'
19.5132 	EXP 	window1: blendMode = 'avg'
19.5296 	EXP 	window1: blendMode = 'avg'
19.5460 	EXP 	window1: blendMode = 'avg'
19.5629 	EXP 	window1: blendMode = 'avg'
19.5801 	EXP 	window1: blendMode = 'avg'
19.5963 	EXP 	window1: blendMode = 'avg'
19.6138 	EXP 	window1: blendMode = 'avg'
19.6300 	EXP 	window1: blendMode = 'avg'
19.6465 	EXP 	window1: blendMode = 'avg'
19.6632 	EXP 	window1: blendMode = 'avg'
19.6796 	EXP 	window1: blendMode = 'avg'
19.6969 	EXP 	window1: blendMode = 'avg'
19.7125 	EXP 	window1: blendMode = 'avg'
19.7293 	EXP 	window1: blendMode = 'avg'
19.7467 	EXP 	window1: blendMode = 'avg'
19.7632 	EXP 	window1: blendMode = 'avg'
19.7811 	EXP 	window1: blendMode = 'avg'
19.7947 	EXP 	window1: blendMode = 'avg'
19.8127 	EXP 	window1: blendMode = 'avg'
19.8302 	EXP 	window1: blendMode = 'avg'
19.8454 	EXP 	window1: blendMode = 'avg'
19.8622 	EXP 	window1: blendMode = 'avg'
19.8777 	EXP 	window1: blendMode = 'avg'
19.8968 	EXP 	window1: blendMode = 'avg'
19.9132 	EXP 	window1: blendMode = 'avg'
19.9281 	EXP 	window1: blendMode = 'avg'
19.9462 	EXP 	window1: blendMode = 'avg'
19.9633 	EXP 	window1: blendMode = 'avg'
19.9801 	EXP 	window1: blendMode = 'avg'
19.9980 	DATA 	Keypress: y
19.9990 	EXP 	window1: blendMode = 'avg'
20.0129 	EXP 	window1: blendMode = 'avg'
20.0295 	EXP 	window1: blendMode = 'avg'
20.0444 	EXP 	window1: blendMode = 'avg'
20.0633 	EXP 	window1: blendMode = 'avg'
20.0802 	EXP 	window1: blendMode = 'avg'
20.0971 	EXP 	window1: blendMode = 'avg'
20.1131 	EXP 	window1: blendMode = 'avg'
20.1302 	EXP 	window1: blendMode = 'avg'
20.1464 	EXP 	window1: blendMode = 'avg'
20.1633 	EXP 	window1: blendMode = 'avg'
20.1796 	EXP 	window1: blendMode = 'avg'
20.1972 	EXP 	window1: blendMode = 'avg'
20.2130 	EXP 	window1: blendMode = 'avg'
20.2302 	EXP 	window1: blendMode = 'avg'
20.2466 	EXP 	window1: blendMode = 'avg'
20.2625 	EXP 	window1: blendMode = 'avg'
20.2801 	EXP 	window1: blendMode = 'avg'
20.2958 	EXP 	window1: blendMode = 'avg'
20.3129 	EXP 	window1: blendMode = 'avg'
20.3300 	EXP 	window1: blendMode = 'avg'
20.3457 	EXP 	window1: blendMode = 'avg'
20.3626 	EXP 	window1: blendMode = 'avg'
20.3797 	EXP 	window1: blendMode = 'avg'
20.3967 	EXP 	window1: blendMode = 'avg'
20.4109 	EXP 	window1: blendMode = 'avg'
20.4300 	EXP 	window1: blendMode = 'avg'
20.4473 	EXP 	window1: blendMode = 'avg'
20.4628 	EXP 	window1: blendMode = 'avg'
20.4801 	EXP 	window1: blendMode = 'avg'
20.4961 	EXP 	window1: blendMode = 'avg'
20.5130 	EXP 	window1: blendMode = 'avg'
20.5299 	EXP 	window1: blendMode = 'avg'
20.5470 	EXP 	window1: blendMode = 'avg'
20.5628 	EXP 	window1: blendMode = 'avg'
20.5798 	EXP 	window1: blendMode = 'avg'
20.5964 	EXP 	window1: blendMode = 'avg'
20.6139 	EXP 	window1: blendMode = 'avg'
20.6298 	EXP 	window1: blendMode = 'avg'
20.6466 	EXP 	window1: blendMode = 'avg'
20.6632 	EXP 	window1: blendMode = 'avg'
20.6797 	EXP 	window1: blendMode = 'avg'
20.6967 	EXP 	window1: blendMode = 'avg'
20.7124 	EXP 	window1: blendMode = 'avg'
20.7303 	DATA 	Keypress: 1
20.7309 	ERROR 	Couldn't find image stim/Smile_1.jpg; check path? (tried: /Users/dfareri/Dropbox/Dominic/Github/fareri-lab/Rejection/refavor/stim/Smile_1.jpg)
