14.0396 	EXP 	Created window1 = Window(allowGUI=False, allowStencil=False, autoLog=True, bitsMode=UNKNOWN, blendMode='avg', color='black', colorSpace='named', fullscr=UNKNOWN, gamma=None, lms=UNKNOWN, monitor=<psychopy.monitors.calibTools.Monitor object at 0x07858670>, multiSample=False, name='window1', numSamples=2, pos=[0, 0], screen=0, size=array([1920, 1080]), stereo=False, units=u'norm', useFBO=True, useRetina=False, viewOri=0.0, viewPos=None, viewScale=None, waitBlanking=True, winType='pyglet')
14.0397 	EXP 	window1: recordFrameIntervals = False
14.2054 	EXP 	window1: recordFrameIntervals = True
14.3891 	EXP 	window1: recordFrameIntervals = False
14.7228 	EXP 	Created InstrText = TextStim(alignHoriz='center', alignVert='center', antialias=True, autoLog=True, bold=False, color='white', colorSpace='named', contrast=1.0, depth=0.0, flipHoriz=False, flipVert=False, font='Arial', fontFiles=[], height=0.1, italic=False, name='InstrText', opacity=1.0, ori=0, pos=array([ 0.,  0.]), rgb=array([ 255.,  255.,  255.]), text=unicode(...), units=u'norm', win=Window(...), wrapWidth=1.5)
14.7376 	EXP 	Created text_3 = TextStim(alignHoriz='center', alignVert='center', antialias=True, autoLog=True, bold=False, color='white', colorSpace='named', contrast=1.0, depth=0.0, flipHoriz=False, flipVert=False, font='Arial', fontFiles=[], height=0.07, italic=False, name='text_3', opacity=1.0, ori=0, pos=array([ 0. ,  0.5]), rgb=array([ 255.,  255.,  255.]), text=unicode(...), units=u'norm', win=Window(...), wrapWidth=2.0)
14.7399 	EXP 	Created scalePic = ImageStim(autoLog=True, color=array([ 1.,  1.,  1.]), colorSpace='rgb', contrast=1.0, depth=-1.0, flipHoriz=False, flipVert=False, image='sin', interpolate=True, mask=None, maskParams=None, name='scalePic', opacity=1.0, ori=0.0, pos=array([  0., -75.]), size=array([ 506.,  582.]), texRes=128, units='pix', win=Window(...))
14.7525 	EXP 	Created moreDirections = TextStim(alignHoriz='center', alignVert='center', antialias=True, autoLog=True, bold=False, color='white', colorSpace='named', contrast=1.0, depth=-2.0, flipHoriz=False, flipVert=False, font='Arial', fontFiles=[], height=0.07, italic=False, name='moreDirections', opacity=1.0, ori=0, pos=array([-0.7,  0.5]), rgb=array([ 255.,  255.,  255.]), text=unicode(...), units=u'norm', win=Window(...), wrapWidth=1.7)
14.7602 	EXP 	Created text_17 = TextStim(alignHoriz='center', alignVert='center', antialias=True, autoLog=True, bold=False, color='white', colorSpace='named', contrast=1.0, depth=-3.0, flipHoriz=False, flipVert=False, font='Arial', fontFiles=[], height=0.2, italic=False, name='text_17', opacity=1.0, ori=0, pos=array([-0.7,  0. ]), rgb=array([ 255.,  255.,  255.]), text=u'Yes', units=u'norm', win=Window(...), wrapWidth=1)
14.7693 	EXP 	Created text_37 = TextStim(alignHoriz='center', alignVert='center', antialias=True, autoLog=True, bold=False, color='white', colorSpace='named', contrast=1.0, depth=-4.0, flipHoriz=False, flipVert=False, font='Arial', fontFiles=[], height=0.06, italic=False, name='text_37', opacity=1.0, ori=0, pos=array([-0.7, -0.2]), rgb=array([ 255.,  255.,  255.]), text=u'(Your guess)', units=u'norm', win=Window(...), wrapWidth=1)
14.7773 	EXP 	Created text_15 = TextStim(alignHoriz='center', alignVert='center', antialias=True, autoLog=True, bold=False, color='white', colorSpace='named', contrast=1.0, depth=-5.0, flipHoriz=False, flipVert=False, font='Arial', fontFiles=[], height=0.07, italic=False, name='text_15', opacity=1.0, ori=0, pos=array([ 0.7,  0.5]), rgb=array([ 255.,  255.,  255.]), text=unicode(...), units=u'norm', win=Window(...), wrapWidth=1)
14.7798 	EXP 	Created text_18 = TextStim(alignHoriz='center', alignVert='center', antialias=True, autoLog=True, bold=False, color='white', colorSpace='named', contrast=1.0, depth=-6.0, flipHoriz=False, flipVert=False, font='Arial', fontFiles=[], height=0.2, italic=False, name='text_18', opacity=1.0, ori=0, pos=array([ 0.7,  0. ]), rgb=array([ 255.,  255.,  255.]), text=u'Yes', units=u'norm', win=Window(...), wrapWidth=1)
14.7864 	EXP 	Created text_38 = TextStim(alignHoriz='center', alignVert='center', antialias=True, autoLog=True, bold=False, color='white', colorSpace='named', contrast=1.0, depth=-7.0, flipHoriz=False, flipVert=False, font='Arial', fontFiles=[], height=0.06, italic=False, name='text_38', opacity=1.0, ori=0, pos=array([ 0.7, -0.2]), rgb=array([ 255.,  255.,  255.]), text=u'(What they said)', units=u'norm', win=Window(...), wrapWidth=1)
14.8013 	EXP 	Created text_23 = TextStim(alignHoriz='center', alignVert='center', antialias=True, autoLog=True, bold=False, color='white', colorSpace='named', contrast=1.0, depth=-9.0, flipHoriz=False, flipVert=False, font='Arial', fontFiles=[], height=0.1, italic=False, name='text_23', opacity=1.0, ori=0, pos=array([ 0.,  0.]), rgb=array([ 255.,  255.,  255.]), text=unicode(...), units=u'norm', win=Window(...), wrapWidth=1.5)
14.8111 	EXP 	Created text_31 = TextStim(alignHoriz='center', alignVert='center', antialias=True, autoLog=True, bold=False, color='white', colorSpace='named', contrast=1.0, depth=0.0, flipHoriz=False, flipVert=False, font='Arial', fontFiles=[], height=0.1, italic=False, name='text_31', opacity=1.0, ori=0, pos=array([ 0.,  0.]), rgb=array([ 255.,  255.,  255.]), text=unicode(...), units=u'norm', win=Window(...), wrapWidth=1)
14.8124 	EXP 	Created peerPhotoCue = ImageStim(autoLog=True, color=array([ 1.,  1.,  1.]), colorSpace='rgb', contrast=1.0, depth=0.0, flipHoriz=False, flipVert=False, image='sin', interpolate=True, mask=None, maskParams=None, name='peerPhotoCue', opacity=1.0, ori=0.0, pos=array([ 0.,  0.]), size=array([ 676.,  777.]), texRes=128, units='pix', win=Window(...))
14.8233 	EXP 	Created PredictText = TextStim(alignHoriz='center', alignVert='center', antialias=True, autoLog=True, bold=False, color='white', colorSpace='named', contrast=1.0, depth=-3.0, flipHoriz=False, flipVert=False, font='Arial', fontFiles=[], height=0.2, italic=False, name='PredictText', opacity=1.0, ori=0, pos=array([-0.7,  0. ]), rgb=array([ 255.,  255.,  255.]), text=u'default text', units=u'norm', win=Window(...), wrapWidth=1)
14.8293 	EXP 	Created text_41 = TextStim(alignHoriz='center', alignVert='center', antialias=True, autoLog=True, bold=False, color='white', colorSpace='named', contrast=1.0, depth=-4.0, flipHoriz=False, flipVert=False, font='Arial', fontFiles=[], height=0.07, italic=False, name='text_41', opacity=1.0, ori=0, pos=array([-0.7, -0.2]), rgb=array([ 255.,  255.,  255.]), text=u'(Make a guess)', units=u'norm', win=Window(...), wrapWidth=1)
14.8395 	EXP 	Created slowText = TextStim(alignHoriz='center', alignVert='center', antialias=True, autoLog=True, bold=False, color='white', colorSpace='named', contrast=1.0, depth=0.0, flipHoriz=False, flipVert=False, font='Arial', fontFiles=[], height=0.2, italic=False, name='slowText', opacity=1.0, ori=0, pos=array([ 0.,  0.]), rgb=array([ 255.,  255.,  255.]), text=u'Too Slow!', units=u'norm', win=Window(...), wrapWidth=1)
14.8408 	EXP 	Created motivePhoto = ImageStim(autoLog=True, color=array([ 1.,  1.,  1.]), colorSpace='rgb', contrast=1.0, depth=0.0, flipHoriz=False, flipVert=False, image='sin', interpolate=True, mask=None, maskParams=None, name='motivePhoto', opacity=1.0, ori=0.0, pos=array([ 0.,  0.]), size=array([ 676.,  777.]), texRes=128, units='pix', win=Window(...))
14.8448 	EXP 	Created motiveText = TextStim(alignHoriz='center', alignVert='center', antialias=True, autoLog=True, bold=False, color='white', colorSpace='named', contrast=1.0, depth=-1.0, flipHoriz=False, flipVert=False, font='Arial', fontFiles=[], height=0.2, italic=False, name='motiveText', opacity=1.0, ori=0, pos=array([-0.7,  0. ]), rgb=array([ 255.,  255.,  255.]), text=u'default text', units=u'norm', win=Window(...), wrapWidth=1)
14.8461 	EXP 	Created PeerPhotoFeedback = ImageStim(autoLog=True, color=array([ 1.,  1.,  1.]), colorSpace='rgb', contrast=1.0, depth=0.0, flipHoriz=False, flipVert=False, image='sin', interpolate=True, mask=None, maskParams=None, name='PeerPhotoFeedback', opacity=1.0, ori=0.0, pos=array([ 0.,  0.]), size=array([ 1.,  1.]), texRes=128, units='pix', win=Window(...))
14.8500 	EXP 	Created peerEval = TextStim(alignHoriz='center', alignVert='center', antialias=True, autoLog=True, bold=False, color='white', colorSpace='named', contrast=1.0, depth=-1.0, flipHoriz=False, flipVert=False, font='Arial', fontFiles=[], height=0.2, italic=False, name='peerEval', opacity=1.0, ori=0, pos=array([ 0.7,  0. ]), rgb=array([ 255.,  255.,  255.]), text=u'default text', units=u'norm', win=Window(...), wrapWidth=1)
14.8541 	EXP 	Created predictText = TextStim(alignHoriz='center', alignVert='center', antialias=True, autoLog=True, bold=False, color='white', colorSpace='named', contrast=1.0, depth=-2.0, flipHoriz=False, flipVert=False, font='Arial', fontFiles=[], height=0.2, italic=False, name='predictText', opacity=1.0, ori=0, pos=array([-0.7,  0. ]), rgb=array([ 255.,  255.,  255.]), text=u'default text', units=u'norm', win=Window(...), wrapWidth=1)
14.8641 	EXP 	Created fix = TextStim(alignHoriz='center', alignVert='center', antialias=True, autoLog=True, bold=False, color='white', colorSpace='named', contrast=1.0, depth=0.0, flipHoriz=False, flipVert=False, font='Arial', fontFiles=[], height=0.3, italic=False, name='fix', opacity=1.0, ori=0, pos=array([ 0.,  0.]), rgb=array([ 255.,  255.,  255.]), text=u'+', units=u'norm', win=Window(...), wrapWidth=1)
14.9067 	EXP 	Created text_13 = TextStim(alignHoriz='center', alignVert='center', antialias=True, autoLog=True, bold=False, color='white', colorSpace='named', contrast=1.0, depth=0.0, flipHoriz=False, flipVert=False, font='Arial', fontFiles=[], height=0.1, italic=False, name='text_13', opacity=1.0, ori=0, pos=array([ 0.,  0.]), rgb=array([ 255.,  255.,  255.]), text=unicode(...), units=u'norm', win=Window(...), wrapWidth=1.7)
14.9082 	EXP 	Created CueMotivePic = ImageStim(autoLog=True, color=array([ 1.,  1.,  1.]), colorSpace='rgb', contrast=1.0, depth=0.0, flipHoriz=False, flipVert=False, image='sin', interpolate=True, mask=None, maskParams=None, name='CueMotivePic', opacity=1.0, ori=0.0, pos=array([ 0.,  0.]), size=array([ 676.,  777.]), texRes=128, units='pix', win=Window(...))
14.9126 	EXP 	Created PredText = TextStim(alignHoriz='center', alignVert='center', antialias=True, autoLog=True, bold=False, color='white', colorSpace='named', contrast=1.0, depth=-3.0, flipHoriz=False, flipVert=False, font='Arial', fontFiles=[], height=0.2, italic=False, name='PredText', opacity=1.0, ori=0, pos=array([-0.7,  0. ]), rgb=array([ 255.,  255.,  255.]), text=u'default text', units=u'norm', win=Window(...), wrapWidth=1)
14.9140 	EXP 	Created MotiveCue = ImageStim(autoLog=True, color=array([ 1.,  1.,  1.]), colorSpace='rgb', contrast=1.0, depth=0.0, flipHoriz=False, flipVert=False, image='sin', interpolate=True, mask=None, maskParams=None, name='MotiveCue', opacity=1.0, ori=0.0, pos=array([ 0.,  0.]), size=array([ 676.,  777.]), texRes=128, units='pix', win=Window(...))
14.9180 	EXP 	Created MotiveText2 = TextStim(alignHoriz='center', alignVert='center', antialias=True, autoLog=True, bold=False, color='white', colorSpace='named', contrast=1.0, depth=-1.0, flipHoriz=False, flipVert=False, font='Arial', fontFiles=[], height=0.2, italic=False, name='MotiveText2', opacity=1.0, ori=0, pos=array([-0.7,  0. ]), rgb=array([ 255.,  255.,  255.]), text=u'default text', units=u'norm', win=Window(...), wrapWidth=1)
14.9520 	EXP 	Created polygon = Polygon(autoDraw=False, autoLog=True, closeShape=True, contrast=1.0, depth=-2.0, fillColor=array([ 1.,  1.,  1.]), fillColorSpace='rgb', fillRGB=array([ 1.,  1.,  1.]), interpolate=True, lineColor=array([ 1.,  1.,  1.]), lineColorSpace='rgb', lineRGB=array([ 1.,  1.,  1.]), lineWidth=1, name='polygon', opacity=1.0, ori=array(0.0), pos=array([-0.7,  0. ]), size=array([ 0.25,  0.25]), units=u'norm', vertices=ndarray(...), win=Window(...))
14.9535 	EXP 	Created cueFdbk = ImageStim(autoLog=True, color=array([ 1.,  1.,  1.]), colorSpace='rgb', contrast=1.0, depth=0.0, flipHoriz=False, flipVert=False, image='sin', interpolate=True, mask=None, maskParams=None, name='cueFdbk', opacity=1.0, ori=0.0, pos=array([ 0.,  0.]), size=array([ 676.,  777.]), texRes=128, units='pix', win=Window(...))
14.9578 	EXP 	Created text_10 = TextStim(alignHoriz='center', alignVert='center', antialias=True, autoLog=True, bold=False, color='white', colorSpace='named', contrast=1.0, depth=-1.0, flipHoriz=False, flipVert=False, font='Arial', fontFiles=[], height=0.2, italic=False, name='text_10', opacity=1.0, ori=0, pos=array([-0.7,  0. ]), rgb=array([ 255.,  255.,  255.]), text=u'default text', units=u'norm', win=Window(...), wrapWidth=1)
14.9618 	EXP 	Created text_11 = TextStim(alignHoriz='center', alignVert='center', antialias=True, autoLog=True, bold=False, color='white', colorSpace='named', contrast=1.0, depth=-2.0, flipHoriz=False, flipVert=False, font='Arial', fontFiles=[], height=0.2, italic=False, name='text_11', opacity=1.0, ori=0, pos=array([ 0.7,  0. ]), rgb=array([ 255.,  255.,  255.]), text=u'default text', units=u'norm', win=Window(...), wrapWidth=1)
14.9660 	EXP 	Created polygon_3 = Polygon(autoDraw=False, autoLog=True, closeShape=True, contrast=1.0, depth=-3.0, fillColor=array([ 1.,  1.,  1.]), fillColorSpace='rgb', fillRGB=array([ 1.,  1.,  1.]), interpolate=True, lineColor=array([ 1.,  1.,  1.]), lineColorSpace='rgb', lineRGB=array([ 1.,  1.,  1.]), lineWidth=1, name='polygon_3', opacity=1.0, ori=array(0.0), pos=array([-0.7,  0. ]), size=array([ 1.,  1.]), units=u'norm', vertices=ndarray(...), win=Window(...))
14.9702 	EXP 	Created polygon_6 = Polygon(autoDraw=False, autoLog=True, closeShape=True, contrast=1.0, depth=-4.0, fillColor=array([ 1.,  1.,  1.]), fillColorSpace='rgb', fillRGB=array([ 1.,  1.,  1.]), interpolate=True, lineColor=array([ 1.,  1.,  1.]), lineColorSpace='rgb', lineRGB=array([ 1.,  1.,  1.]), lineWidth=1, name='polygon_6', opacity=1.0, ori=array(0.0), pos=array([ 0.,  0.]), size=array([ 1.,  1.]), units=u'norm', vertices=ndarray(...), win=Window(...))
14.9721 	EXP 	Created fix = TextStim(alignHoriz='center', alignVert='center', antialias=True, autoLog=True, bold=False, color='white', colorSpace='named', contrast=1.0, depth=0.0, flipHoriz=False, flipVert=False, font='Arial', fontFiles=[], height=0.3, italic=False, name='fix', opacity=1.0, ori=0, pos=array([ 0.,  0.]), rgb=array([ 255.,  255.,  255.]), text=u'+', units=u'norm', win=Window(...), wrapWidth=1)
14.9903 	EXP 	Created text_14 = TextStim(alignHoriz='center', alignVert='center', antialias=True, autoLog=True, bold=False, color='white', colorSpace='named', contrast=1.0, depth=0.0, flipHoriz=False, flipVert=False, font='Arial', fontFiles=[], height=0.1, italic=False, name='text_14', opacity=1.0, ori=0, pos=array([ 0.,  0.]), rgb=array([ 255.,  255.,  255.]), text=unicode(...), units=u'norm', win=Window(...), wrapWidth=1.5)
14.9915 	EXP 	window1: blendMode = 'avg'
15.0060 	EXP 	InstrText: autoDraw = True
15.0065 	EXP 	window1: blendMode = 'avg'
15.0221 	EXP 	window1: blendMode = 'avg'
15.0389 	EXP 	window1: blendMode = 'avg'
15.0567 	EXP 	window1: blendMode = 'avg'
15.0734 	EXP 	window1: blendMode = 'avg'
15.0900 	EXP 	window1: blendMode = 'avg'
15.1069 	EXP 	window1: blendMode = 'avg'
15.1234 	EXP 	window1: blendMode = 'avg'
15.1401 	EXP 	window1: blendMode = 'avg'
15.1568 	EXP 	window1: blendMode = 'avg'
15.1739 	EXP 	window1: blendMode = 'avg'
15.1901 	EXP 	window1: blendMode = 'avg'
15.2068 	EXP 	window1: blendMode = 'avg'
15.2237 	EXP 	window1: blendMode = 'avg'
15.2404 	EXP 	window1: blendMode = 'avg'
15.2568 	EXP 	window1: blendMode = 'avg'
15.2735 	EXP 	window1: blendMode = 'avg'
15.2901 	EXP 	window1: blendMode = 'avg'
15.3068 	EXP 	window1: blendMode = 'avg'
15.3235 	EXP 	window1: blendMode = 'avg'
15.3401 	EXP 	window1: blendMode = 'avg'
15.3568 	EXP 	window1: blendMode = 'avg'
15.3734 	EXP 	window1: blendMode = 'avg'
15.3901 	EXP 	window1: blendMode = 'avg'
15.4068 	EXP 	window1: blendMode = 'avg'
15.4234 	EXP 	window1: blendMode = 'avg'
15.4401 	EXP 	window1: blendMode = 'avg'
15.4568 	EXP 	window1: blendMode = 'avg'
15.4767 	EXP 	window1: blendMode = 'avg'
15.4901 	EXP 	window1: blendMode = 'avg'
15.5068 	EXP 	window1: blendMode = 'avg'
15.5235 	EXP 	window1: blendMode = 'avg'
15.5402 	EXP 	window1: blendMode = 'avg'
15.5569 	EXP 	window1: blendMode = 'avg'
15.5735 	EXP 	window1: blendMode = 'avg'
15.5905 	EXP 	window1: blendMode = 'avg'
15.6068 	EXP 	window1: blendMode = 'avg'
15.6235 	EXP 	window1: blendMode = 'avg'
15.6402 	EXP 	window1: blendMode = 'avg'
15.6569 	EXP 	window1: blendMode = 'avg'
15.6734 	EXP 	window1: blendMode = 'avg'
15.6902 	EXP 	window1: blendMode = 'avg'
15.7069 	EXP 	window1: blendMode = 'avg'
15.7235 	EXP 	window1: blendMode = 'avg'
15.7402 	EXP 	window1: blendMode = 'avg'
15.7569 	EXP 	window1: blendMode = 'avg'
15.7736 	EXP 	window1: blendMode = 'avg'
15.7902 	EXP 	window1: blendMode = 'avg'
15.8069 	EXP 	window1: blendMode = 'avg'
15.8236 	EXP 	window1: blendMode = 'avg'
15.8403 	EXP 	window1: blendMode = 'avg'
15.8569 	EXP 	window1: blendMode = 'avg'
15.8736 	EXP 	window1: blendMode = 'avg'
15.8902 	EXP 	window1: blendMode = 'avg'
15.9069 	EXP 	window1: blendMode = 'avg'
15.9236 	EXP 	window1: blendMode = 'avg'
15.9403 	EXP 	window1: blendMode = 'avg'
15.9569 	EXP 	window1: blendMode = 'avg'
15.9736 	EXP 	window1: blendMode = 'avg'
15.9903 	EXP 	window1: blendMode = 'avg'
16.0070 	EXP 	window1: blendMode = 'avg'
16.0236 	EXP 	window1: blendMode = 'avg'
16.0406 	EXP 	window1: blendMode = 'avg'
16.0570 	EXP 	window1: blendMode = 'avg'
16.0739 	EXP 	window1: blendMode = 'avg'
16.0903 	EXP 	window1: blendMode = 'avg'
16.1070 	EXP 	window1: blendMode = 'avg'
16.1236 	EXP 	window1: blendMode = 'avg'
16.1406 	EXP 	window1: blendMode = 'avg'
16.1570 	EXP 	window1: blendMode = 'avg'
16.1737 	EXP 	window1: blendMode = 'avg'
16.1903 	EXP 	window1: blendMode = 'avg'
16.2070 	EXP 	window1: blendMode = 'avg'
16.2237 	EXP 	window1: blendMode = 'avg'
16.2406 	EXP 	window1: blendMode = 'avg'
16.2570 	EXP 	window1: blendMode = 'avg'
16.2737 	EXP 	window1: blendMode = 'avg'
16.2907 	EXP 	window1: blendMode = 'avg'
16.3070 	EXP 	window1: blendMode = 'avg'
16.3231 	DATA 	Keypress: 1
16.4029 	EXP 	window1: blendMode = 'avg'
16.4388 	EXP 	InstrText: autoDraw = False
16.4388 	EXP 	scalePic: image = 'stim/Smile_1.jpg'
16.4388 	EXP 	text_3: autoDraw = True
16.4393 	EXP 	window1: blendMode = 'avg'
16.4564 	EXP 	window1: blendMode = 'avg'
16.4727 	EXP 	window1: blendMode = 'avg'
16.4904 	EXP 	window1: blendMode = 'avg'
16.5071 	EXP 	window1: blendMode = 'avg'
16.5238 	EXP 	window1: blendMode = 'avg'
16.5404 	EXP 	window1: blendMode = 'avg'
16.5571 	EXP 	window1: blendMode = 'avg'
16.5737 	EXP 	window1: blendMode = 'avg'
16.5904 	EXP 	window1: blendMode = 'avg'
16.6071 	EXP 	window1: blendMode = 'avg'
16.6238 	EXP 	window1: blendMode = 'avg'
16.6408 	EXP 	window1: blendMode = 'avg'
16.6571 	EXP 	window1: blendMode = 'avg'
16.6737 	EXP 	window1: blendMode = 'avg'
16.6905 	EXP 	window1: blendMode = 'avg'
16.7071 	EXP 	window1: blendMode = 'avg'
16.7238 	EXP 	window1: blendMode = 'avg'
16.7405 	EXP 	window1: blendMode = 'avg'
16.7572 	EXP 	window1: blendMode = 'avg'
16.7738 	EXP 	window1: blendMode = 'avg'
16.7905 	EXP 	window1: blendMode = 'avg'
16.8072 	EXP 	window1: blendMode = 'avg'
16.8238 	EXP 	window1: blendMode = 'avg'
16.8405 	EXP 	window1: blendMode = 'avg'
16.8572 	EXP 	window1: blendMode = 'avg'
16.8739 	EXP 	window1: blendMode = 'avg'
16.8906 	EXP 	window1: blendMode = 'avg'
16.9072 	EXP 	window1: blendMode = 'avg'
16.9239 	EXP 	window1: blendMode = 'avg'
16.9406 	EXP 	window1: blendMode = 'avg'
16.9572 	EXP 	window1: blendMode = 'avg'
16.9739 	EXP 	window1: blendMode = 'avg'
16.9906 	EXP 	window1: blendMode = 'avg'
17.0072 	EXP 	window1: blendMode = 'avg'
17.0239 	EXP 	window1: blendMode = 'avg'
17.0405 	EXP 	window1: blendMode = 'avg'
17.0571 	EXP 	window1: blendMode = 'avg'
17.0739 	EXP 	window1: blendMode = 'avg'
17.0906 	EXP 	window1: blendMode = 'avg'
17.1073 	EXP 	window1: blendMode = 'avg'
17.1239 	EXP 	window1: blendMode = 'avg'
17.1405 	EXP 	window1: blendMode = 'avg'
17.1572 	EXP 	window1: blendMode = 'avg'
17.1739 	EXP 	window1: blendMode = 'avg'
17.1906 	EXP 	window1: blendMode = 'avg'
17.2073 	EXP 	window1: blendMode = 'avg'
17.2239 	EXP 	window1: blendMode = 'avg'
17.2406 	EXP 	window1: blendMode = 'avg'
17.2573 	EXP 	window1: blendMode = 'avg'
17.2739 	EXP 	window1: blendMode = 'avg'
17.2907 	EXP 	window1: blendMode = 'avg'
17.3073 	EXP 	window1: blendMode = 'avg'
17.3239 	EXP 	window1: blendMode = 'avg'
17.3406 	EXP 	window1: blendMode = 'avg'
17.3573 	EXP 	window1: blendMode = 'avg'
17.3740 	EXP 	window1: blendMode = 'avg'
17.3906 	EXP 	window1: blendMode = 'avg'
17.4073 	EXP 	window1: blendMode = 'avg'
17.4240 	EXP 	window1: blendMode = 'avg'
17.4407 	EXP 	window1: blendMode = 'avg'
17.4573 	EXP 	window1: blendMode = 'avg'
17.4740 	EXP 	window1: blendMode = 'avg'
17.4907 	EXP 	window1: blendMode = 'avg'
17.5074 	EXP 	window1: blendMode = 'avg'
17.5240 	EXP 	window1: blendMode = 'avg'
17.5407 	EXP 	window1: blendMode = 'avg'
17.5568 	DATA 	Keypress: 1
17.5579 	EXP 	window1: blendMode = 'avg'
17.5741 	EXP 	window1: blendMode = 'avg'
17.5907 	EXP 	window1: blendMode = 'avg'
17.6074 	EXP 	window1: blendMode = 'avg'
17.6241 	EXP 	window1: blendMode = 'avg'
17.6408 	EXP 	window1: blendMode = 'avg'
17.6576 	EXP 	window1: blendMode = 'avg'
17.6741 	EXP 	window1: blendMode = 'avg'
17.6908 	EXP 	window1: blendMode = 'avg'
17.7074 	EXP 	window1: blendMode = 'avg'
17.7241 	EXP 	window1: blendMode = 'avg'
17.7408 	EXP 	window1: blendMode = 'avg'
17.7575 	EXP 	window1: blendMode = 'avg'
17.7742 	EXP 	window1: blendMode = 'avg'
17.7908 	EXP 	window1: blendMode = 'avg'
17.8075 	EXP 	window1: blendMode = 'avg'
17.8241 	EXP 	window1: blendMode = 'avg'
17.8408 	EXP 	window1: blendMode = 'avg'
17.8575 	EXP 	window1: blendMode = 'avg'
17.8742 	EXP 	window1: blendMode = 'avg'
17.8908 	EXP 	window1: blendMode = 'avg'
17.9075 	EXP 	window1: blendMode = 'avg'
17.9242 	EXP 	window1: blendMode = 'avg'
17.9444 	EXP 	window1: blendMode = 'avg'
17.9575 	EXP 	window1: blendMode = 'avg'
17.9742 	EXP 	window1: blendMode = 'avg'
17.9909 	EXP 	window1: blendMode = 'avg'
18.0075 	EXP 	window1: blendMode = 'avg'
18.0242 	EXP 	window1: blendMode = 'avg'
18.0408 	EXP 	window1: blendMode = 'avg'
18.0576 	EXP 	window1: blendMode = 'avg'
18.0742 	EXP 	window1: blendMode = 'avg'
18.0909 	EXP 	window1: blendMode = 'avg'
18.1075 	EXP 	window1: blendMode = 'avg'
18.1242 	EXP 	window1: blendMode = 'avg'
18.1409 	EXP 	window1: blendMode = 'avg'
18.1575 	EXP 	window1: blendMode = 'avg'
18.1742 	EXP 	window1: blendMode = 'avg'
18.1916 	EXP 	window1: blendMode = 'avg'
18.2076 	EXP 	window1: blendMode = 'avg'
18.2243 	EXP 	window1: blendMode = 'avg'
18.2410 	EXP 	window1: blendMode = 'avg'
18.2576 	EXP 	window1: blendMode = 'avg'
18.2743 	EXP 	window1: blendMode = 'avg'
18.2909 	EXP 	window1: blendMode = 'avg'
18.3076 	EXP 	window1: blendMode = 'avg'
18.3243 	EXP 	window1: blendMode = 'avg'
18.3410 	EXP 	window1: blendMode = 'avg'
18.3576 	EXP 	window1: blendMode = 'avg'
18.3743 	EXP 	window1: blendMode = 'avg'
18.3910 	EXP 	window1: blendMode = 'avg'
18.4077 	EXP 	window1: blendMode = 'avg'
18.4243 	EXP 	window1: blendMode = 'avg'
18.4410 	EXP 	window1: blendMode = 'avg'
18.4577 	EXP 	window1: blendMode = 'avg'
18.4744 	EXP 	window1: blendMode = 'avg'
18.4910 	EXP 	window1: blendMode = 'avg'
18.5076 	EXP 	window1: blendMode = 'avg'
18.5243 	EXP 	window1: blendMode = 'avg'
18.5410 	EXP 	window1: blendMode = 'avg'
18.5577 	EXP 	window1: blendMode = 'avg'
18.5744 	EXP 	window1: blendMode = 'avg'
18.5910 	EXP 	window1: blendMode = 'avg'
18.6077 	EXP 	window1: blendMode = 'avg'
18.6244 	EXP 	window1: blendMode = 'avg'
18.6411 	EXP 	window1: blendMode = 'avg'
18.6577 	EXP 	window1: blendMode = 'avg'
18.6744 	EXP 	window1: blendMode = 'avg'
18.6911 	EXP 	window1: blendMode = 'avg'
18.7078 	EXP 	window1: blendMode = 'avg'
18.7244 	EXP 	window1: blendMode = 'avg'
18.7411 	EXP 	window1: blendMode = 'avg'
18.7577 	EXP 	window1: blendMode = 'avg'
18.7744 	EXP 	window1: blendMode = 'avg'
18.7911 	EXP 	window1: blendMode = 'avg'
18.8078 	EXP 	window1: blendMode = 'avg'
18.8245 	EXP 	window1: blendMode = 'avg'
18.8411 	EXP 	window1: blendMode = 'avg'
18.8578 	EXP 	window1: blendMode = 'avg'
18.8745 	EXP 	window1: blendMode = 'avg'
18.8911 	EXP 	window1: blendMode = 'avg'
18.9078 	EXP 	window1: blendMode = 'avg'
18.9245 	EXP 	window1: blendMode = 'avg'
18.9412 	EXP 	window1: blendMode = 'avg'
18.9578 	EXP 	window1: blendMode = 'avg'
18.9745 	EXP 	window1: blendMode = 'avg'
18.9912 	EXP 	window1: blendMode = 'avg'
19.0078 	EXP 	window1: blendMode = 'avg'
19.0245 	EXP 	window1: blendMode = 'avg'
19.0412 	EXP 	window1: blendMode = 'avg'
19.0579 	EXP 	window1: blendMode = 'avg'
19.0745 	EXP 	window1: blendMode = 'avg'
19.0912 	EXP 	window1: blendMode = 'avg'
19.1079 	EXP 	window1: blendMode = 'avg'
19.1245 	EXP 	window1: blendMode = 'avg'
19.1412 	EXP 	window1: blendMode = 'avg'
19.1579 	EXP 	window1: blendMode = 'avg'
19.1745 	EXP 	window1: blendMode = 'avg'
19.1912 	EXP 	window1: blendMode = 'avg'
19.2079 	EXP 	window1: blendMode = 'avg'
19.2245 	EXP 	window1: blendMode = 'avg'
19.2412 	EXP 	window1: blendMode = 'avg'
19.2579 	EXP 	window1: blendMode = 'avg'
19.2746 	EXP 	window1: blendMode = 'avg'
19.2912 	EXP 	window1: blendMode = 'avg'
19.3079 	EXP 	window1: blendMode = 'avg'
19.3249 	EXP 	window1: blendMode = 'avg'
19.3418 	EXP 	window1: blendMode = 'avg'
19.3568 	EXP 	scalePic: autoDraw = True
19.3584 	EXP 	window1: blendMode = 'avg'
19.3749 	EXP 	window1: blendMode = 'avg'
19.3916 	EXP 	window1: blendMode = 'avg'
19.4080 	EXP 	window1: blendMode = 'avg'
19.4246 	EXP 	window1: blendMode = 'avg'
19.4413 	EXP 	window1: blendMode = 'avg'
19.4579 	EXP 	window1: blendMode = 'avg'
19.4746 	EXP 	window1: blendMode = 'avg'
19.4913 	EXP 	window1: blendMode = 'avg'
19.5080 	EXP 	window1: blendMode = 'avg'
19.5247 	EXP 	window1: blendMode = 'avg'
19.5413 	EXP 	window1: blendMode = 'avg'
19.5580 	EXP 	window1: blendMode = 'avg'
19.5747 	EXP 	window1: blendMode = 'avg'
19.5914 	EXP 	window1: blendMode = 'avg'
19.6080 	EXP 	window1: blendMode = 'avg'
19.6247 	EXP 	window1: blendMode = 'avg'
19.6414 	EXP 	window1: blendMode = 'avg'
19.6580 	EXP 	window1: blendMode = 'avg'
19.6746 	EXP 	window1: blendMode = 'avg'
19.6914 	EXP 	window1: blendMode = 'avg'
19.7080 	EXP 	window1: blendMode = 'avg'
19.7246 	EXP 	window1: blendMode = 'avg'
19.7414 	EXP 	window1: blendMode = 'avg'
19.7581 	EXP 	window1: blendMode = 'avg'
19.7747 	EXP 	window1: blendMode = 'avg'
19.7914 	EXP 	window1: blendMode = 'avg'
19.8083 	EXP 	window1: blendMode = 'avg'
19.8248 	EXP 	window1: blendMode = 'avg'
19.8414 	EXP 	window1: blendMode = 'avg'
19.8584 	EXP 	window1: blendMode = 'avg'
19.8748 	EXP 	window1: blendMode = 'avg'
19.8914 	EXP 	window1: blendMode = 'avg'
19.9081 	EXP 	window1: blendMode = 'avg'
19.9248 	EXP 	window1: blendMode = 'avg'
19.9415 	EXP 	window1: blendMode = 'avg'
19.9581 	EXP 	window1: blendMode = 'avg'
19.9748 	EXP 	window1: blendMode = 'avg'
19.9915 	EXP 	window1: blendMode = 'avg'
20.0080 	EXP 	window1: blendMode = 'avg'
20.0248 	EXP 	window1: blendMode = 'avg'
20.0415 	EXP 	window1: blendMode = 'avg'
20.0581 	EXP 	window1: blendMode = 'avg'
20.0748 	EXP 	window1: blendMode = 'avg'
20.0915 	EXP 	window1: blendMode = 'avg'
20.1082 	EXP 	window1: blendMode = 'avg'
20.1248 	EXP 	window1: blendMode = 'avg'
20.1415 	EXP 	window1: blendMode = 'avg'
20.1582 	EXP 	window1: blendMode = 'avg'
20.1749 	EXP 	window1: blendMode = 'avg'
20.1915 	EXP 	window1: blendMode = 'avg'
20.2082 	EXP 	window1: blendMode = 'avg'
20.2249 	EXP 	window1: blendMode = 'avg'
20.2414 	EXP 	window1: blendMode = 'avg'
20.2581 	EXP 	window1: blendMode = 'avg'
20.2748 	EXP 	window1: blendMode = 'avg'
20.2915 	EXP 	window1: blendMode = 'avg'
20.3082 	EXP 	window1: blendMode = 'avg'
20.3249 	EXP 	window1: blendMode = 'avg'
20.3415 	EXP 	window1: blendMode = 'avg'
20.3582 	EXP 	window1: blendMode = 'avg'
20.3749 	EXP 	window1: blendMode = 'avg'
20.3915 	EXP 	window1: blendMode = 'avg'
20.4082 	EXP 	window1: blendMode = 'avg'
20.4249 	EXP 	window1: blendMode = 'avg'
20.4416 	EXP 	window1: blendMode = 'avg'
20.4583 	EXP 	window1: blendMode = 'avg'
20.4750 	EXP 	window1: blendMode = 'avg'
20.4910 	DATA 	Keypress: lctrl
20.4919 	EXP 	window1: blendMode = 'avg'
20.5082 	EXP 	window1: blendMode = 'avg'
20.5249 	EXP 	window1: blendMode = 'avg'
20.5416 	EXP 	window1: blendMode = 'avg'
20.5583 	EXP 	window1: blendMode = 'avg'
20.5749 	EXP 	window1: blendMode = 'avg'
20.5916 	EXP 	window1: blendMode = 'avg'
20.6083 	EXP 	window1: blendMode = 'avg'
20.6249 	EXP 	window1: blendMode = 'avg'
20.6416 	EXP 	window1: blendMode = 'avg'
20.6583 	EXP 	window1: blendMode = 'avg'
20.6750 	EXP 	window1: blendMode = 'avg'
20.6916 	EXP 	window1: blendMode = 'avg'
20.7083 	EXP 	window1: blendMode = 'avg'
20.7250 	EXP 	window1: blendMode = 'avg'
20.7416 	EXP 	window1: blendMode = 'avg'
20.7583 	EXP 	window1: blendMode = 'avg'
20.7750 	EXP 	window1: blendMode = 'avg'
20.7916 	EXP 	window1: blendMode = 'avg'
20.8083 	EXP 	window1: blendMode = 'avg'
20.8250 	EXP 	window1: blendMode = 'avg'
20.8417 	EXP 	window1: blendMode = 'avg'
20.8584 	EXP 	window1: blendMode = 'avg'
20.8750 	EXP 	window1: blendMode = 'avg'
20.8917 	EXP 	window1: blendMode = 'avg'
20.9084 	EXP 	window1: blendMode = 'avg'
20.9250 	EXP 	window1: blendMode = 'avg'
20.9417 	EXP 	window1: blendMode = 'avg'
20.9584 	EXP 	window1: blendMode = 'avg'
20.9750 	EXP 	window1: blendMode = 'avg'
20.9917 	EXP 	window1: blendMode = 'avg'
21.0087 	EXP 	window1: blendMode = 'avg'
21.0251 	EXP 	window1: blendMode = 'avg'
21.0420 	EXP 	window1: blendMode = 'avg'
21.0584 	EXP 	window1: blendMode = 'avg'
21.0754 	EXP 	window1: blendMode = 'avg'
21.0918 	EXP 	window1: blendMode = 'avg'
21.1087 	EXP 	window1: blendMode = 'avg'
21.1252 	EXP 	window1: blendMode = 'avg'
21.1424 	EXP 	window1: blendMode = 'avg'
21.1587 	EXP 	window1: blendMode = 'avg'
21.1754 	EXP 	window1: blendMode = 'avg'
21.1922 	EXP 	window1: blendMode = 'avg'
21.2088 	EXP 	window1: blendMode = 'avg'
21.2254 	EXP 	window1: blendMode = 'avg'
21.2421 	EXP 	window1: blendMode = 'avg'
21.2588 	EXP 	window1: blendMode = 'avg'
21.2755 	EXP 	window1: blendMode = 'avg'
21.2921 	EXP 	window1: blendMode = 'avg'
21.3088 	EXP 	window1: blendMode = 'avg'
21.3264 	EXP 	window1: blendMode = 'avg'
21.3407 	EXP 	text_3: autoDraw = False
21.3407 	EXP 	moreDirections: autoDraw = True
21.3426 	EXP 	window1: blendMode = 'avg'
21.3590 	EXP 	window1: blendMode = 'avg'
21.3757 	EXP 	window1: blendMode = 'avg'
21.3923 	EXP 	window1: blendMode = 'avg'
21.4090 	EXP 	window1: blendMode = 'avg'
21.4257 	EXP 	window1: blendMode = 'avg'
21.4423 	EXP 	window1: blendMode = 'avg'
21.4590 	EXP 	window1: blendMode = 'avg'
21.4757 	EXP 	window1: blendMode = 'avg'
21.4924 	EXP 	window1: blendMode = 'avg'
21.5091 	EXP 	window1: blendMode = 'avg'
21.5257 	EXP 	window1: blendMode = 'avg'
21.5426 	EXP 	window1: blendMode = 'avg'
21.5590 	EXP 	window1: blendMode = 'avg'
21.5758 	EXP 	window1: blendMode = 'avg'
21.5921 	EXP 	window1: blendMode = 'avg'
21.6088 	EXP 	window1: blendMode = 'avg'
21.6255 	EXP 	window1: blendMode = 'avg'
21.6422 	EXP 	window1: blendMode = 'avg'
21.6593 	EXP 	window1: blendMode = 'avg'
21.6758 	EXP 	window1: blendMode = 'avg'
21.6924 	EXP 	window1: blendMode = 'avg'
21.7092 	EXP 	window1: blendMode = 'avg'
21.7259 	EXP 	window1: blendMode = 'avg'
21.7426 	EXP 	window1: blendMode = 'avg'
21.7591 	EXP 	window1: blendMode = 'avg'
21.7759 	EXP 	window1: blendMode = 'avg'
21.7924 	EXP 	window1: blendMode = 'avg'
21.8091 	EXP 	window1: blendMode = 'avg'
21.8258 	EXP 	window1: blendMode = 'avg'
21.8424 	EXP 	window1: blendMode = 'avg'
21.8591 	EXP 	window1: blendMode = 'avg'
21.8758 	EXP 	window1: blendMode = 'avg'
21.8925 	EXP 	window1: blendMode = 'avg'
21.9097 	EXP 	window1: blendMode = 'avg'
21.9260 	EXP 	window1: blendMode = 'avg'
21.9426 	EXP 	window1: blendMode = 'avg'
21.9591 	EXP 	window1: blendMode = 'avg'
21.9760 	EXP 	window1: blendMode = 'avg'
21.9925 	EXP 	window1: blendMode = 'avg'
22.0091 	EXP 	window1: blendMode = 'avg'
22.0258 	EXP 	window1: blendMode = 'avg'
22.0425 	EXP 	window1: blendMode = 'avg'
22.0592 	EXP 	window1: blendMode = 'avg'
22.0759 	EXP 	window1: blendMode = 'avg'
22.0925 	EXP 	window1: blendMode = 'avg'
22.1093 	EXP 	window1: blendMode = 'avg'
22.1258 	EXP 	window1: blendMode = 'avg'
22.1427 	EXP 	window1: blendMode = 'avg'
22.1590 	EXP 	window1: blendMode = 'avg'
22.1760 	EXP 	window1: blendMode = 'avg'
22.1925 	EXP 	window1: blendMode = 'avg'
22.2092 	EXP 	window1: blendMode = 'avg'
22.2259 	EXP 	window1: blendMode = 'avg'
22.2426 	EXP 	window1: blendMode = 'avg'
22.2590 	EXP 	window1: blendMode = 'avg'
22.2756 	EXP 	window1: blendMode = 'avg'
22.2923 	EXP 	window1: blendMode = 'avg'
22.3091 	EXP 	window1: blendMode = 'avg'
22.3257 	EXP 	window1: blendMode = 'avg'
22.3423 	EXP 	window1: blendMode = 'avg'
22.3590 	EXP 	window1: blendMode = 'avg'
22.3759 	EXP 	window1: blendMode = 'avg'
22.3924 	EXP 	window1: blendMode = 'avg'
22.4090 	EXP 	window1: blendMode = 'avg'
22.4257 	EXP 	window1: blendMode = 'avg'
22.4423 	EXP 	window1: blendMode = 'avg'
22.4590 	EXP 	window1: blendMode = 'avg'
22.4757 	EXP 	window1: blendMode = 'avg'
22.4924 	EXP 	window1: blendMode = 'avg'
22.5090 	EXP 	window1: blendMode = 'avg'
22.5257 	EXP 	window1: blendMode = 'avg'
22.5424 	EXP 	window1: blendMode = 'avg'
22.5591 	EXP 	window1: blendMode = 'avg'
22.5757 	EXP 	window1: blendMode = 'avg'
22.5924 	EXP 	window1: blendMode = 'avg'
22.6091 	EXP 	window1: blendMode = 'avg'
22.6258 	EXP 	window1: blendMode = 'avg'
22.6424 	EXP 	window1: blendMode = 'avg'
22.6594 	EXP 	window1: blendMode = 'avg'
22.6758 	EXP 	window1: blendMode = 'avg'
22.6927 	EXP 	window1: blendMode = 'avg'
22.7093 	EXP 	window1: blendMode = 'avg'
22.7265 	EXP 	window1: blendMode = 'avg'
22.7428 	EXP 	window1: blendMode = 'avg'
22.7595 	EXP 	window1: blendMode = 'avg'
22.7760 	EXP 	window1: blendMode = 'avg'
22.7927 	EXP 	window1: blendMode = 'avg'
22.8091 	EXP 	window1: blendMode = 'avg'
22.8258 	EXP 	window1: blendMode = 'avg'
22.8425 	EXP 	window1: blendMode = 'avg'
22.8591 	EXP 	window1: blendMode = 'avg'
22.8758 	EXP 	window1: blendMode = 'avg'
22.8925 	EXP 	window1: blendMode = 'avg'
22.9091 	EXP 	window1: blendMode = 'avg'
22.9258 	EXP 	window1: blendMode = 'avg'
22.9425 	EXP 	window1: blendMode = 'avg'
22.9592 	EXP 	window1: blendMode = 'avg'
22.9759 	EXP 	window1: blendMode = 'avg'
22.9925 	EXP 	window1: blendMode = 'avg'
23.0092 	EXP 	window1: blendMode = 'avg'
23.0259 	EXP 	window1: blendMode = 'avg'
23.0425 	EXP 	window1: blendMode = 'avg'
23.0592 	EXP 	window1: blendMode = 'avg'
23.0759 	EXP 	window1: blendMode = 'avg'
23.0926 	EXP 	window1: blendMode = 'avg'
23.1092 	EXP 	window1: blendMode = 'avg'
23.1259 	EXP 	window1: blendMode = 'avg'
23.1426 	EXP 	window1: blendMode = 'avg'
23.1593 	EXP 	window1: blendMode = 'avg'
23.1759 	EXP 	window1: blendMode = 'avg'
23.1927 	EXP 	window1: blendMode = 'avg'
23.2093 	EXP 	window1: blendMode = 'avg'
23.2259 	EXP 	window1: blendMode = 'avg'
23.2426 	EXP 	window1: blendMode = 'avg'
23.2593 	EXP 	window1: blendMode = 'avg'
23.2759 	EXP 	window1: blendMode = 'avg'
23.2926 	EXP 	window1: blendMode = 'avg'
23.3093 	EXP 	window1: blendMode = 'avg'
23.3260 	EXP 	window1: blendMode = 'avg'
23.3426 	EXP 	window1: blendMode = 'avg'
23.3593 	EXP 	window1: blendMode = 'avg'
23.3759 	EXP 	window1: blendMode = 'avg'
23.3927 	EXP 	window1: blendMode = 'avg'
23.4093 	EXP 	window1: blendMode = 'avg'
23.4260 	EXP 	window1: blendMode = 'avg'
23.4427 	EXP 	window1: blendMode = 'avg'
23.4594 	EXP 	window1: blendMode = 'avg'
23.4760 	EXP 	window1: blendMode = 'avg'
23.4927 	EXP 	window1: blendMode = 'avg'
23.5094 	EXP 	window1: blendMode = 'avg'
23.5261 	EXP 	window1: blendMode = 'avg'
23.5427 	EXP 	window1: blendMode = 'avg'
23.5594 	EXP 	window1: blendMode = 'avg'
23.5761 	EXP 	window1: blendMode = 'avg'
23.5928 	EXP 	window1: blendMode = 'avg'
23.6094 	EXP 	window1: blendMode = 'avg'
23.6261 	EXP 	window1: blendMode = 'avg'
23.6427 	EXP 	window1: blendMode = 'avg'
23.6594 	EXP 	window1: blendMode = 'avg'
23.6761 	EXP 	window1: blendMode = 'avg'
23.6928 	EXP 	window1: blendMode = 'avg'
23.7095 	EXP 	window1: blendMode = 'avg'
23.7261 	EXP 	window1: blendMode = 'avg'
23.7428 	EXP 	window1: blendMode = 'avg'
23.7594 	EXP 	window1: blendMode = 'avg'
23.7761 	EXP 	window1: blendMode = 'avg'
23.7928 	EXP 	window1: blendMode = 'avg'
23.8095 	EXP 	window1: blendMode = 'avg'
23.8262 	EXP 	window1: blendMode = 'avg'
23.8428 	EXP 	window1: blendMode = 'avg'
23.8594 	EXP 	window1: blendMode = 'avg'
23.8761 	EXP 	window1: blendMode = 'avg'
23.8928 	EXP 	window1: blendMode = 'avg'
23.9095 	EXP 	window1: blendMode = 'avg'
23.9262 	EXP 	window1: blendMode = 'avg'
23.9431 	EXP 	window1: blendMode = 'avg'
23.9598 	EXP 	window1: blendMode = 'avg'
23.9765 	EXP 	window1: blendMode = 'avg'
23.9931 	EXP 	window1: blendMode = 'avg'
24.0098 	EXP 	window1: blendMode = 'avg'
24.0265 	EXP 	window1: blendMode = 'avg'
24.0431 	EXP 	window1: blendMode = 'avg'
24.0598 	EXP 	window1: blendMode = 'avg'
24.0765 	EXP 	window1: blendMode = 'avg'
24.0936 	EXP 	window1: blendMode = 'avg'
24.1100 	EXP 	window1: blendMode = 'avg'
24.1265 	EXP 	window1: blendMode = 'avg'
24.1431 	EXP 	window1: blendMode = 'avg'
24.1600 	EXP 	window1: blendMode = 'avg'
24.1765 	EXP 	window1: blendMode = 'avg'
24.1932 	EXP 	window1: blendMode = 'avg'
24.2099 	EXP 	window1: blendMode = 'avg'
24.2264 	EXP 	window1: blendMode = 'avg'
24.2432 	EXP 	window1: blendMode = 'avg'
24.2599 	EXP 	window1: blendMode = 'avg'
24.2766 	EXP 	window1: blendMode = 'avg'
24.2934 	EXP 	window1: blendMode = 'avg'
24.3101 	EXP 	window1: blendMode = 'avg'
24.3265 	EXP 	window1: blendMode = 'avg'
24.3432 	EXP 	window1: blendMode = 'avg'
24.3600 	EXP 	window1: blendMode = 'avg'
24.3765 	EXP 	window1: blendMode = 'avg'
24.3932 	EXP 	window1: blendMode = 'avg'
24.4099 	EXP 	window1: blendMode = 'avg'
24.4265 	EXP 	window1: blendMode = 'avg'
24.4432 	EXP 	window1: blendMode = 'avg'
24.4599 	EXP 	window1: blendMode = 'avg'
24.4766 	EXP 	window1: blendMode = 'avg'
24.4932 	EXP 	window1: blendMode = 'avg'
24.5099 	EXP 	window1: blendMode = 'avg'
24.5263 	EXP 	window1: blendMode = 'avg'
24.5433 	EXP 	window1: blendMode = 'avg'
24.5597 	EXP 	window1: blendMode = 'avg'
24.5764 	EXP 	window1: blendMode = 'avg'
24.5930 	EXP 	window1: blendMode = 'avg'
24.6096 	EXP 	window1: blendMode = 'avg'
24.6263 	EXP 	window1: blendMode = 'avg'
24.6430 	EXP 	window1: blendMode = 'avg'
24.6597 	EXP 	window1: blendMode = 'avg'
24.6762 	EXP 	window1: blendMode = 'avg'
24.6930 	EXP 	window1: blendMode = 'avg'
24.7097 	EXP 	window1: blendMode = 'avg'
24.7264 	EXP 	window1: blendMode = 'avg'
24.7430 	EXP 	window1: blendMode = 'avg'
24.7597 	EXP 	window1: blendMode = 'avg'
24.7764 	EXP 	window1: blendMode = 'avg'
24.7931 	EXP 	window1: blendMode = 'avg'
24.8097 	EXP 	window1: blendMode = 'avg'
24.8265 	EXP 	window1: blendMode = 'avg'
24.8431 	EXP 	window1: blendMode = 'avg'
24.8600 	EXP 	window1: blendMode = 'avg'
24.8767 	EXP 	window1: blendMode = 'avg'
24.8932 	EXP 	window1: blendMode = 'avg'
24.9104 	EXP 	window1: blendMode = 'avg'
24.9267 	EXP 	window1: blendMode = 'avg'
24.9431 	EXP 	window1: blendMode = 'avg'
24.9598 	EXP 	window1: blendMode = 'avg'
24.9765 	EXP 	window1: blendMode = 'avg'
24.9934 	EXP 	window1: blendMode = 'avg'
25.0098 	EXP 	window1: blendMode = 'avg'
25.0265 	EXP 	window1: blendMode = 'avg'
25.0432 	EXP 	window1: blendMode = 'avg'
25.0598 	EXP 	window1: blendMode = 'avg'
25.0765 	EXP 	window1: blendMode = 'avg'
25.0932 	EXP 	window1: blendMode = 'avg'
25.1099 	EXP 	window1: blendMode = 'avg'
25.1265 	EXP 	window1: blendMode = 'avg'
25.1432 	EXP 	window1: blendMode = 'avg'
25.1599 	EXP 	window1: blendMode = 'avg'
25.1766 	EXP 	window1: blendMode = 'avg'
25.1932 	EXP 	window1: blendMode = 'avg'
25.2099 	EXP 	window1: blendMode = 'avg'
25.2266 	EXP 	window1: blendMode = 'avg'
25.2432 	EXP 	window1: blendMode = 'avg'
25.2599 	EXP 	window1: blendMode = 'avg'
25.2766 	EXP 	window1: blendMode = 'avg'
25.2933 	EXP 	window1: blendMode = 'avg'
25.3100 	EXP 	window1: blendMode = 'avg'
25.3267 	EXP 	window1: blendMode = 'avg'
25.3278 	EXP 	window1: blendMode = 'avg'
25.3288 	EXP 	window1: blendMode = 'avg'
25.3418 	EXP 	text_17: autoDraw = True
25.3418 	EXP 	text_37: autoDraw = True
25.3433 	EXP 	window1: blendMode = 'avg'
25.3440 	EXP 	window1: blendMode = 'avg'
25.3446 	EXP 	window1: blendMode = 'avg'
25.3599 	EXP 	window1: blendMode = 'avg'
25.3606 	EXP 	window1: blendMode = 'avg'
25.3613 	EXP 	window1: blendMode = 'avg'
25.3766 	EXP 	window1: blendMode = 'avg'
25.3773 	EXP 	window1: blendMode = 'avg'
25.3779 	EXP 	window1: blendMode = 'avg'
25.3933 	EXP 	window1: blendMode = 'avg'
25.3940 	EXP 	window1: blendMode = 'avg'
25.3946 	EXP 	window1: blendMode = 'avg'
25.4100 	EXP 	window1: blendMode = 'avg'
25.4106 	EXP 	window1: blendMode = 'avg'
25.4113 	EXP 	window1: blendMode = 'avg'
25.4266 	EXP 	window1: blendMode = 'avg'
25.4273 	EXP 	window1: blendMode = 'avg'
25.4280 	EXP 	window1: blendMode = 'avg'
25.4433 	EXP 	window1: blendMode = 'avg'
25.4440 	EXP 	window1: blendMode = 'avg'
25.4446 	EXP 	window1: blendMode = 'avg'
25.4600 	EXP 	window1: blendMode = 'avg'
25.4606 	EXP 	window1: blendMode = 'avg'
25.4613 	EXP 	window1: blendMode = 'avg'
25.4759 	DATA 	Keypress: escape
