9.7274 	WARNING 	User requested fullscreen with size [1920 1080], but screen is actually [1440, 900]. Using actual size
10.4582 	EXP 	Created window1 = Window(allowGUI=True, allowStencil=False, autoLog=True, bitsMode=UNKNOWN, blendMode='avg', color=array([-1., -1., -1.]), colorSpace='rgb', fullscr=UNKNOWN, gamma=None, lms=UNKNOWN, monitor=<psychopy.monitors.calibTools.Monitor object at 0x112786810>, multiSample=False, name='window1', numSamples=2, pos=[0, 0], screen=0, size=array([1440,  900]), stereo=False, units=u'norm', useFBO=True, useRetina=False, viewOri=0.0, viewPos=None, viewScale=None, waitBlanking=True, winType='pyglet')
10.4583 	EXP 	window1: recordFrameIntervals = False
10.6235 	EXP 	window1: recordFrameIntervals = True
10.9399 	EXP 	window1: recordFrameIntervals = False
11.0540 	EXP 	Created InstrText = TextStim(alignHoriz='center', alignVert='center', antialias=True, autoLog=True, bold=False, color='white', colorSpace='named', contrast=1.0, depth=0.0, flipHoriz=False, flipVert=False, font='Arial', fontFiles=[], height=0.08, italic=False, name='InstrText', opacity=1.0, ori=0, pos=array([ 0.,  0.]), rgb=array([ 255.,  255.,  255.]), text=unicode(...), units=u'norm', win=Window(...), wrapWidth=1.6)
11.0594 	EXP 	Created getReadyText = TextStim(alignHoriz='center', alignVert='center', antialias=True, autoLog=True, bold=False, color='white', colorSpace='named', contrast=1.0, depth=0.0, flipHoriz=False, flipVert=False, font='Arial', fontFiles=[], height=0.08, italic=False, name='getReadyText', opacity=1.0, ori=0, pos=array([ 0.,  0.]), rgb=array([ 255.,  255.,  255.]), text=u'default text', units=u'norm', win=Window(...), wrapWidth=1)
11.0632 	EXP 	Created waitScannerText = TextStim(alignHoriz='center', alignVert='center', antialias=True, autoLog=True, bold=False, color=array([ 0.6,  0.6,  0.6]), colorSpace='rgb', contrast=1.0, depth=-2.0, flipHoriz=False, flipVert=False, font=u'Arial', fontFiles=[], height=0.08, italic=False, name='waitScannerText', opacity=1.0, ori=0, pos=array([ 0.,  0.]), rgb=array([ 0.6,  0.6,  0.6]), text=u'default text', units=u'norm', win=Window(...), wrapWidth=1)
11.0634 	WARNING 	No Serial Device Found.
11.0634 	EXP 	Serial: Wrote 0 (00000000) to 0 (BNC)
11.3646 	EXP 	Serial: Wrote 0 (00000000) to 1 (Parallel)
11.6679 	EXP 	Created peerPhotoCue = ImageStim(autoLog=True, color=array([ 1.,  1.,  1.]), colorSpace='rgb', contrast=1.0, depth=0.0, flipHoriz=False, flipVert=False, image='sin', interpolate=True, mask=None, maskParams=None, name='peerPhotoCue', opacity=1.0, ori=0.0, pos=array([ 0.,  0.]), size=array([ 542.,  620.]), texRes=128, units='pix', win=Window(...))
11.6749 	EXP 	Created PredictText = TextStim(alignHoriz='center', alignVert='center', antialias=True, autoLog=True, bold=False, color='white', colorSpace='named', contrast=1.0, depth=-3.0, flipHoriz=False, flipVert=False, font='Arial', fontFiles=[], height=0.18, italic=False, name='PredictText', opacity=1.0, ori=0, pos=array([-0.75,  0.  ]), rgb=array([ 255.,  255.,  255.]), text=u'default text', units=u'norm', win=Window(...), wrapWidth=1)
11.6769 	EXP 	Created delay = ImageStim(autoLog=True, color=array([ 1.,  1.,  1.]), colorSpace='rgb', contrast=1.0, depth=0.0, flipHoriz=False, flipVert=False, image='sin', interpolate=True, mask=None, maskParams=None, name='delay', opacity=1.0, ori=0.0, pos=array([ 0.,  0.]), size=array([ 1.,  1.]), texRes=128, units='pix', win=Window(...))
11.6809 	EXP 	Created delayText = TextStim(alignHoriz='center', alignVert='center', antialias=True, autoLog=True, bold=False, color='white', colorSpace='named', contrast=1.0, depth=-1.0, flipHoriz=False, flipVert=False, font='Arial', fontFiles=[], height=0.18, italic=False, name='delayText', opacity=1.0, ori=0, pos=array([ 0.,  0.]), rgb=array([ 255.,  255.,  255.]), text=u'default text', units=u'norm', win=Window(...), wrapWidth=1)
11.6892 	EXP 	Created polygon_2 = Polygon(autoDraw=False, autoLog=True, closeShape=True, contrast=1.0, depth=0, fillColor=array([ 1.,  1.,  1.]), fillColorSpace='rgb', fillRGB=array([ 1.,  1.,  1.]), interpolate=True, lineColor=array([ 1.,  1.,  1.]), lineColorSpace='rgb', lineRGB=array([ 1.,  1.,  1.]), lineWidth=1, name='polygon_2', opacity=1.0, ori=array(0.0), pos=array([ 0.,  0.]), size=array([ 1.,  1.]), units=u'norm', vertices=ndarray(...), win=Window(...))
11.6910 	EXP 	Created PeerPhotoFeedback = ImageStim(autoLog=True, color=array([ 1.,  1.,  1.]), colorSpace='rgb', contrast=1.0, depth=0.0, flipHoriz=False, flipVert=False, image='sin', interpolate=True, mask=None, maskParams=None, name='PeerPhotoFeedback', opacity=1.0, ori=0.0, pos=array([ 0.,  0.]), size=array([ 1.,  1.]), texRes=128, units='pix', win=Window(...))
11.6950 	EXP 	Created peerEval = TextStim(alignHoriz='center', alignVert='center', antialias=True, autoLog=True, bold=False, color='white', colorSpace='named', contrast=1.0, depth=-1.0, flipHoriz=False, flipVert=False, font='Arial', fontFiles=[], height=0.18, italic=False, name='peerEval', opacity=1.0, ori=0, pos=array([ 0.75,  0.  ]), rgb=array([ 255.,  255.,  255.]), text=u'default text', units=u'norm', win=Window(...), wrapWidth=1)
11.6984 	EXP 	Created predictText = TextStim(alignHoriz='center', alignVert='center', antialias=True, autoLog=True, bold=False, color='white', colorSpace='named', contrast=1.0, depth=-2.0, flipHoriz=False, flipVert=False, font='Arial', fontFiles=[], height=0.18, italic=False, name='predictText', opacity=1.0, ori=0, pos=array([-0.75,  0.  ]), rgb=array([ 255.,  255.,  255.]), text=u'default text', units=u'norm', win=Window(...), wrapWidth=1)
11.7031 	EXP 	Created polygon = Polygon(autoDraw=False, autoLog=True, closeShape=True, contrast=1.0, depth=0, fillColor=array([ 1.,  1.,  1.]), fillColorSpace='rgb', fillRGB=array([ 1.,  1.,  1.]), interpolate=True, lineColor=array([ 1.,  1.,  1.]), lineColorSpace='rgb', lineRGB=array([ 1.,  1.,  1.]), lineWidth=1, name='polygon', opacity=1.0, ori=array(0.0), pos=array([ 0.,  0.]), size=array([ 1.,  1.]), units=u'norm', vertices=ndarray(...), win=Window(...))
11.7074 	EXP 	Created polygon_3 = Polygon(autoDraw=False, autoLog=True, closeShape=True, contrast=1.0, depth=0, fillColor=array([ 1.,  1.,  1.]), fillColorSpace='rgb', fillRGB=array([ 1.,  1.,  1.]), interpolate=True, lineColor=array([ 1.,  1.,  1.]), lineColorSpace='rgb', lineRGB=array([ 1.,  1.,  1.]), lineWidth=1, name='polygon_3', opacity=1.0, ori=array(0.0), pos=array([ 0.,  0.]), size=array([ 1.,  1.]), units=u'norm', vertices=ndarray(...), win=Window(...))
11.7150 	EXP 	Created fix = TextStim(alignHoriz='center', alignVert='center', antialias=True, autoLog=True, bold=False, color='white', colorSpace='named', contrast=1.0, depth=0.0, flipHoriz=False, flipVert=False, font='Arial', fontFiles=[], height=0.3, italic=False, name='fix', opacity=1.0, ori=0, pos=array([ 0.,  0.]), rgb=array([ 255.,  255.,  255.]), text=u'default text', units=u'norm', win=Window(...), wrapWidth=1)
11.7168 	EXP 	window1: blendMode = 'avg'
11.7321 	EXP 	InstrText: autoDraw = True
11.7342 	EXP 	window1: blendMode = 'avg'
11.7506 	EXP 	window1: blendMode = 'avg'
11.7665 	EXP 	window1: blendMode = 'avg'
11.7841 	EXP 	window1: blendMode = 'avg'
11.8004 	EXP 	window1: blendMode = 'avg'
11.8173 	EXP 	window1: blendMode = 'avg'
11.8341 	EXP 	window1: blendMode = 'avg'
11.8488 	EXP 	window1: blendMode = 'avg'
11.8540 	EXP 	window1: blendMode = 'avg'
11.8745 	EXP 	window1: blendMode = 'avg'
11.8918 	EXP 	window1: blendMode = 'avg'
11.9076 	EXP 	window1: blendMode = 'avg'
11.9243 	EXP 	window1: blendMode = 'avg'
11.9409 	EXP 	window1: blendMode = 'avg'
11.9575 	EXP 	window1: blendMode = 'avg'
11.9741 	EXP 	window1: blendMode = 'avg'
11.9911 	EXP 	window1: blendMode = 'avg'
12.0075 	EXP 	window1: blendMode = 'avg'
12.0241 	EXP 	window1: blendMode = 'avg'
12.0414 	EXP 	window1: blendMode = 'avg'
12.0578 	EXP 	window1: blendMode = 'avg'
12.0744 	EXP 	window1: blendMode = 'avg'
12.0909 	EXP 	window1: blendMode = 'avg'
12.1075 	EXP 	window1: blendMode = 'avg'
12.1240 	EXP 	window1: blendMode = 'avg'
12.1404 	EXP 	window1: blendMode = 'avg'
12.1576 	EXP 	window1: blendMode = 'avg'
12.1752 	EXP 	window1: blendMode = 'avg'
12.1904 	EXP 	window1: blendMode = 'avg'
12.2080 	EXP 	window1: blendMode = 'avg'
12.2243 	EXP 	window1: blendMode = 'avg'
12.2410 	EXP 	window1: blendMode = 'avg'
12.2578 	EXP 	window1: blendMode = 'avg'
12.2743 	EXP 	window1: blendMode = 'avg'
12.2908 	EXP 	window1: blendMode = 'avg'
12.3079 	EXP 	window1: blendMode = 'avg'
12.3243 	EXP 	window1: blendMode = 'avg'
12.3410 	EXP 	window1: blendMode = 'avg'
12.3578 	EXP 	window1: blendMode = 'avg'
12.3745 	EXP 	window1: blendMode = 'avg'
12.3913 	EXP 	window1: blendMode = 'avg'
12.4078 	EXP 	window1: blendMode = 'avg'
12.4245 	EXP 	window1: blendMode = 'avg'
12.4410 	EXP 	window1: blendMode = 'avg'
12.4578 	EXP 	window1: blendMode = 'avg'
12.4754 	EXP 	window1: blendMode = 'avg'
12.4906 	EXP 	window1: blendMode = 'avg'
12.5075 	EXP 	window1: blendMode = 'avg'
12.5240 	EXP 	window1: blendMode = 'avg'
12.5414 	EXP 	window1: blendMode = 'avg'
12.5580 	EXP 	window1: blendMode = 'avg'
12.5744 	EXP 	window1: blendMode = 'avg'
12.5910 	EXP 	window1: blendMode = 'avg'
12.6078 	EXP 	window1: blendMode = 'avg'
12.6244 	EXP 	window1: blendMode = 'avg'
12.6410 	EXP 	window1: blendMode = 'avg'
12.6581 	EXP 	window1: blendMode = 'avg'
12.6753 	EXP 	window1: blendMode = 'avg'
12.6911 	EXP 	window1: blendMode = 'avg'
12.7077 	EXP 	window1: blendMode = 'avg'
12.7245 	EXP 	window1: blendMode = 'avg'
12.7409 	EXP 	window1: blendMode = 'avg'
12.7575 	EXP 	window1: blendMode = 'avg'
12.7741 	EXP 	window1: blendMode = 'avg'
12.7910 	EXP 	window1: blendMode = 'avg'
12.8075 	EXP 	window1: blendMode = 'avg'
12.8245 	EXP 	window1: blendMode = 'avg'
12.8413 	EXP 	window1: blendMode = 'avg'
12.8578 	EXP 	window1: blendMode = 'avg'
12.8745 	EXP 	window1: blendMode = 'avg'
12.8911 	EXP 	window1: blendMode = 'avg'
12.9075 	EXP 	window1: blendMode = 'avg'
12.9248 	EXP 	window1: blendMode = 'avg'
12.9405 	EXP 	window1: blendMode = 'avg'
12.9580 	EXP 	window1: blendMode = 'avg'
12.9747 	EXP 	window1: blendMode = 'avg'
12.9915 	EXP 	window1: blendMode = 'avg'
13.0081 	EXP 	window1: blendMode = 'avg'
13.0245 	EXP 	window1: blendMode = 'avg'
13.0416 	EXP 	window1: blendMode = 'avg'
13.0580 	EXP 	window1: blendMode = 'avg'
13.0745 	EXP 	window1: blendMode = 'avg'
13.0908 	EXP 	window1: blendMode = 'avg'
13.1074 	EXP 	window1: blendMode = 'avg'
13.1239 	EXP 	window1: blendMode = 'avg'
13.1413 	EXP 	window1: blendMode = 'avg'
13.1578 	EXP 	window1: blendMode = 'avg'
13.1753 	EXP 	window1: blendMode = 'avg'
13.1906 	EXP 	window1: blendMode = 'avg'
13.2078 	EXP 	window1: blendMode = 'avg'
13.2245 	EXP 	window1: blendMode = 'avg'
13.2411 	EXP 	window1: blendMode = 'avg'
13.2576 	EXP 	window1: blendMode = 'avg'
13.2736 	EXP 	window1: blendMode = 'avg'
13.2910 	EXP 	window1: blendMode = 'avg'
13.3077 	EXP 	window1: blendMode = 'avg'
13.3245 	EXP 	window1: blendMode = 'avg'
13.3414 	EXP 	window1: blendMode = 'avg'
13.3578 	EXP 	window1: blendMode = 'avg'
13.3737 	EXP 	window1: blendMode = 'avg'
13.3910 	EXP 	window1: blendMode = 'avg'
13.4079 	EXP 	window1: blendMode = 'avg'
13.4246 	EXP 	window1: blendMode = 'avg'
13.4412 	EXP 	window1: blendMode = 'avg'
13.4579 	EXP 	window1: blendMode = 'avg'
13.4745 	EXP 	window1: blendMode = 'avg'
13.4925 	EXP 	window1: blendMode = 'avg'
13.5078 	EXP 	window1: blendMode = 'avg'
13.5247 	EXP 	window1: blendMode = 'avg'
13.5411 	EXP 	window1: blendMode = 'avg'
13.5576 	EXP 	window1: blendMode = 'avg'
13.5747 	EXP 	window1: blendMode = 'avg'
13.5913 	EXP 	window1: blendMode = 'avg'
13.6093 	EXP 	window1: blendMode = 'avg'
13.6243 	EXP 	window1: blendMode = 'avg'
13.6385 	EXP 	window1: blendMode = 'avg'
13.6601 	EXP 	window1: blendMode = 'avg'
13.6746 	EXP 	window1: blendMode = 'avg'
13.6910 	EXP 	window1: blendMode = 'avg'
13.7074 	EXP 	window1: blendMode = 'avg'
13.7240 	EXP 	window1: blendMode = 'avg'
13.7415 	EXP 	window1: blendMode = 'avg'
13.7586 	EXP 	window1: blendMode = 'avg'
13.7739 	EXP 	window1: blendMode = 'avg'
13.7909 	EXP 	window1: blendMode = 'avg'
13.8075 	EXP 	window1: blendMode = 'avg'
13.8238 	EXP 	window1: blendMode = 'avg'
13.8415 	EXP 	window1: blendMode = 'avg'
13.8575 	EXP 	window1: blendMode = 'avg'
13.8747 	EXP 	window1: blendMode = 'avg'
13.8908 	EXP 	window1: blendMode = 'avg'
13.9081 	EXP 	window1: blendMode = 'avg'
13.9246 	EXP 	window1: blendMode = 'avg'
13.9409 	EXP 	window1: blendMode = 'avg'
13.9575 	EXP 	window1: blendMode = 'avg'
13.9746 	EXP 	window1: blendMode = 'avg'
13.9911 	EXP 	window1: blendMode = 'avg'
14.0080 	EXP 	window1: blendMode = 'avg'
14.0246 	EXP 	window1: blendMode = 'avg'
14.0413 	EXP 	window1: blendMode = 'avg'
14.0578 	EXP 	window1: blendMode = 'avg'
14.0745 	EXP 	window1: blendMode = 'avg'
14.0911 	EXP 	window1: blendMode = 'avg'
14.1082 	EXP 	window1: blendMode = 'avg'
14.1247 	EXP 	window1: blendMode = 'avg'
14.1412 	EXP 	window1: blendMode = 'avg'
14.1580 	EXP 	window1: blendMode = 'avg'
14.1747 	EXP 	window1: blendMode = 'avg'
14.1910 	EXP 	window1: blendMode = 'avg'
14.2077 	EXP 	window1: blendMode = 'avg'
14.2248 	EXP 	window1: blendMode = 'avg'
14.2414 	EXP 	window1: blendMode = 'avg'
14.2579 	EXP 	window1: blendMode = 'avg'
14.2746 	EXP 	window1: blendMode = 'avg'
14.2911 	EXP 	window1: blendMode = 'avg'
14.3079 	EXP 	window1: blendMode = 'avg'
14.3246 	EXP 	window1: blendMode = 'avg'
14.3447 	DATA 	Keypress: 1
14.3486 	EXP 	Imported conditions/runLooperFile.xlsx as conditions, 4 conditions, 1 params
14.3488 	EXP 	Created sequence: sequential, trialTypes=4, nReps=1, seed=None
14.4177 	EXP 	New trial (rep=0, index=0): {'Run': u'Run1'}
14.4236 	EXP 	window1: blendMode = 'avg'
14.4308 	EXP 	InstrText: autoDraw = False
14.4308 	EXP 	getReadyText: text = 'Get Ready!'
14.4308 	EXP 	getReadyText: autoDraw = True
14.4314 	EXP 	window1: blendMode = 'avg'
14.4375 	EXP 	window1: blendMode = 'avg'
14.4579 	EXP 	window1: blendMode = 'avg'
14.4742 	EXP 	window1: blendMode = 'avg'
14.4915 	EXP 	window1: blendMode = 'avg'
14.5075 	EXP 	window1: blendMode = 'avg'
14.5246 	EXP 	window1: blendMode = 'avg'
14.5412 	EXP 	window1: blendMode = 'avg'
14.5580 	EXP 	window1: blendMode = 'avg'
14.5750 	EXP 	window1: blendMode = 'avg'
14.5919 	EXP 	window1: blendMode = 'avg'
14.6073 	EXP 	window1: blendMode = 'avg'
14.6247 	EXP 	window1: blendMode = 'avg'
14.6408 	EXP 	window1: blendMode = 'avg'
14.6587 	EXP 	window1: blendMode = 'avg'
14.6751 	EXP 	window1: blendMode = 'avg'
14.6902 	EXP 	window1: blendMode = 'avg'
14.7074 	EXP 	window1: blendMode = 'avg'
14.7258 	EXP 	window1: blendMode = 'avg'
14.7413 	EXP 	window1: blendMode = 'avg'
14.7579 	EXP 	window1: blendMode = 'avg'
14.7743 	EXP 	window1: blendMode = 'avg'
14.7909 	EXP 	window1: blendMode = 'avg'
14.8074 	EXP 	window1: blendMode = 'avg'
14.8250 	EXP 	window1: blendMode = 'avg'
14.8416 	EXP 	window1: blendMode = 'avg'
14.8555 	EXP 	window1: blendMode = 'avg'
14.8719 	EXP 	window1: blendMode = 'avg'
14.8884 	EXP 	window1: blendMode = 'avg'
14.9063 	EXP 	window1: blendMode = 'avg'
14.9241 	EXP 	window1: blendMode = 'avg'
14.9416 	EXP 	window1: blendMode = 'avg'
14.9581 	EXP 	window1: blendMode = 'avg'
14.9753 	EXP 	window1: blendMode = 'avg'
14.9915 	EXP 	window1: blendMode = 'avg'
15.0081 	EXP 	window1: blendMode = 'avg'
15.0248 	EXP 	window1: blendMode = 'avg'
15.0413 	EXP 	window1: blendMode = 'avg'
15.0580 	EXP 	window1: blendMode = 'avg'
15.0747 	EXP 	window1: blendMode = 'avg'
15.0911 	EXP 	window1: blendMode = 'avg'
15.1077 	EXP 	window1: blendMode = 'avg'
15.1243 	EXP 	window1: blendMode = 'avg'
15.1418 	EXP 	window1: blendMode = 'avg'
15.1581 	EXP 	window1: blendMode = 'avg'
15.1751 	EXP 	window1: blendMode = 'avg'
15.1908 	EXP 	window1: blendMode = 'avg'
15.2082 	EXP 	window1: blendMode = 'avg'
15.2248 	EXP 	window1: blendMode = 'avg'
15.2414 	EXP 	window1: blendMode = 'avg'
15.2580 	EXP 	window1: blendMode = 'avg'
15.2746 	EXP 	window1: blendMode = 'avg'
15.2914 	EXP 	window1: blendMode = 'avg'
15.3055 	EXP 	window1: blendMode = 'avg'
15.3225 	EXP 	window1: blendMode = 'avg'
15.3384 	EXP 	window1: blendMode = 'avg'
15.3557 	EXP 	window1: blendMode = 'avg'
15.3728 	EXP 	window1: blendMode = 'avg'
15.3907 	EXP 	window1: blendMode = 'avg'
15.4076 	EXP 	window1: blendMode = 'avg'
15.4241 	EXP 	window1: blendMode = 'avg'
15.4415 	EXP 	window1: blendMode = 'avg'
15.4580 	EXP 	window1: blendMode = 'avg'
15.4749 	EXP 	window1: blendMode = 'avg'
15.4915 	EXP 	window1: blendMode = 'avg'
15.5064 	EXP 	window1: blendMode = 'avg'
15.5240 	EXP 	window1: blendMode = 'avg'
15.5415 	EXP 	window1: blendMode = 'avg'
15.5579 	EXP 	window1: blendMode = 'avg'
15.5754 	EXP 	window1: blendMode = 'avg'
15.5913 	EXP 	window1: blendMode = 'avg'
15.6076 	EXP 	window1: blendMode = 'avg'
15.6251 	EXP 	window1: blendMode = 'avg'
15.6418 	EXP 	window1: blendMode = 'avg'
15.6581 	EXP 	window1: blendMode = 'avg'
15.6764 	EXP 	window1: blendMode = 'avg'
15.6912 	EXP 	window1: blendMode = 'avg'
15.7083 	EXP 	window1: blendMode = 'avg'
15.7252 	EXP 	window1: blendMode = 'avg'
15.7405 	EXP 	window1: blendMode = 'avg'
15.7551 	EXP 	window1: blendMode = 'avg'
15.7712 	EXP 	window1: blendMode = 'avg'
15.7895 	EXP 	window1: blendMode = 'avg'
15.8071 	EXP 	window1: blendMode = 'avg'
15.8241 	EXP 	window1: blendMode = 'avg'
15.8419 	EXP 	window1: blendMode = 'avg'
15.8582 	EXP 	window1: blendMode = 'avg'
15.8747 	EXP 	window1: blendMode = 'avg'
15.8921 	EXP 	window1: blendMode = 'avg'
15.9074 	EXP 	window1: blendMode = 'avg'
15.9250 	EXP 	window1: blendMode = 'avg'
15.9415 	EXP 	window1: blendMode = 'avg'
15.9581 	EXP 	window1: blendMode = 'avg'
15.9748 	EXP 	window1: blendMode = 'avg'
15.9902 	EXP 	window1: blendMode = 'avg'
16.0094 	EXP 	window1: blendMode = 'avg'
16.0247 	EXP 	window1: blendMode = 'avg'
16.0412 	EXP 	window1: blendMode = 'avg'
16.0590 	EXP 	window1: blendMode = 'avg'
16.0744 	EXP 	window1: blendMode = 'avg'
16.0908 	EXP 	window1: blendMode = 'avg'
16.1081 	EXP 	window1: blendMode = 'avg'
16.1247 	EXP 	window1: blendMode = 'avg'
16.1414 	EXP 	window1: blendMode = 'avg'
16.1577 	EXP 	window1: blendMode = 'avg'
16.1748 	EXP 	window1: blendMode = 'avg'
16.1914 	EXP 	window1: blendMode = 'avg'
16.2081 	EXP 	window1: blendMode = 'avg'
16.2247 	EXP 	window1: blendMode = 'avg'
16.2415 	EXP 	window1: blendMode = 'avg'
16.2581 	EXP 	window1: blendMode = 'avg'
16.2749 	EXP 	window1: blendMode = 'avg'
16.2915 	EXP 	window1: blendMode = 'avg'
16.3078 	EXP 	window1: blendMode = 'avg'
16.3242 	EXP 	window1: blendMode = 'avg'
16.3412 	EXP 	window1: blendMode = 'avg'
16.3573 	EXP 	window1: blendMode = 'avg'
16.3750 	EXP 	window1: blendMode = 'avg'
16.3915 	EXP 	window1: blendMode = 'avg'
16.4082 	EXP 	window1: blendMode = 'avg'
16.4250 	EXP 	window1: blendMode = 'avg'
16.4415 	EXP 	window1: blendMode = 'avg'
16.4584 	EXP 	window1: blendMode = 'avg'
16.4749 	EXP 	window1: blendMode = 'avg'
16.4908 	EXP 	window1: blendMode = 'avg'
16.5082 	EXP 	window1: blendMode = 'avg'
16.5256 	EXP 	window1: blendMode = 'avg'
16.5409 	EXP 	window1: blendMode = 'avg'
16.5580 	EXP 	window1: blendMode = 'avg'
16.5743 	EXP 	window1: blendMode = 'avg'
16.5914 	EXP 	window1: blendMode = 'avg'
16.6080 	EXP 	window1: blendMode = 'avg'
16.6244 	EXP 	window1: blendMode = 'avg'
16.6419 	EXP 	window1: blendMode = 'avg'
16.6583 	EXP 	window1: blendMode = 'avg'
16.6751 	EXP 	window1: blendMode = 'avg'
16.6915 	EXP 	window1: blendMode = 'avg'
16.7081 	EXP 	window1: blendMode = 'avg'
16.7246 	EXP 	window1: blendMode = 'avg'
16.7409 	EXP 	window1: blendMode = 'avg'
16.7583 	EXP 	window1: blendMode = 'avg'
16.7747 	EXP 	window1: blendMode = 'avg'
16.7917 	EXP 	window1: blendMode = 'avg'
16.8083 	EXP 	window1: blendMode = 'avg'
16.8250 	EXP 	window1: blendMode = 'avg'
16.8420 	EXP 	window1: blendMode = 'avg'
16.8575 	EXP 	window1: blendMode = 'avg'
16.8752 	EXP 	window1: blendMode = 'avg'
16.8919 	EXP 	window1: blendMode = 'avg'
16.9082 	EXP 	window1: blendMode = 'avg'
16.9249 	EXP 	window1: blendMode = 'avg'
16.9417 	EXP 	window1: blendMode = 'avg'
16.9581 	EXP 	window1: blendMode = 'avg'
16.9764 	DATA 	Keypress: 1
16.9777 	EXP 	window1: blendMode = 'avg'
16.9918 	EXP 	window1: blendMode = 'avg'
17.0086 	EXP 	window1: blendMode = 'avg'
17.0252 	EXP 	window1: blendMode = 'avg'
17.0418 	EXP 	window1: blendMode = 'avg'
17.0583 	EXP 	window1: blendMode = 'avg'
17.0752 	EXP 	window1: blendMode = 'avg'
17.0918 	EXP 	window1: blendMode = 'avg'
17.1083 	EXP 	window1: blendMode = 'avg'
17.1247 	EXP 	window1: blendMode = 'avg'
17.1417 	EXP 	window1: blendMode = 'avg'
17.1581 	EXP 	window1: blendMode = 'avg'
17.1757 	EXP 	window1: blendMode = 'avg'
17.1916 	EXP 	window1: blendMode = 'avg'
17.2083 	EXP 	window1: blendMode = 'avg'
17.2249 	EXP 	window1: blendMode = 'avg'
17.2414 	EXP 	window1: blendMode = 'avg'
17.2581 	EXP 	window1: blendMode = 'avg'
17.2746 	EXP 	window1: blendMode = 'avg'
17.2918 	EXP 	window1: blendMode = 'avg'
17.3082 	EXP 	window1: blendMode = 'avg'
17.3253 	EXP 	window1: blendMode = 'avg'
17.3425 	EXP 	window1: blendMode = 'avg'
17.3580 	EXP 	window1: blendMode = 'avg'
17.3747 	EXP 	window1: blendMode = 'avg'
17.3912 	EXP 	window1: blendMode = 'avg'
17.4087 	EXP 	window1: blendMode = 'avg'
17.4254 	EXP 	window1: blendMode = 'avg'
17.4439 	EXP 	window1: blendMode = 'avg'
17.4577 	EXP 	window1: blendMode = 'avg'
17.4751 	EXP 	window1: blendMode = 'avg'
17.4926 	EXP 	window1: blendMode = 'avg'
17.5078 	EXP 	window1: blendMode = 'avg'
17.5247 	EXP 	window1: blendMode = 'avg'
17.5414 	EXP 	window1: blendMode = 'avg'
17.5586 	EXP 	window1: blendMode = 'avg'
17.5752 	EXP 	window1: blendMode = 'avg'
17.5919 	EXP 	window1: blendMode = 'avg'
17.6085 	EXP 	window1: blendMode = 'avg'
17.6252 	EXP 	window1: blendMode = 'avg'
17.6414 	EXP 	window1: blendMode = 'avg'
17.6582 	EXP 	window1: blendMode = 'avg'
17.6751 	EXP 	window1: blendMode = 'avg'
17.6923 	EXP 	window1: blendMode = 'avg'
17.7084 	EXP 	window1: blendMode = 'avg'
17.7258 	EXP 	window1: blendMode = 'avg'
17.7421 	EXP 	window1: blendMode = 'avg'
17.7574 	EXP 	window1: blendMode = 'avg'
17.7750 	EXP 	window1: blendMode = 'avg'
17.7917 	EXP 	window1: blendMode = 'avg'
17.8082 	EXP 	window1: blendMode = 'avg'
17.8257 	EXP 	window1: blendMode = 'avg'
17.8414 	EXP 	window1: blendMode = 'avg'
17.8583 	EXP 	window1: blendMode = 'avg'
17.8749 	EXP 	window1: blendMode = 'avg'
17.8915 	EXP 	window1: blendMode = 'avg'
17.9082 	EXP 	window1: blendMode = 'avg'
17.9248 	EXP 	window1: blendMode = 'avg'
17.9416 	EXP 	window1: blendMode = 'avg'
17.9592 	EXP 	window1: blendMode = 'avg'
17.9750 	EXP 	window1: blendMode = 'avg'
17.9919 	EXP 	window1: blendMode = 'avg'
18.0082 	EXP 	window1: blendMode = 'avg'
18.0251 	EXP 	window1: blendMode = 'avg'
18.0417 	EXP 	window1: blendMode = 'avg'
18.0582 	EXP 	window1: blendMode = 'avg'
18.0760 	EXP 	window1: blendMode = 'avg'
18.0926 	EXP 	window1: blendMode = 'avg'
18.1078 	EXP 	window1: blendMode = 'avg'
18.1252 	EXP 	window1: blendMode = 'avg'
18.1417 	EXP 	window1: blendMode = 'avg'
18.1584 	EXP 	window1: blendMode = 'avg'
18.1758 	EXP 	window1: blendMode = 'avg'
18.1918 	EXP 	window1: blendMode = 'avg'
18.2084 	EXP 	window1: blendMode = 'avg'
18.2253 	EXP 	window1: blendMode = 'avg'
18.2428 	EXP 	window1: blendMode = 'avg'
18.2583 	EXP 	window1: blendMode = 'avg'
18.2750 	EXP 	window1: blendMode = 'avg'
18.2917 	EXP 	window1: blendMode = 'avg'
18.3086 	EXP 	window1: blendMode = 'avg'
18.3253 	EXP 	window1: blendMode = 'avg'
18.3415 	EXP 	window1: blendMode = 'avg'
18.3577 	EXP 	window1: blendMode = 'avg'
18.3749 	EXP 	window1: blendMode = 'avg'
18.3914 	EXP 	window1: blendMode = 'avg'
18.4079 	EXP 	window1: blendMode = 'avg'
18.4273 	DATA 	Keypress: grave
18.4283 	EXP 	window1: blendMode = 'avg'
18.4417 	EXP 	window1: blendMode = 'avg'
18.4581 	EXP 	window1: blendMode = 'avg'
18.4746 	EXP 	window1: blendMode = 'avg'
18.4921 	EXP 	window1: blendMode = 'avg'
18.5092 	EXP 	window1: blendMode = 'avg'
18.5252 	EXP 	window1: blendMode = 'avg'
18.5418 	EXP 	window1: blendMode = 'avg'
18.5582 	EXP 	window1: blendMode = 'avg'
18.5753 	EXP 	window1: blendMode = 'avg'
18.5918 	EXP 	window1: blendMode = 'avg'
18.6083 	EXP 	window1: blendMode = 'avg'
18.6242 	EXP 	window1: blendMode = 'avg'
18.6420 	EXP 	window1: blendMode = 'avg'
18.6585 	EXP 	window1: blendMode = 'avg'
18.6758 	EXP 	window1: blendMode = 'avg'
18.6913 	EXP 	window1: blendMode = 'avg'
18.7089 	EXP 	window1: blendMode = 'avg'
18.7247 	EXP 	window1: blendMode = 'avg'
18.7418 	EXP 	window1: blendMode = 'avg'
18.7583 	EXP 	window1: blendMode = 'avg'
18.7750 	EXP 	window1: blendMode = 'avg'
18.7915 	EXP 	window1: blendMode = 'avg'
18.8080 	EXP 	window1: blendMode = 'avg'
18.8246 	EXP 	window1: blendMode = 'avg'
18.8417 	EXP 	window1: blendMode = 'avg'
18.8583 	EXP 	window1: blendMode = 'avg'
18.8750 	EXP 	window1: blendMode = 'avg'
18.8919 	EXP 	window1: blendMode = 'avg'
18.9075 	EXP 	window1: blendMode = 'avg'
18.9253 	EXP 	window1: blendMode = 'avg'
18.9397 	EXP 	window1: blendMode = 'avg'
18.9608 	EXP 	window1: blendMode = 'avg'
18.9748 	EXP 	window1: blendMode = 'avg'
18.9921 	EXP 	window1: blendMode = 'avg'
19.0086 	EXP 	window1: blendMode = 'avg'
19.0251 	EXP 	window1: blendMode = 'avg'
19.0417 	EXP 	window1: blendMode = 'avg'
19.0582 	EXP 	window1: blendMode = 'avg'
19.0746 	EXP 	window1: blendMode = 'avg'
19.0916 	EXP 	window1: blendMode = 'avg'
19.1082 	EXP 	window1: blendMode = 'avg'
19.1217 	EXP 	window1: blendMode = 'avg'
19.1389 	EXP 	window1: blendMode = 'avg'
19.1561 	EXP 	window1: blendMode = 'avg'
19.1725 	EXP 	window1: blendMode = 'avg'
19.1884 	EXP 	window1: blendMode = 'avg'
19.2056 	EXP 	window1: blendMode = 'avg'
19.2222 	EXP 	window1: blendMode = 'avg'
19.2394 	EXP 	window1: blendMode = 'avg'
19.2558 	EXP 	window1: blendMode = 'avg'
19.2729 	EXP 	window1: blendMode = 'avg'
19.2913 	EXP 	window1: blendMode = 'avg'
19.3090 	EXP 	window1: blendMode = 'avg'
19.3256 	EXP 	window1: blendMode = 'avg'
19.3423 	EXP 	window1: blendMode = 'avg'
19.3585 	EXP 	window1: blendMode = 'avg'
19.3752 	EXP 	window1: blendMode = 'avg'
19.3918 	EXP 	window1: blendMode = 'avg'
19.4088 	EXP 	window1: blendMode = 'avg'
19.4254 	EXP 	window1: blendMode = 'avg'
19.4422 	EXP 	window1: blendMode = 'avg'
19.4562 	EXP 	window1: blendMode = 'avg'
19.4728 	EXP 	window1: blendMode = 'avg'
19.4889 	EXP 	window1: blendMode = 'avg'
19.5053 	EXP 	window1: blendMode = 'avg'
19.5221 	EXP 	window1: blendMode = 'avg'
19.5388 	EXP 	window1: blendMode = 'avg'
19.5554 	EXP 	window1: blendMode = 'avg'
19.5721 	EXP 	window1: blendMode = 'avg'
19.5887 	EXP 	window1: blendMode = 'avg'
19.6052 	EXP 	window1: blendMode = 'avg'
19.6223 	EXP 	window1: blendMode = 'avg'
19.6390 	EXP 	window1: blendMode = 'avg'
19.6560 	EXP 	window1: blendMode = 'avg'
19.6722 	EXP 	window1: blendMode = 'avg'
19.6889 	EXP 	window1: blendMode = 'avg'
19.7056 	EXP 	window1: blendMode = 'avg'
19.7222 	EXP 	window1: blendMode = 'avg'
19.7394 	EXP 	window1: blendMode = 'avg'
19.7581 	EXP 	window1: blendMode = 'avg'
19.7742 	EXP 	window1: blendMode = 'avg'
19.7908 	EXP 	window1: blendMode = 'avg'
19.8079 	EXP 	window1: blendMode = 'avg'
19.8255 	EXP 	window1: blendMode = 'avg'
19.8417 	EXP 	window1: blendMode = 'avg'
19.8582 	EXP 	window1: blendMode = 'avg'
19.8753 	EXP 	window1: blendMode = 'avg'
19.8919 	EXP 	window1: blendMode = 'avg'
19.9086 	EXP 	window1: blendMode = 'avg'
19.9252 	EXP 	window1: blendMode = 'avg'
19.9418 	EXP 	window1: blendMode = 'avg'
19.9583 	EXP 	window1: blendMode = 'avg'
19.9749 	EXP 	window1: blendMode = 'avg'
19.9919 	EXP 	window1: blendMode = 'avg'
20.0084 	EXP 	window1: blendMode = 'avg'
20.0254 	EXP 	window1: blendMode = 'avg'
20.0420 	EXP 	window1: blendMode = 'avg'
20.0586 	EXP 	window1: blendMode = 'avg'
20.0752 	EXP 	window1: blendMode = 'avg'
20.0918 	EXP 	window1: blendMode = 'avg'
20.1092 	EXP 	window1: blendMode = 'avg'
20.1254 	EXP 	window1: blendMode = 'avg'
20.1420 	EXP 	window1: blendMode = 'avg'
20.1586 	EXP 	window1: blendMode = 'avg'
20.1758 	EXP 	window1: blendMode = 'avg'
20.1915 	EXP 	window1: blendMode = 'avg'
20.2091 	EXP 	window1: blendMode = 'avg'
20.2256 	EXP 	window1: blendMode = 'avg'
20.2420 	EXP 	window1: blendMode = 'avg'
20.2586 	EXP 	window1: blendMode = 'avg'
20.2750 	EXP 	window1: blendMode = 'avg'
20.2919 	EXP 	window1: blendMode = 'avg'
20.3090 	EXP 	window1: blendMode = 'avg'
20.3254 	EXP 	window1: blendMode = 'avg'
20.3419 	EXP 	window1: blendMode = 'avg'
20.3584 	EXP 	window1: blendMode = 'avg'
20.3756 	EXP 	window1: blendMode = 'avg'
20.3923 	EXP 	window1: blendMode = 'avg'
20.4090 	EXP 	window1: blendMode = 'avg'
20.4248 	EXP 	window1: blendMode = 'avg'
20.4419 	EXP 	window1: blendMode = 'avg'
20.4586 	EXP 	window1: blendMode = 'avg'
20.4753 	EXP 	window1: blendMode = 'avg'
20.4919 	EXP 	window1: blendMode = 'avg'
20.5086 	EXP 	window1: blendMode = 'avg'
20.5250 	EXP 	window1: blendMode = 'avg'
20.5417 	EXP 	window1: blendMode = 'avg'
20.5588 	EXP 	window1: blendMode = 'avg'
20.5753 	EXP 	window1: blendMode = 'avg'
20.5920 	EXP 	window1: blendMode = 'avg'
20.6085 	EXP 	window1: blendMode = 'avg'
20.6247 	EXP 	window1: blendMode = 'avg'
20.6423 	EXP 	window1: blendMode = 'avg'
20.6586 	EXP 	window1: blendMode = 'avg'
20.6764 	EXP 	window1: blendMode = 'avg'
20.6919 	EXP 	window1: blendMode = 'avg'
20.7084 	EXP 	window1: blendMode = 'avg'
20.7256 	EXP 	window1: blendMode = 'avg'
20.7421 	EXP 	window1: blendMode = 'avg'
20.7589 	EXP 	window1: blendMode = 'avg'
20.7754 	EXP 	window1: blendMode = 'avg'
20.7929 	DATA 	Keypress: equal
20.7942 	EXP 	window1: blendMode = 'avg'
20.8087 	EXP 	window1: blendMode = 'avg'
20.8254 	EXP 	window1: blendMode = 'avg'
20.8420 	EXP 	window1: blendMode = 'avg'
20.8582 	EXP 	window1: blendMode = 'avg'
20.8759 	EXP 	window1: blendMode = 'avg'
20.8929 	EXP 	window1: blendMode = 'avg'
20.9088 	EXP 	window1: blendMode = 'avg'
20.9262 	EXP 	window1: blendMode = 'avg'
20.9424 	EXP 	window1: blendMode = 'avg'
20.9590 	EXP 	window1: blendMode = 'avg'
20.9753 	EXP 	window1: blendMode = 'avg'
20.9921 	EXP 	window1: blendMode = 'avg'
21.0089 	EXP 	window1: blendMode = 'avg'
21.0254 	EXP 	window1: blendMode = 'avg'
21.0422 	EXP 	window1: blendMode = 'avg'
21.0588 	EXP 	window1: blendMode = 'avg'
21.0758 	EXP 	window1: blendMode = 'avg'
21.0927 	EXP 	window1: blendMode = 'avg'
21.1087 	EXP 	window1: blendMode = 'avg'
21.1255 	EXP 	window1: blendMode = 'avg'
21.1422 	EXP 	window1: blendMode = 'avg'
21.1589 	EXP 	window1: blendMode = 'avg'
21.1761 	EXP 	window1: blendMode = 'avg'
21.1921 	EXP 	window1: blendMode = 'avg'
21.2086 	EXP 	window1: blendMode = 'avg'
21.2259 	EXP 	window1: blendMode = 'avg'
21.2422 	EXP 	window1: blendMode = 'avg'
21.2591 	EXP 	window1: blendMode = 'avg'
21.2769 	EXP 	window1: blendMode = 'avg'
21.2922 	EXP 	window1: blendMode = 'avg'
21.3088 	EXP 	window1: blendMode = 'avg'
21.3253 	EXP 	window1: blendMode = 'avg'
21.3415 	EXP 	window1: blendMode = 'avg'
21.3587 	EXP 	window1: blendMode = 'avg'
21.3757 	EXP 	window1: blendMode = 'avg'
21.3922 	EXP 	window1: blendMode = 'avg'
21.4088 	EXP 	window1: blendMode = 'avg'
21.4254 	EXP 	window1: blendMode = 'avg'
21.4420 	EXP 	window1: blendMode = 'avg'
21.4583 	EXP 	window1: blendMode = 'avg'
21.4760 	EXP 	window1: blendMode = 'avg'
21.4913 	EXP 	window1: blendMode = 'avg'
21.5087 	EXP 	window1: blendMode = 'avg'
21.5257 	EXP 	window1: blendMode = 'avg'
21.5422 	EXP 	window1: blendMode = 'avg'
21.5589 	EXP 	window1: blendMode = 'avg'
21.5757 	EXP 	window1: blendMode = 'avg'
21.5924 	EXP 	window1: blendMode = 'avg'
21.6091 	EXP 	window1: blendMode = 'avg'
21.6256 	EXP 	window1: blendMode = 'avg'
21.6422 	EXP 	window1: blendMode = 'avg'
21.6590 	EXP 	window1: blendMode = 'avg'
21.6761 	EXP 	window1: blendMode = 'avg'
21.6913 	EXP 	window1: blendMode = 'avg'
21.7083 	EXP 	window1: blendMode = 'avg'
21.7255 	EXP 	window1: blendMode = 'avg'
21.7422 	EXP 	window1: blendMode = 'avg'
21.7587 	EXP 	window1: blendMode = 'avg'
21.7753 	EXP 	window1: blendMode = 'avg'
21.7919 	EXP 	window1: blendMode = 'avg'
21.8091 	EXP 	window1: blendMode = 'avg'
21.8260 	EXP 	window1: blendMode = 'avg'
21.8416 	EXP 	window1: blendMode = 'avg'
21.8588 	EXP 	window1: blendMode = 'avg'
21.8756 	EXP 	window1: blendMode = 'avg'
21.8915 	EXP 	window1: blendMode = 'avg'
21.9088 	EXP 	window1: blendMode = 'avg'
21.9265 	EXP 	window1: blendMode = 'avg'
21.9426 	EXP 	window1: blendMode = 'avg'
21.9589 	EXP 	window1: blendMode = 'avg'
21.9755 	EXP 	window1: blendMode = 'avg'
21.9924 	EXP 	window1: blendMode = 'avg'
22.0081 	EXP 	window1: blendMode = 'avg'
22.0259 	EXP 	window1: blendMode = 'avg'
22.0425 	EXP 	window1: blendMode = 'avg'
22.0591 	EXP 	window1: blendMode = 'avg'
22.0730 	EXP 	window1: blendMode = 'avg'
22.0915 	EXP 	window1: blendMode = 'avg'
22.1088 	EXP 	window1: blendMode = 'avg'
22.1254 	EXP 	window1: blendMode = 'avg'
22.1420 	EXP 	window1: blendMode = 'avg'
22.1589 	EXP 	window1: blendMode = 'avg'
22.1758 	EXP 	window1: blendMode = 'avg'
22.1920 	EXP 	window1: blendMode = 'avg'
22.2088 	EXP 	window1: blendMode = 'avg'
22.2254 	EXP 	window1: blendMode = 'avg'
22.2420 	EXP 	window1: blendMode = 'avg'
22.2585 	EXP 	window1: blendMode = 'avg'
22.2750 	EXP 	window1: blendMode = 'avg'
22.2917 	EXP 	window1: blendMode = 'avg'
22.3105 	DATA 	Keypress: a
22.3118 	EXP 	window1: blendMode = 'avg'
22.3255 	EXP 	window1: blendMode = 'avg'
22.3423 	EXP 	window1: blendMode = 'avg'
22.3589 	EXP 	window1: blendMode = 'avg'
22.3763 	EXP 	window1: blendMode = 'avg'
22.3924 	EXP 	window1: blendMode = 'avg'
22.4088 	EXP 	window1: blendMode = 'avg'
22.4258 	EXP 	window1: blendMode = 'avg'
22.4425 	EXP 	window1: blendMode = 'avg'
22.4590 	EXP 	window1: blendMode = 'avg'
22.4757 	EXP 	window1: blendMode = 'avg'
22.4922 	EXP 	window1: blendMode = 'avg'
22.5085 	EXP 	window1: blendMode = 'avg'
22.5252 	EXP 	window1: blendMode = 'avg'
22.5421 	EXP 	window1: blendMode = 'avg'
22.5587 	EXP 	window1: blendMode = 'avg'
22.5753 	EXP 	window1: blendMode = 'avg'
22.5916 	EXP 	window1: blendMode = 'avg'
22.6086 	EXP 	window1: blendMode = 'avg'
22.6247 	EXP 	window1: blendMode = 'avg'
22.6421 	EXP 	window1: blendMode = 'avg'
22.6587 	EXP 	window1: blendMode = 'avg'
22.6760 	EXP 	window1: blendMode = 'avg'
22.6910 	EXP 	window1: blendMode = 'avg'
22.7089 	EXP 	window1: blendMode = 'avg'
22.7255 	EXP 	window1: blendMode = 'avg'
22.7423 	EXP 	window1: blendMode = 'avg'
22.7588 	EXP 	window1: blendMode = 'avg'
22.7754 	EXP 	window1: blendMode = 'avg'
22.7923 	EXP 	window1: blendMode = 'avg'
22.8087 	EXP 	window1: blendMode = 'avg'
22.8250 	EXP 	window1: blendMode = 'avg'
22.8427 	EXP 	window1: blendMode = 'avg'
22.8588 	EXP 	window1: blendMode = 'avg'
22.8753 	EXP 	window1: blendMode = 'avg'
22.8924 	EXP 	window1: blendMode = 'avg'
22.9089 	EXP 	window1: blendMode = 'avg'
22.9257 	EXP 	window1: blendMode = 'avg'
22.9419 	EXP 	window1: blendMode = 'avg'
22.9588 	EXP 	window1: blendMode = 'avg'
22.9757 	EXP 	window1: blendMode = 'avg'
22.9945 	EXP 	window1: blendMode = 'avg'
23.0089 	EXP 	window1: blendMode = 'avg'
23.0257 	EXP 	window1: blendMode = 'avg'
23.0425 	EXP 	window1: blendMode = 'avg'
23.0584 	EXP 	window1: blendMode = 'avg'
23.0759 	EXP 	window1: blendMode = 'avg'
23.0923 	EXP 	window1: blendMode = 'avg'
23.1091 	EXP 	window1: blendMode = 'avg'
23.1257 	EXP 	window1: blendMode = 'avg'
23.1424 	EXP 	window1: blendMode = 'avg'
23.1589 	EXP 	window1: blendMode = 'avg'
23.1765 	EXP 	window1: blendMode = 'avg'
23.1921 	EXP 	window1: blendMode = 'avg'
23.2085 	EXP 	window1: blendMode = 'avg'
23.2259 	EXP 	window1: blendMode = 'avg'
23.2424 	EXP 	window1: blendMode = 'avg'
23.2591 	EXP 	window1: blendMode = 'avg'
23.2757 	EXP 	window1: blendMode = 'avg'
23.2923 	EXP 	window1: blendMode = 'avg'
23.3090 	EXP 	window1: blendMode = 'avg'
23.3260 	EXP 	window1: blendMode = 'avg'
23.3429 	EXP 	window1: blendMode = 'avg'
23.3592 	EXP 	window1: blendMode = 'avg'
23.3776 	DATA 	Keypress: q
23.3786 	EXP 	window1: blendMode = 'avg'
23.3915 	EXP 	window1: blendMode = 'avg'
23.4087 	EXP 	window1: blendMode = 'avg'
23.4255 	EXP 	window1: blendMode = 'avg'
23.4420 	EXP 	window1: blendMode = 'avg'
23.4585 	EXP 	window1: blendMode = 'avg'
23.4763 	EXP 	window1: blendMode = 'avg'
23.4925 	EXP 	window1: blendMode = 'avg'
23.5084 	EXP 	window1: blendMode = 'avg'
23.5261 	EXP 	window1: blendMode = 'avg'
23.5429 	EXP 	window1: blendMode = 'avg'
23.5594 	EXP 	window1: blendMode = 'avg'
23.5767 	EXP 	window1: blendMode = 'avg'
23.5919 	EXP 	window1: blendMode = 'avg'
23.6087 	EXP 	window1: blendMode = 'avg'
23.6275 	DATA 	Keypress: w
23.6287 	EXP 	window1: blendMode = 'avg'
23.6423 	EXP 	window1: blendMode = 'avg'
23.6588 	EXP 	window1: blendMode = 'avg'
23.6761 	EXP 	window1: blendMode = 'avg'
23.6923 	EXP 	window1: blendMode = 'avg'
23.7090 	EXP 	window1: blendMode = 'avg'
23.7265 	EXP 	window1: blendMode = 'avg'
23.7425 	EXP 	window1: blendMode = 'avg'
23.7589 	EXP 	window1: blendMode = 'avg'
23.7759 	EXP 	window1: blendMode = 'avg'
23.7924 	EXP 	window1: blendMode = 'avg'
23.8090 	EXP 	window1: blendMode = 'avg'
23.8257 	EXP 	window1: blendMode = 'avg'
23.8422 	EXP 	window1: blendMode = 'avg'
23.8599 	DATA 	Keypress: e
23.8612 	EXP 	window1: blendMode = 'avg'
23.8756 	EXP 	window1: blendMode = 'avg'
23.8924 	EXP 	window1: blendMode = 'avg'
23.9092 	EXP 	window1: blendMode = 'avg'
23.9257 	EXP 	window1: blendMode = 'avg'
23.9413 	EXP 	window1: blendMode = 'avg'
23.9603 	EXP 	window1: blendMode = 'avg'
23.9757 	EXP 	window1: blendMode = 'avg'
23.9924 	EXP 	window1: blendMode = 'avg'
24.0088 	EXP 	window1: blendMode = 'avg'
24.0254 	EXP 	window1: blendMode = 'avg'
24.0426 	EXP 	window1: blendMode = 'avg'
24.0589 	EXP 	window1: blendMode = 'avg'
24.0758 	EXP 	window1: blendMode = 'avg'
24.0926 	EXP 	window1: blendMode = 'avg'
24.0950 	DATA 	Keypress: r
24.1089 	EXP 	window1: blendMode = 'avg'
24.1265 	EXP 	window1: blendMode = 'avg'
24.1425 	EXP 	window1: blendMode = 'avg'
24.1591 	EXP 	window1: blendMode = 'avg'
24.1763 	EXP 	window1: blendMode = 'avg'
24.1928 	EXP 	window1: blendMode = 'avg'
24.2082 	EXP 	window1: blendMode = 'avg'
24.2254 	EXP 	window1: blendMode = 'avg'
24.2427 	EXP 	window1: blendMode = 'avg'
24.2600 	EXP 	window1: blendMode = 'avg'
24.2753 	EXP 	window1: blendMode = 'avg'
24.2927 	EXP 	window1: blendMode = 'avg'
24.3091 	EXP 	window1: blendMode = 'avg'
24.3269 	DATA 	Keypress: t
24.3282 	EXP 	window1: blendMode = 'avg'
24.3418 	EXP 	window1: blendMode = 'avg'
24.3593 	EXP 	window1: blendMode = 'avg'
24.3758 	EXP 	window1: blendMode = 'avg'
24.3927 	EXP 	window1: blendMode = 'avg'
24.4093 	EXP 	window1: blendMode = 'avg'
24.4259 	EXP 	window1: blendMode = 'avg'
24.4428 	EXP 	window1: blendMode = 'avg'
24.4599 	EXP 	window1: blendMode = 'avg'
24.4758 	EXP 	window1: blendMode = 'avg'
24.4927 	EXP 	window1: blendMode = 'avg'
24.5084 	EXP 	window1: blendMode = 'avg'
24.5261 	EXP 	window1: blendMode = 'avg'
24.5425 	EXP 	window1: blendMode = 'avg'
24.5601 	EXP 	window1: blendMode = 'avg'
24.5758 	EXP 	window1: blendMode = 'avg'
24.5927 	EXP 	window1: blendMode = 'avg'
24.6101 	DATA 	Keypress: y
24.6113 	EXP 	window1: blendMode = 'avg'
24.6250 	EXP 	window1: blendMode = 'avg'
24.6425 	EXP 	window1: blendMode = 'avg'
24.6600 	EXP 	window1: blendMode = 'avg'
24.6765 	EXP 	window1: blendMode = 'avg'
24.6923 	EXP 	window1: blendMode = 'avg'
24.7096 	EXP 	window1: blendMode = 'avg'
24.7261 	EXP 	window1: blendMode = 'avg'
24.7427 	EXP 	window1: blendMode = 'avg'
24.7616 	EXP 	window1: blendMode = 'avg'
24.7803 	EXP 	window1: blendMode = 'avg'
24.7924 	EXP 	window1: blendMode = 'avg'
24.8093 	EXP 	window1: blendMode = 'avg'
24.8260 	EXP 	window1: blendMode = 'avg'
24.8420 	EXP 	window1: blendMode = 'avg'
24.8628 	DATA 	Keypress: u
24.8638 	EXP 	window1: blendMode = 'avg'
24.8754 	EXP 	window1: blendMode = 'avg'
24.8927 	EXP 	window1: blendMode = 'avg'
24.9096 	EXP 	window1: blendMode = 'avg'
24.9262 	EXP 	window1: blendMode = 'avg'
24.9428 	EXP 	window1: blendMode = 'avg'
24.9609 	EXP 	window1: blendMode = 'avg'
24.9751 	EXP 	window1: blendMode = 'avg'
24.9927 	EXP 	window1: blendMode = 'avg'
25.0095 	EXP 	window1: blendMode = 'avg'
25.0254 	EXP 	window1: blendMode = 'avg'
25.0419 	EXP 	window1: blendMode = 'avg'
25.0602 	EXP 	window1: blendMode = 'avg'
25.0759 	EXP 	window1: blendMode = 'avg'
25.0922 	EXP 	window1: blendMode = 'avg'
25.1107 	DATA 	Keypress: i
25.1121 	EXP 	window1: blendMode = 'avg'
25.1248 	EXP 	window1: blendMode = 'avg'
25.1429 	EXP 	window1: blendMode = 'avg'
25.1607 	EXP 	window1: blendMode = 'avg'
25.1762 	EXP 	window1: blendMode = 'avg'
25.1931 	EXP 	window1: blendMode = 'avg'
25.2094 	EXP 	window1: blendMode = 'avg'
25.2261 	EXP 	window1: blendMode = 'avg'
25.2419 	EXP 	window1: blendMode = 'avg'
25.2595 	EXP 	window1: blendMode = 'avg'
25.2761 	EXP 	window1: blendMode = 'avg'
25.2926 	EXP 	window1: blendMode = 'avg'
25.3094 	EXP 	window1: blendMode = 'avg'
25.3261 	EXP 	window1: blendMode = 'avg'
25.3435 	DATA 	Keypress: o
25.3444 	EXP 	window1: blendMode = 'avg'
25.3599 	EXP 	window1: blendMode = 'avg'
25.3761 	EXP 	window1: blendMode = 'avg'
25.3927 	EXP 	window1: blendMode = 'avg'
25.4091 	EXP 	window1: blendMode = 'avg'
25.4262 	EXP 	window1: blendMode = 'avg'
25.4430 	EXP 	window1: blendMode = 'avg'
25.4602 	EXP 	window1: blendMode = 'avg'
25.4760 	EXP 	window1: blendMode = 'avg'
25.4926 	EXP 	window1: blendMode = 'avg'
25.5096 	EXP 	window1: blendMode = 'avg'
25.5264 	EXP 	window1: blendMode = 'avg'
25.5430 	EXP 	window1: blendMode = 'avg'
25.5599 	EXP 	window1: blendMode = 'avg'
25.5756 	EXP 	window1: blendMode = 'avg'
25.5937 	DATA 	Keypress: p
25.5947 	EXP 	window1: blendMode = 'avg'
25.6093 	EXP 	window1: blendMode = 'avg'
25.6260 	EXP 	window1: blendMode = 'avg'
25.6427 	EXP 	window1: blendMode = 'avg'
25.6606 	EXP 	window1: blendMode = 'avg'
25.6763 	EXP 	window1: blendMode = 'avg'
25.6909 	EXP 	window1: blendMode = 'avg'
25.7083 	EXP 	window1: blendMode = 'avg'
25.7257 	EXP 	window1: blendMode = 'avg'
25.7427 	EXP 	window1: blendMode = 'avg'
25.7590 	EXP 	window1: blendMode = 'avg'
25.7758 	EXP 	window1: blendMode = 'avg'
25.7935 	EXP 	window1: blendMode = 'avg'
25.8087 	EXP 	window1: blendMode = 'avg'
25.8272 	DATA 	Keypress: bracketleft
25.8284 	EXP 	window1: blendMode = 'avg'
25.8424 	EXP 	window1: blendMode = 'avg'
25.8597 	EXP 	window1: blendMode = 'avg'
25.8753 	EXP 	window1: blendMode = 'avg'
25.8921 	EXP 	window1: blendMode = 'avg'
25.9090 	EXP 	window1: blendMode = 'avg'
25.9257 	EXP 	window1: blendMode = 'avg'
25.9422 	EXP 	window1: blendMode = 'avg'
25.9595 	EXP 	window1: blendMode = 'avg'
25.9760 	EXP 	window1: blendMode = 'avg'
25.9928 	EXP 	window1: blendMode = 'avg'
26.0094 	EXP 	window1: blendMode = 'avg'
26.0244 	EXP 	window1: blendMode = 'avg'
26.0427 	DATA 	Keypress: bracketright
26.0437 	EXP 	window1: blendMode = 'avg'
26.0604 	EXP 	window1: blendMode = 'avg'
26.0759 	EXP 	window1: blendMode = 'avg'
26.0926 	EXP 	window1: blendMode = 'avg'
26.1093 	EXP 	window1: blendMode = 'avg'
26.1259 	EXP 	window1: blendMode = 'avg'
26.1435 	EXP 	window1: blendMode = 'avg'
26.1599 	EXP 	window1: blendMode = 'avg'
26.1768 	EXP 	window1: blendMode = 'avg'
26.1927 	EXP 	window1: blendMode = 'avg'
26.2092 	EXP 	window1: blendMode = 'avg'
26.2261 	EXP 	window1: blendMode = 'avg'
26.2432 	EXP 	window1: blendMode = 'avg'
26.2600 	EXP 	window1: blendMode = 'avg'
26.2757 	EXP 	window1: blendMode = 'avg'
26.2923 	EXP 	window1: blendMode = 'avg'
26.3111 	DATA 	Keypress: backslash
26.3124 	EXP 	window1: blendMode = 'avg'
26.3259 	EXP 	window1: blendMode = 'avg'
26.3426 	EXP 	window1: blendMode = 'avg'
26.3602 	EXP 	window1: blendMode = 'avg'
26.3761 	EXP 	window1: blendMode = 'avg'
26.3928 	EXP 	window1: blendMode = 'avg'
26.4091 	EXP 	window1: blendMode = 'avg'
26.4258 	EXP 	window1: blendMode = 'avg'
26.4424 	EXP 	window1: blendMode = 'avg'
26.4605 	EXP 	window1: blendMode = 'avg'
26.4755 	EXP 	window1: blendMode = 'avg'
26.4903 	EXP 	window1: blendMode = 'avg'
26.5093 	EXP 	window1: blendMode = 'avg'
26.5260 	EXP 	window1: blendMode = 'avg'
26.5424 	EXP 	window1: blendMode = 'avg'
26.5600 	EXP 	window1: blendMode = 'avg'
26.5759 	EXP 	window1: blendMode = 'avg'
26.5928 	EXP 	window1: blendMode = 'avg'
26.6096 	EXP 	window1: blendMode = 'avg'
26.6264 	EXP 	window1: blendMode = 'avg'
26.6431 	EXP 	window1: blendMode = 'avg'
26.6606 	EXP 	window1: blendMode = 'avg'
26.6768 	EXP 	window1: blendMode = 'avg'
26.6929 	EXP 	window1: blendMode = 'avg'
26.7094 	EXP 	window1: blendMode = 'avg'
26.7261 	EXP 	window1: blendMode = 'avg'
26.7429 	EXP 	window1: blendMode = 'avg'
26.7603 	EXP 	window1: blendMode = 'avg'
26.7756 	EXP 	window1: blendMode = 'avg'
26.7925 	EXP 	window1: blendMode = 'avg'
26.8095 	EXP 	window1: blendMode = 'avg'
26.8262 	EXP 	window1: blendMode = 'avg'
26.8427 	EXP 	window1: blendMode = 'avg'
26.8599 	EXP 	window1: blendMode = 'avg'
26.8762 	EXP 	window1: blendMode = 'avg'
26.8922 	EXP 	window1: blendMode = 'avg'
26.9097 	EXP 	window1: blendMode = 'avg'
26.9264 	EXP 	window1: blendMode = 'avg'
26.9432 	EXP 	window1: blendMode = 'avg'
26.9609 	EXP 	window1: blendMode = 'avg'
26.9760 	EXP 	window1: blendMode = 'avg'
26.9926 	EXP 	window1: blendMode = 'avg'
27.0093 	EXP 	window1: blendMode = 'avg'
27.0267 	EXP 	window1: blendMode = 'avg'
27.0431 	EXP 	window1: blendMode = 'avg'
27.0609 	EXP 	window1: blendMode = 'avg'
27.0755 	EXP 	window1: blendMode = 'avg'
27.0933 	EXP 	window1: blendMode = 'avg'
27.1086 	EXP 	window1: blendMode = 'avg'
27.1261 	EXP 	window1: blendMode = 'avg'
27.1430 	EXP 	window1: blendMode = 'avg'
27.1604 	EXP 	window1: blendMode = 'avg'
27.1769 	EXP 	window1: blendMode = 'avg'
27.1929 	EXP 	window1: blendMode = 'avg'
27.2086 	EXP 	window1: blendMode = 'avg'
27.2256 	EXP 	window1: blendMode = 'avg'
27.2427 	EXP 	window1: blendMode = 'avg'
27.2602 	EXP 	window1: blendMode = 'avg'
27.2757 	EXP 	window1: blendMode = 'avg'
27.2929 	EXP 	window1: blendMode = 'avg'
27.3092 	EXP 	window1: blendMode = 'avg'
27.3263 	EXP 	window1: blendMode = 'avg'
27.3428 	EXP 	window1: blendMode = 'avg'
27.3604 	EXP 	window1: blendMode = 'avg'
27.3762 	EXP 	window1: blendMode = 'avg'
27.3928 	EXP 	window1: blendMode = 'avg'
27.4096 	EXP 	window1: blendMode = 'avg'
27.4261 	EXP 	window1: blendMode = 'avg'
27.4427 	EXP 	window1: blendMode = 'avg'
27.4602 	EXP 	window1: blendMode = 'avg'
27.4755 	EXP 	window1: blendMode = 'avg'
27.4931 	EXP 	window1: blendMode = 'avg'
27.5094 	EXP 	window1: blendMode = 'avg'
27.5261 	EXP 	window1: blendMode = 'avg'
27.5455 	DATA 	Keypress: capslock
27.5491 	EXP 	window1: blendMode = 'avg'
27.5567 	EXP 	window1: blendMode = 'avg'
27.5757 	EXP 	window1: blendMode = 'avg'
27.5931 	EXP 	window1: blendMode = 'avg'
27.6091 	EXP 	window1: blendMode = 'avg'
27.6263 	EXP 	window1: blendMode = 'avg'
27.6428 	EXP 	window1: blendMode = 'avg'
27.6602 	EXP 	window1: blendMode = 'avg'
27.6762 	EXP 	window1: blendMode = 'avg'
27.6928 	EXP 	window1: blendMode = 'avg'
27.7090 	EXP 	window1: blendMode = 'avg'
27.7256 	EXP 	window1: blendMode = 'avg'
27.7447 	DATA 	Keypress: a
27.7457 	EXP 	window1: blendMode = 'avg'
27.7586 	EXP 	window1: blendMode = 'avg'
27.7773 	EXP 	window1: blendMode = 'avg'
27.7918 	EXP 	window1: blendMode = 'avg'
27.8103 	EXP 	window1: blendMode = 'avg'
27.8261 	EXP 	window1: blendMode = 'avg'
27.8427 	EXP 	window1: blendMode = 'avg'
27.8599 	EXP 	window1: blendMode = 'avg'
27.8765 	EXP 	window1: blendMode = 'avg'
27.8938 	EXP 	window1: blendMode = 'avg'
27.9094 	EXP 	window1: blendMode = 'avg'
27.9260 	EXP 	window1: blendMode = 'avg'
27.9429 	EXP 	window1: blendMode = 'avg'
27.9601 	EXP 	window1: blendMode = 'avg'
27.9759 	EXP 	window1: blendMode = 'avg'
27.9928 	EXP 	window1: blendMode = 'avg'
28.0100 	EXP 	window1: blendMode = 'avg'
28.0242 	EXP 	window1: blendMode = 'avg'
28.0429 	EXP 	window1: blendMode = 'avg'
28.0601 	EXP 	window1: blendMode = 'avg'
28.0809 	EXP 	window1: blendMode = 'avg'
28.0926 	EXP 	window1: blendMode = 'avg'
28.1097 	EXP 	window1: blendMode = 'avg'
28.1262 	EXP 	window1: blendMode = 'avg'
28.1429 	EXP 	window1: blendMode = 'avg'
28.1594 	EXP 	window1: blendMode = 'avg'
28.1802 	EXP 	window1: blendMode = 'avg'
28.1918 	EXP 	window1: blendMode = 'avg'
28.2095 	EXP 	window1: blendMode = 'avg'
28.2262 	EXP 	window1: blendMode = 'avg'
28.2430 	EXP 	window1: blendMode = 'avg'
28.2604 	EXP 	window1: blendMode = 'avg'
28.2762 	EXP 	window1: blendMode = 'avg'
28.2929 	EXP 	window1: blendMode = 'avg'
28.3094 	EXP 	window1: blendMode = 'avg'
28.3261 	EXP 	window1: blendMode = 'avg'
28.3435 	EXP 	window1: blendMode = 'avg'
28.3603 	EXP 	window1: blendMode = 'avg'
28.3780 	DATA 	Keypress: a
28.3792 	EXP 	window1: blendMode = 'avg'
28.3928 	EXP 	window1: blendMode = 'avg'
28.4090 	EXP 	window1: blendMode = 'avg'
28.4263 	EXP 	window1: blendMode = 'avg'
28.4429 	EXP 	window1: blendMode = 'avg'
28.4602 	EXP 	window1: blendMode = 'avg'
28.4761 	EXP 	window1: blendMode = 'avg'
28.4926 	EXP 	window1: blendMode = 'avg'
28.5092 	EXP 	window1: blendMode = 'avg'
28.5260 	EXP 	window1: blendMode = 'avg'
28.5429 	EXP 	window1: blendMode = 'avg'
28.5601 	EXP 	window1: blendMode = 'avg'
28.5767 	EXP 	window1: blendMode = 'avg'
28.5927 	EXP 	window1: blendMode = 'avg'
28.6097 	EXP 	window1: blendMode = 'avg'
28.6263 	EXP 	window1: blendMode = 'avg'
28.6443 	DATA 	Keypress: s
28.6454 	EXP 	window1: blendMode = 'avg'
28.6602 	EXP 	window1: blendMode = 'avg'
28.6760 	EXP 	window1: blendMode = 'avg'
28.6928 	EXP 	window1: blendMode = 'avg'
28.7096 	EXP 	window1: blendMode = 'avg'
28.7256 	EXP 	window1: blendMode = 'avg'
28.7438 	EXP 	window1: blendMode = 'avg'
28.7607 	EXP 	window1: blendMode = 'avg'
28.7765 	EXP 	window1: blendMode = 'avg'
28.7940 	EXP 	window1: blendMode = 'avg'
28.8088 	EXP 	window1: blendMode = 'avg'
28.8264 	EXP 	window1: blendMode = 'avg'
28.8431 	EXP 	window1: blendMode = 'avg'
28.8603 	EXP 	window1: blendMode = 'avg'
28.8776 	DATA 	Keypress: s
28.8789 	EXP 	window1: blendMode = 'avg'
28.8926 	EXP 	window1: blendMode = 'avg'
28.9096 	EXP 	window1: blendMode = 'avg'
28.9266 	EXP 	window1: blendMode = 'avg'
28.9430 	EXP 	window1: blendMode = 'avg'
28.9604 	EXP 	window1: blendMode = 'avg'
28.9775 	EXP 	window1: blendMode = 'avg'
28.9925 	EXP 	window1: blendMode = 'avg'
29.0096 	EXP 	window1: blendMode = 'avg'
29.0262 	EXP 	window1: blendMode = 'avg'
29.0430 	EXP 	window1: blendMode = 'avg'
29.0601 	EXP 	window1: blendMode = 'avg'
29.0765 	EXP 	window1: blendMode = 'avg'
29.0946 	DATA 	Keypress: d
29.0957 	EXP 	window1: blendMode = 'avg'
29.1094 	EXP 	window1: blendMode = 'avg'
29.1265 	EXP 	window1: blendMode = 'avg'
29.1429 	EXP 	window1: blendMode = 'avg'
29.1600 	EXP 	window1: blendMode = 'avg'
29.1768 	EXP 	window1: blendMode = 'avg'
29.1927 	EXP 	window1: blendMode = 'avg'
29.2098 	EXP 	window1: blendMode = 'avg'
29.2264 	EXP 	window1: blendMode = 'avg'
29.2430 	EXP 	window1: blendMode = 'avg'
29.2606 	EXP 	window1: blendMode = 'avg'
29.2765 	EXP 	window1: blendMode = 'avg'
29.2929 	EXP 	window1: blendMode = 'avg'
29.3097 	EXP 	window1: blendMode = 'avg'
29.3289 	DATA 	Keypress: f
29.3298 	EXP 	window1: blendMode = 'avg'
29.3420 	EXP 	window1: blendMode = 'avg'
29.3597 	EXP 	window1: blendMode = 'avg'
29.3764 	EXP 	window1: blendMode = 'avg'
29.3935 	EXP 	window1: blendMode = 'avg'
29.4098 	EXP 	window1: blendMode = 'avg'
29.4276 	DATA 	Keypress: g
29.4289 	EXP 	window1: blendMode = 'avg'
29.4429 	EXP 	window1: blendMode = 'avg'
29.4599 	EXP 	window1: blendMode = 'avg'
29.4767 	EXP 	window1: blendMode = 'avg'
29.4933 	EXP 	window1: blendMode = 'avg'
29.5096 	EXP 	window1: blendMode = 'avg'
29.5260 	EXP 	window1: blendMode = 'avg'
29.5430 	EXP 	window1: blendMode = 'avg'
29.5621 	DATA 	Keypress: h
29.5629 	EXP 	window1: blendMode = 'avg'
29.5764 	EXP 	window1: blendMode = 'avg'
29.5931 	EXP 	window1: blendMode = 'avg'
29.6102 	EXP 	window1: blendMode = 'avg'
29.6267 	EXP 	window1: blendMode = 'avg'
29.6431 	EXP 	window1: blendMode = 'avg'
29.6604 	EXP 	window1: blendMode = 'avg'
29.6761 	EXP 	window1: blendMode = 'avg'
29.6932 	EXP 	window1: blendMode = 'avg'
29.7094 	EXP 	window1: blendMode = 'avg'
29.7265 	EXP 	window1: blendMode = 'avg'
29.7440 	EXP 	window1: blendMode = 'avg'
29.7611 	DATA 	Keypress: j
29.7621 	EXP 	window1: blendMode = 'avg'
29.7763 	EXP 	window1: blendMode = 'avg'
29.7929 	EXP 	window1: blendMode = 'avg'
29.8101 	EXP 	window1: blendMode = 'avg'
29.8260 	EXP 	window1: blendMode = 'avg'
29.8419 	EXP 	window1: blendMode = 'avg'
29.8596 	EXP 	window1: blendMode = 'avg'
29.8765 	EXP 	window1: blendMode = 'avg'
29.8929 	EXP 	window1: blendMode = 'avg'
29.9096 	EXP 	window1: blendMode = 'avg'
29.9265 	EXP 	window1: blendMode = 'avg'
29.9435 	EXP 	window1: blendMode = 'avg'
29.9593 	EXP 	window1: blendMode = 'avg'
29.9776 	DATA 	Keypress: k
29.9789 	EXP 	window1: blendMode = 'avg'
29.9933 	EXP 	window1: blendMode = 'avg'
30.0096 	EXP 	window1: blendMode = 'avg'
30.0266 	EXP 	window1: blendMode = 'avg'
30.0430 	EXP 	window1: blendMode = 'avg'
30.0605 	EXP 	window1: blendMode = 'avg'
30.0765 	EXP 	window1: blendMode = 'avg'
30.0933 	EXP 	window1: blendMode = 'avg'
30.1099 	EXP 	window1: blendMode = 'avg'
30.1261 	EXP 	window1: blendMode = 'avg'
30.1426 	EXP 	window1: blendMode = 'avg'
30.1611 	EXP 	window1: blendMode = 'avg'
30.1761 	EXP 	window1: blendMode = 'avg'
30.1933 	EXP 	window1: blendMode = 'avg'
30.2092 	EXP 	window1: blendMode = 'avg'
30.2266 	EXP 	window1: blendMode = 'avg'
30.2432 	EXP 	window1: blendMode = 'avg'
30.2606 	EXP 	window1: blendMode = 'avg'
30.2759 	EXP 	window1: blendMode = 'avg'
30.2913 	EXP 	window1: blendMode = 'avg'
30.3119 	EXP 	window1: blendMode = 'avg'
30.3265 	EXP 	window1: blendMode = 'avg'
30.3429 	EXP 	window1: blendMode = 'avg'
30.3609 	EXP 	window1: blendMode = 'avg'
30.3765 	EXP 	window1: blendMode = 'avg'
30.3923 	EXP 	window1: blendMode = 'avg'
30.4096 	EXP 	window1: blendMode = 'avg'
30.4261 	EXP 	window1: blendMode = 'avg'
30.4432 	EXP 	window1: blendMode = 'avg'
30.4602 	EXP 	window1: blendMode = 'avg'
30.4627 	DATA 	Keypress: l
30.4763 	EXP 	window1: blendMode = 'avg'
30.4931 	EXP 	window1: blendMode = 'avg'
30.5091 	EXP 	window1: blendMode = 'avg'
30.5266 	EXP 	window1: blendMode = 'avg'
30.5433 	EXP 	window1: blendMode = 'avg'
30.5598 	EXP 	window1: blendMode = 'avg'
30.5765 	EXP 	window1: blendMode = 'avg'
30.5933 	EXP 	window1: blendMode = 'avg'
30.6100 	EXP 	window1: blendMode = 'avg'
30.6266 	EXP 	window1: blendMode = 'avg'
30.6431 	EXP 	window1: blendMode = 'avg'
30.6597 	EXP 	window1: blendMode = 'avg'
30.6769 	EXP 	window1: blendMode = 'avg'
30.6941 	EXP 	window1: blendMode = 'avg'
30.7102 	EXP 	window1: blendMode = 'avg'
30.7268 	EXP 	window1: blendMode = 'avg'
30.7432 	EXP 	window1: blendMode = 'avg'
30.7604 	EXP 	window1: blendMode = 'avg'
30.7767 	EXP 	window1: blendMode = 'avg'
30.7932 	EXP 	window1: blendMode = 'avg'
30.8100 	EXP 	window1: blendMode = 'avg'
30.8281 	DATA 	Keypress: semicolon
30.8291 	EXP 	window1: blendMode = 'avg'
30.8429 	EXP 	window1: blendMode = 'avg'
30.8605 	EXP 	window1: blendMode = 'avg'
30.8765 	EXP 	window1: blendMode = 'avg'
30.8930 	EXP 	window1: blendMode = 'avg'
30.9105 	EXP 	window1: blendMode = 'avg'
30.9266 	EXP 	window1: blendMode = 'avg'
30.9433 	EXP 	window1: blendMode = 'avg'
30.9602 	EXP 	window1: blendMode = 'avg'
30.9766 	EXP 	window1: blendMode = 'avg'
30.9925 	EXP 	window1: blendMode = 'avg'
31.0098 	EXP 	window1: blendMode = 'avg'
31.0267 	EXP 	window1: blendMode = 'avg'
31.0431 	EXP 	window1: blendMode = 'avg'
31.0600 	EXP 	window1: blendMode = 'avg'
31.0766 	EXP 	window1: blendMode = 'avg'
31.0932 	EXP 	window1: blendMode = 'avg'
31.1098 	EXP 	window1: blendMode = 'avg'
31.1283 	DATA 	Keypress: apostrophe
31.1292 	EXP 	window1: blendMode = 'avg'
31.1430 	EXP 	window1: blendMode = 'avg'
31.1609 	EXP 	window1: blendMode = 'avg'
31.1767 	EXP 	window1: blendMode = 'avg'
31.1936 	EXP 	window1: blendMode = 'avg'
31.2100 	EXP 	window1: blendMode = 'avg'
31.2267 	EXP 	window1: blendMode = 'avg'
31.2432 	EXP 	window1: blendMode = 'avg'
31.2594 	EXP 	window1: blendMode = 'avg'
31.2768 	EXP 	window1: blendMode = 'avg'
31.2932 	EXP 	window1: blendMode = 'avg'
31.3100 	EXP 	window1: blendMode = 'avg'
31.3267 	EXP 	window1: blendMode = 'avg'
31.3436 	EXP 	window1: blendMode = 'avg'
31.3602 	EXP 	window1: blendMode = 'avg'
31.3761 	EXP 	window1: blendMode = 'avg'
31.3941 	EXP 	window1: blendMode = 'avg'
31.4096 	EXP 	window1: blendMode = 'avg'
31.4267 	EXP 	window1: blendMode = 'avg'
31.4437 	EXP 	window1: blendMode = 'avg'
31.4601 	EXP 	window1: blendMode = 'avg'
31.4767 	EXP 	window1: blendMode = 'avg'
31.4932 	EXP 	window1: blendMode = 'avg'
31.5099 	EXP 	window1: blendMode = 'avg'
31.5267 	EXP 	window1: blendMode = 'avg'
31.5430 	EXP 	window1: blendMode = 'avg'
31.5602 	EXP 	window1: blendMode = 'avg'
31.5767 	EXP 	window1: blendMode = 'avg'
31.5941 	EXP 	window1: blendMode = 'avg'
31.6100 	EXP 	window1: blendMode = 'avg'
31.6265 	EXP 	window1: blendMode = 'avg'
31.6430 	EXP 	window1: blendMode = 'avg'
31.6607 	EXP 	window1: blendMode = 'avg'
31.6763 	EXP 	window1: blendMode = 'avg'
31.6936 	EXP 	window1: blendMode = 'avg'
31.7090 	EXP 	window1: blendMode = 'avg'
31.7266 	EXP 	window1: blendMode = 'avg'
31.7436 	EXP 	window1: blendMode = 'avg'
31.7600 	EXP 	window1: blendMode = 'avg'
31.7769 	EXP 	window1: blendMode = 'avg'
31.7945 	EXP 	window1: blendMode = 'avg'
31.8098 	EXP 	window1: blendMode = 'avg'
31.8265 	EXP 	window1: blendMode = 'avg'
31.8432 	EXP 	window1: blendMode = 'avg'
31.8607 	EXP 	window1: blendMode = 'avg'
31.8769 	EXP 	window1: blendMode = 'avg'
31.8935 	EXP 	window1: blendMode = 'avg'
31.9104 	EXP 	window1: blendMode = 'avg'
31.9267 	EXP 	window1: blendMode = 'avg'
31.9434 	EXP 	window1: blendMode = 'avg'
31.9607 	EXP 	window1: blendMode = 'avg'
31.9765 	EXP 	window1: blendMode = 'avg'
31.9931 	EXP 	window1: blendMode = 'avg'
32.0100 	EXP 	window1: blendMode = 'avg'
32.0264 	EXP 	window1: blendMode = 'avg'
32.0432 	EXP 	window1: blendMode = 'avg'
32.0604 	EXP 	window1: blendMode = 'avg'
32.0794 	EXP 	window1: blendMode = 'avg'
32.0932 	EXP 	window1: blendMode = 'avg'
32.1101 	EXP 	window1: blendMode = 'avg'
32.1267 	EXP 	window1: blendMode = 'avg'
32.1432 	EXP 	window1: blendMode = 'avg'
32.1612 	EXP 	window1: blendMode = 'avg'
32.1763 	EXP 	window1: blendMode = 'avg'
32.1925 	EXP 	window1: blendMode = 'avg'
32.2100 	EXP 	window1: blendMode = 'avg'
32.2267 	EXP 	window1: blendMode = 'avg'
32.2434 	EXP 	window1: blendMode = 'avg'
32.2611 	EXP 	window1: blendMode = 'avg'
32.2763 	EXP 	window1: blendMode = 'avg'
32.2933 	EXP 	window1: blendMode = 'avg'
32.3094 	EXP 	window1: blendMode = 'avg'
32.3271 	EXP 	window1: blendMode = 'avg'
32.3432 	EXP 	window1: blendMode = 'avg'
32.3596 	EXP 	window1: blendMode = 'avg'
32.3771 	EXP 	window1: blendMode = 'avg'
32.3947 	EXP 	window1: blendMode = 'avg'
32.4101 	EXP 	window1: blendMode = 'avg'
32.4266 	EXP 	window1: blendMode = 'avg'
32.4435 	EXP 	window1: blendMode = 'avg'
32.4609 	EXP 	window1: blendMode = 'avg'
32.4787 	DATA 	Keypress: slash
32.4797 	EXP 	window1: blendMode = 'avg'
32.4934 	EXP 	window1: blendMode = 'avg'
32.5099 	EXP 	window1: blendMode = 'avg'
32.5257 	EXP 	window1: blendMode = 'avg'
32.5429 	EXP 	window1: blendMode = 'avg'
32.5603 	EXP 	window1: blendMode = 'avg'
32.5769 	EXP 	window1: blendMode = 'avg'
32.5934 	EXP 	window1: blendMode = 'avg'
32.6115 	EXP 	window1: blendMode = 'avg'
32.6265 	EXP 	window1: blendMode = 'avg'
32.6435 	EXP 	window1: blendMode = 'avg'
32.6609 	EXP 	window1: blendMode = 'avg'
32.6771 	EXP 	window1: blendMode = 'avg'
32.6934 	EXP 	window1: blendMode = 'avg'
32.7100 	EXP 	window1: blendMode = 'avg'
32.7267 	EXP 	window1: blendMode = 'avg'
32.7434 	EXP 	window1: blendMode = 'avg'
32.7602 	EXP 	window1: blendMode = 'avg'
32.7780 	DATA 	Keypress: period
32.7793 	EXP 	window1: blendMode = 'avg'
32.7930 	EXP 	window1: blendMode = 'avg'
32.8099 	EXP 	window1: blendMode = 'avg'
32.8268 	EXP 	window1: blendMode = 'avg'
32.8426 	EXP 	window1: blendMode = 'avg'
32.8595 	EXP 	window1: blendMode = 'avg'
32.8767 	EXP 	window1: blendMode = 'avg'
32.8932 	EXP 	window1: blendMode = 'avg'
32.9092 	EXP 	window1: blendMode = 'avg'
32.9268 	EXP 	window1: blendMode = 'avg'
32.9433 	EXP 	window1: blendMode = 'avg'
32.9602 	EXP 	window1: blendMode = 'avg'
32.9773 	EXP 	window1: blendMode = 'avg'
32.9926 	EXP 	window1: blendMode = 'avg'
33.0085 	EXP 	window1: blendMode = 'avg'
33.0261 	EXP 	window1: blendMode = 'avg'
33.0446 	EXP 	window1: blendMode = 'avg'
33.0601 	EXP 	window1: blendMode = 'avg'
33.0767 	EXP 	window1: blendMode = 'avg'
33.0944 	EXP 	window1: blendMode = 'avg'
33.1099 	EXP 	window1: blendMode = 'avg'
33.1276 	EXP 	window1: blendMode = 'avg'
33.1430 	EXP 	window1: blendMode = 'avg'
33.1621 	DATA 	Keypress: comma
33.1632 	EXP 	window1: blendMode = 'avg'
33.1767 	EXP 	window1: blendMode = 'avg'
33.1934 	EXP 	window1: blendMode = 'avg'
33.2102 	EXP 	window1: blendMode = 'avg'
33.2268 	EXP 	window1: blendMode = 'avg'
33.2435 	EXP 	window1: blendMode = 'avg'
33.2613 	EXP 	window1: blendMode = 'avg'
33.2769 	EXP 	window1: blendMode = 'avg'
33.2935 	EXP 	window1: blendMode = 'avg'
33.3101 	EXP 	window1: blendMode = 'avg'
33.3268 	EXP 	window1: blendMode = 'avg'
33.3433 	EXP 	window1: blendMode = 'avg'
33.3609 	EXP 	window1: blendMode = 'avg'
33.3774 	EXP 	window1: blendMode = 'avg'
33.3937 	EXP 	window1: blendMode = 'avg'
33.4100 	EXP 	window1: blendMode = 'avg'
33.4272 	EXP 	window1: blendMode = 'avg'
33.4438 	EXP 	window1: blendMode = 'avg'
33.4615 	EXP 	window1: blendMode = 'avg'
33.4768 	EXP 	window1: blendMode = 'avg'
33.4937 	EXP 	window1: blendMode = 'avg'
33.5113 	DATA 	Keypress: m
33.5123 	EXP 	window1: blendMode = 'avg'
33.5270 	EXP 	window1: blendMode = 'avg'
33.5435 	EXP 	window1: blendMode = 'avg'
33.5610 	EXP 	window1: blendMode = 'avg'
33.5769 	EXP 	window1: blendMode = 'avg'
33.5936 	EXP 	window1: blendMode = 'avg'
33.6077 	EXP 	window1: blendMode = 'avg'
33.6267 	EXP 	window1: blendMode = 'avg'
33.6435 	EXP 	window1: blendMode = 'avg'
33.6612 	EXP 	window1: blendMode = 'avg'
33.6766 	EXP 	window1: blendMode = 'avg'
33.6937 	EXP 	window1: blendMode = 'avg'
33.7099 	EXP 	window1: blendMode = 'avg'
33.7278 	EXP 	window1: blendMode = 'avg'
33.7432 	EXP 	window1: blendMode = 'avg'
33.7613 	DATA 	Keypress: n
33.7623 	EXP 	window1: blendMode = 'avg'
33.7765 	EXP 	window1: blendMode = 'avg'
33.7930 	EXP 	window1: blendMode = 'avg'
33.8105 	EXP 	window1: blendMode = 'avg'
33.8268 	EXP 	window1: blendMode = 'avg'
33.8428 	EXP 	window1: blendMode = 'avg'
33.8598 	EXP 	window1: blendMode = 'avg'
33.8769 	EXP 	window1: blendMode = 'avg'
33.8936 	EXP 	window1: blendMode = 'avg'
33.9101 	EXP 	window1: blendMode = 'avg'
33.9267 	EXP 	window1: blendMode = 'avg'
33.9437 	EXP 	window1: blendMode = 'avg'
33.9611 	EXP 	window1: blendMode = 'avg'
33.9767 	EXP 	window1: blendMode = 'avg'
33.9933 	EXP 	window1: blendMode = 'avg'
34.0115 	EXP 	window1: blendMode = 'avg'
34.0269 	EXP 	window1: blendMode = 'avg'
34.0450 	DATA 	Keypress: b
34.0462 	EXP 	window1: blendMode = 'avg'
34.0610 	EXP 	window1: blendMode = 'avg'
34.0769 	EXP 	window1: blendMode = 'avg'
34.0957 	EXP 	window1: blendMode = 'avg'
34.1096 	EXP 	window1: blendMode = 'avg'
34.1267 	EXP 	window1: blendMode = 'avg'
34.1435 	EXP 	window1: blendMode = 'avg'
34.1606 	EXP 	window1: blendMode = 'avg'
34.1766 	EXP 	window1: blendMode = 'avg'
34.1932 	EXP 	window1: blendMode = 'avg'
34.2108 	EXP 	window1: blendMode = 'avg'
34.2270 	EXP 	window1: blendMode = 'avg'
34.2436 	EXP 	window1: blendMode = 'avg'
34.2608 	EXP 	window1: blendMode = 'avg'
34.2767 	EXP 	window1: blendMode = 'avg'
34.2936 	EXP 	window1: blendMode = 'avg'
34.3117 	EXP 	window1: blendMode = 'avg'
34.3268 	EXP 	window1: blendMode = 'avg'
34.3437 	DATA 	Keypress: v
34.3446 	EXP 	window1: blendMode = 'avg'
34.3597 	EXP 	window1: blendMode = 'avg'
34.3773 	EXP 	window1: blendMode = 'avg'
34.3938 	EXP 	window1: blendMode = 'avg'
34.4101 	EXP 	window1: blendMode = 'avg'
34.4265 	EXP 	window1: blendMode = 'avg'
34.4440 	EXP 	window1: blendMode = 'avg'
34.4616 	EXP 	window1: blendMode = 'avg'
34.4770 	EXP 	window1: blendMode = 'avg'
34.4937 	EXP 	window1: blendMode = 'avg'
34.5104 	EXP 	window1: blendMode = 'avg'
34.5268 	EXP 	window1: blendMode = 'avg'
34.5435 	EXP 	window1: blendMode = 'avg'
34.5613 	EXP 	window1: blendMode = 'avg'
34.5772 	EXP 	window1: blendMode = 'avg'
34.5950 	EXP 	window1: blendMode = 'avg'
34.6099 	EXP 	window1: blendMode = 'avg'
34.6271 	EXP 	window1: blendMode = 'avg'
34.6442 	EXP 	window1: blendMode = 'avg'
34.6601 	EXP 	window1: blendMode = 'avg'
34.6770 	EXP 	window1: blendMode = 'avg'
34.6947 	DATA 	Keypress: c
34.6960 	EXP 	window1: blendMode = 'avg'
34.7102 	EXP 	window1: blendMode = 'avg'
34.7268 	EXP 	window1: blendMode = 'avg'
34.7437 	EXP 	window1: blendMode = 'avg'
34.7604 	EXP 	window1: blendMode = 'avg'
34.7764 	EXP 	window1: blendMode = 'avg'
34.7928 	EXP 	window1: blendMode = 'avg'
34.8103 	EXP 	window1: blendMode = 'avg'
34.8288 	EXP 	window1: blendMode = 'avg'
34.8428 	EXP 	window1: blendMode = 'avg'
34.8612 	EXP 	window1: blendMode = 'avg'
34.8774 	EXP 	window1: blendMode = 'avg'
34.8942 	EXP 	window1: blendMode = 'avg'
34.9107 	EXP 	window1: blendMode = 'avg'
34.9274 	EXP 	window1: blendMode = 'avg'
34.9440 	EXP 	window1: blendMode = 'avg'
34.9614 	EXP 	window1: blendMode = 'avg'
34.9783 	DATA 	Keypress: x
34.9795 	EXP 	window1: blendMode = 'avg'
34.9933 	EXP 	window1: blendMode = 'avg'
35.0096 	EXP 	window1: blendMode = 'avg'
35.0268 	EXP 	window1: blendMode = 'avg'
35.0439 	EXP 	window1: blendMode = 'avg'
35.0603 	EXP 	window1: blendMode = 'avg'
35.0779 	EXP 	window1: blendMode = 'avg'
35.0939 	EXP 	window1: blendMode = 'avg'
35.1110 	EXP 	window1: blendMode = 'avg'
35.1275 	EXP 	window1: blendMode = 'avg'
35.1440 	EXP 	window1: blendMode = 'avg'
35.1608 	EXP 	window1: blendMode = 'avg'
35.1771 	EXP 	window1: blendMode = 'avg'
35.1932 	EXP 	window1: blendMode = 'avg'
35.2098 	EXP 	window1: blendMode = 'avg'
35.2271 	EXP 	window1: blendMode = 'avg'
35.2459 	DATA 	Keypress: z
35.2469 	EXP 	window1: blendMode = 'avg'
35.2613 	EXP 	window1: blendMode = 'avg'
35.2774 	EXP 	window1: blendMode = 'avg'
35.2938 	EXP 	window1: blendMode = 'avg'
35.3107 	EXP 	window1: blendMode = 'avg'
35.3264 	EXP 	window1: blendMode = 'avg'
35.3442 	EXP 	window1: blendMode = 'avg'
35.3607 	EXP 	window1: blendMode = 'avg'
35.3772 	EXP 	window1: blendMode = 'avg'
35.3936 	EXP 	window1: blendMode = 'avg'
35.4105 	EXP 	window1: blendMode = 'avg'
35.4271 	EXP 	window1: blendMode = 'avg'
35.4438 	EXP 	window1: blendMode = 'avg'
35.4607 	EXP 	window1: blendMode = 'avg'
35.4774 	EXP 	window1: blendMode = 'avg'
35.4938 	EXP 	window1: blendMode = 'avg'
35.5101 	EXP 	window1: blendMode = 'avg'
35.5281 	EXP 	window1: blendMode = 'avg'
35.5440 	EXP 	window1: blendMode = 'avg'
35.5613 	EXP 	window1: blendMode = 'avg'
35.5775 	EXP 	window1: blendMode = 'avg'
35.5941 	EXP 	window1: blendMode = 'avg'
35.6104 	EXP 	window1: blendMode = 'avg'
35.6272 	EXP 	window1: blendMode = 'avg'
35.6439 	EXP 	window1: blendMode = 'avg'
35.6617 	EXP 	window1: blendMode = 'avg'
35.6770 	EXP 	window1: blendMode = 'avg'
35.6937 	EXP 	window1: blendMode = 'avg'
35.7106 	EXP 	window1: blendMode = 'avg'
35.7272 	EXP 	window1: blendMode = 'avg'
35.7438 	EXP 	window1: blendMode = 'avg'
35.7596 	EXP 	window1: blendMode = 'avg'
35.7771 	EXP 	window1: blendMode = 'avg'
35.7940 	EXP 	window1: blendMode = 'avg'
35.8105 	EXP 	window1: blendMode = 'avg'
35.8272 	EXP 	window1: blendMode = 'avg'
35.8433 	EXP 	window1: blendMode = 'avg'
35.8602 	EXP 	window1: blendMode = 'avg'
35.8775 	EXP 	window1: blendMode = 'avg'
35.8934 	EXP 	window1: blendMode = 'avg'
35.9099 	EXP 	window1: blendMode = 'avg'
35.9274 	EXP 	window1: blendMode = 'avg'
35.9439 	EXP 	window1: blendMode = 'avg'
35.9612 	EXP 	window1: blendMode = 'avg'
35.9774 	EXP 	window1: blendMode = 'avg'
35.9939 	EXP 	window1: blendMode = 'avg'
36.0104 	EXP 	window1: blendMode = 'avg'
36.0284 	EXP 	window1: blendMode = 'avg'
36.0438 	EXP 	window1: blendMode = 'avg'
36.0608 	EXP 	window1: blendMode = 'avg'
36.0776 	EXP 	window1: blendMode = 'avg'
36.0940 	EXP 	window1: blendMode = 'avg'
36.1122 	EXP 	window1: blendMode = 'avg'
36.1270 	EXP 	window1: blendMode = 'avg'
36.1434 	EXP 	window1: blendMode = 'avg'
36.1607 	EXP 	window1: blendMode = 'avg'
36.1771 	EXP 	window1: blendMode = 'avg'
36.1939 	EXP 	window1: blendMode = 'avg'
36.2103 	EXP 	window1: blendMode = 'avg'
36.2273 	EXP 	window1: blendMode = 'avg'
36.2437 	EXP 	window1: blendMode = 'avg'
36.2606 	EXP 	window1: blendMode = 'avg'
36.2773 	EXP 	window1: blendMode = 'avg'
36.2938 	EXP 	window1: blendMode = 'avg'
36.3103 	EXP 	window1: blendMode = 'avg'
36.3269 	EXP 	window1: blendMode = 'avg'
36.3432 	EXP 	window1: blendMode = 'avg'
36.3607 	EXP 	window1: blendMode = 'avg'
36.3773 	EXP 	window1: blendMode = 'avg'
36.3939 	EXP 	window1: blendMode = 'avg'
36.4106 	EXP 	window1: blendMode = 'avg'
36.4271 	EXP 	window1: blendMode = 'avg'
36.4440 	EXP 	window1: blendMode = 'avg'
36.4608 	EXP 	window1: blendMode = 'avg'
36.4777 	EXP 	window1: blendMode = 'avg'
36.4940 	EXP 	window1: blendMode = 'avg'
36.5100 	EXP 	window1: blendMode = 'avg'
36.5276 	EXP 	window1: blendMode = 'avg'
36.5441 	EXP 	window1: blendMode = 'avg'
36.5606 	EXP 	window1: blendMode = 'avg'
36.5774 	EXP 	window1: blendMode = 'avg'
36.5941 	EXP 	window1: blendMode = 'avg'
36.6106 	EXP 	window1: blendMode = 'avg'
36.6272 	EXP 	window1: blendMode = 'avg'
36.6438 	EXP 	window1: blendMode = 'avg'
36.6606 	EXP 	window1: blendMode = 'avg'
36.6769 	EXP 	window1: blendMode = 'avg'
36.6940 	EXP 	window1: blendMode = 'avg'
36.7106 	EXP 	window1: blendMode = 'avg'
36.7274 	EXP 	window1: blendMode = 'avg'
36.7432 	EXP 	window1: blendMode = 'avg'
36.7607 	EXP 	window1: blendMode = 'avg'
36.7771 	EXP 	window1: blendMode = 'avg'
36.7936 	EXP 	window1: blendMode = 'avg'
36.8102 	EXP 	window1: blendMode = 'avg'
36.8276 	EXP 	window1: blendMode = 'avg'
36.8428 	EXP 	window1: blendMode = 'avg'
36.8604 	EXP 	window1: blendMode = 'avg'
36.8775 	EXP 	window1: blendMode = 'avg'
36.8941 	EXP 	window1: blendMode = 'avg'
36.9111 	EXP 	window1: blendMode = 'avg'
36.9284 	DATA 	Keypress: escape
